{"C:\\Users\\Etudiant\\Documents\\PTUT\\cho7\\client\\src\\App.js": {"path":"C:\\Users\\Etudiant\\Documents\\PTUT\\cho7\\client\\src\\App.js","statementMap":{"0":{"start":{"line":21,"column":2},"end":{"line":21,"column":60}},"1":{"start":{"line":22,"column":2},"end":{"line":22,"column":31}},"2":{"start":{"line":25,"column":21},"end":{"line":25,"column":65}},"3":{"start":{"line":28,"column":2},"end":{"line":33,"column":4}},"4":{"start":{"line":29,"column":20},"end":{"line":31,"column":22}},"5":{"start":{"line":36,"column":2},"end":{"line":47,"column":11}},"6":{"start":{"line":51,"column":24},"end":{"line":55,"column":1}},"7":{"start":{"line":52,"column":4},"end":{"line":54,"column":5}},"8":{"start":{"line":57,"column":27},"end":{"line":59,"column":1}},"9":{"start":{"line":58,"column":4},"end":{"line":58,"column":57}}},"fnMap":{"0":{"name":"(anonymous_0)","decl":{"start":{"line":20,"column":21},"end":{"line":20,"column":22}},"loc":{"start":{"line":20,"column":33},"end":{"line":23,"column":2}},"line":20},"1":{"name":"(anonymous_1)","decl":{"start":{"line":25,"column":15},"end":{"line":25,"column":16}},"loc":{"start":{"line":25,"column":21},"end":{"line":25,"column":65}},"line":25},"2":{"name":"(anonymous_2)","decl":{"start":{"line":27,"column":16},"end":{"line":27,"column":17}},"loc":{"start":{"line":28,"column":2},"end":{"line":33,"column":4}},"line":28},"3":{"name":"(anonymous_3)","decl":{"start":{"line":29,"column":11},"end":{"line":29,"column":12}},"loc":{"start":{"line":29,"column":20},"end":{"line":31,"column":22}},"line":29},"4":{"name":"(anonymous_4)","decl":{"start":{"line":35,"column":10},"end":{"line":35,"column":11}},"loc":{"start":{"line":36,"column":2},"end":{"line":47,"column":11}},"line":36},"5":{"name":"(anonymous_5)","decl":{"start":{"line":51,"column":24},"end":{"line":51,"column":25}},"loc":{"start":{"line":51,"column":35},"end":{"line":55,"column":1}},"line":51},"6":{"name":"(anonymous_6)","decl":{"start":{"line":57,"column":27},"end":{"line":57,"column":28}},"loc":{"start":{"line":57,"column":41},"end":{"line":59,"column":1}},"line":57}},"branchMap":{"0":{"loc":{"start":{"line":25,"column":21},"end":{"line":25,"column":65}},"type":"cond-expr","locations":[{"start":{"line":25,"column":41},"end":{"line":25,"column":60}},{"start":{"line":25,"column":63},"end":{"line":25,"column":65}}],"line":25},"1":{"loc":{"start":{"line":29,"column":20},"end":{"line":31,"column":22}},"type":"cond-expr","locations":[{"start":{"line":30,"column":4},"end":{"line":30,"column":28}},{"start":{"line":31,"column":4},"end":{"line":31,"column":22}}],"line":29}},"s":{"0":0,"1":0,"2":0,"3":0,"4":0,"5":0,"6":1,"7":0,"8":1,"9":0},"f":{"0":0,"1":0,"2":0,"3":0,"4":0,"5":0,"6":0},"b":{"0":[0,0],"1":[0,0]},"_coverageSchema":"332fd63041d2c1bcb487cc26dd0d5f7d97098a6c","hash":"2892e58970e194190c930e385d02e806a50409da"}
,"C:\\Users\\Etudiant\\Documents\\PTUT\\cho7\\client\\src\\index.js": {"path":"C:\\Users\\Etudiant\\Documents\\PTUT\\cho7\\client\\src\\index.js","statementMap":{"0":{"start":{"line":1,"column":0},"end":{"line":null,"column":-1}},"1":{"start":{"line":2,"column":0},"end":{"line":null,"column":-1}},"2":{"start":{"line":3,"column":0},"end":{"line":null,"column":-1}},"3":{"start":{"line":4,"column":0},"end":{"line":null,"column":-1}},"4":{"start":{"line":5,"column":0},"end":{"line":null,"column":-1}},"5":{"start":{"line":6,"column":0},"end":{"line":null,"column":-1}},"6":{"start":{"line":7,"column":0},"end":{"line":null,"column":-1}},"7":{"start":{"line":8,"column":0},"end":{"line":null,"column":-1}},"8":{"start":{"line":9,"column":0},"end":{"line":null,"column":-1}},"9":{"start":{"line":10,"column":0},"end":{"line":null,"column":-1}},"10":{"start":{"line":12,"column":17},"end":{"line":12,"column":0}},"11":{"start":{"line":16,"column":16},"end":{"line":16,"column":0}},"12":{"start":{"line":18,"column":12},"end":{"line":18,"column":0}},"13":{"start":{"line":23,"column":0},"end":{"line":null,"column":-1}},"14":{"start":{"line":25,"column":0},"end":{"line":null,"column":-1}}},"fnMap":{},"branchMap":{"0":{"loc":{"start":{"line":20,"column":4},"end":{"line":20,"column":3}},"type":"binary-expr","locations":[{"start":{"line":20,"column":4},"end":{"line":20,"column":3}},{"start":{"line":20,"column":43},"end":{"line":18,"column":12}}]}},"s":{"0":0,"1":0,"2":0,"3":0,"4":0,"5":0,"6":0,"7":0,"8":0,"9":0,"10":0,"11":0,"12":0,"13":0,"14":0},"f":{},"b":{"0":[0,0]}}
,"C:\\Users\\Etudiant\\Documents\\PTUT\\cho7\\client\\src\\serviceWorker.js": {"path":"C:\\Users\\Etudiant\\Documents\\PTUT\\cho7\\client\\src\\serviceWorker.js","statementMap":{"0":{"start":{"line":13,"column":20},"end":{"line":13,"column":0}},"1":{"start":{"line":24,"column":2},"end":{"line":54,"column":3}},"2":{"start":{"line":26,"column":22},"end":{"line":26,"column":4}},"3":{"start":{"line":27,"column":4},"end":{"line":32,"column":5}},"4":{"start":{"line":31,"column":6},"end":{"line":null,"column":-1}},"5":{"start":{"line":34,"column":4},"end":{"line":null,"column":-1}},"6":{"start":{"line":35,"column":21},"end":{"line":35,"column":6}},"7":{"start":{"line":37,"column":6},"end":{"line":52,"column":7}},"8":{"start":{"line":39,"column":8},"end":{"line":37,"column":23}},"9":{"start":{"line":43,"column":8},"end":{"line":null,"column":-1}},"10":{"start":{"line":44,"column":10},"end":{"line":null,"column":-1}},"11":{"start":{"line":51,"column":8},"end":{"line":null,"column":-1}},"12":{"start":{"line":58,"column":2},"end":{"line":null,"column":-1}},"13":{"start":{"line":61,"column":6},"end":{"line":null,"column":-1}},"14":{"start":{"line":62,"column":33},"end":{"line":62,"column":8}},"15":{"start":{"line":63,"column":8},"end":{"line":65,"column":9}},"16":{"start":{"line":64,"column":10},"end":{"line":null,"column":-1}},"17":{"start":{"line":66,"column":8},"end":{"line":null,"column":-1}},"18":{"start":{"line":67,"column":10},"end":{"line":92,"column":11}},"19":{"start":{"line":68,"column":12},"end":{"line":91,"column":13}},"20":{"start":{"line":72,"column":14},"end":{"line":68,"column":52}},"21":{"start":{"line":78,"column":14},"end":{"line":80,"column":15}},"22":{"start":{"line":79,"column":16},"end":{"line":null,"column":-1}},"23":{"start":{"line":85,"column":14},"end":{"line":81,"column":19}},"24":{"start":{"line":88,"column":14},"end":{"line":90,"column":15}},"25":{"start":{"line":89,"column":16},"end":{"line":null,"column":-1}},"26":{"start":{"line":97,"column":6},"end":{"line":null,"column":-1}},"27":{"start":{"line":103,"column":2},"end":{"line":null,"column":-1}},"28":{"start":{"line":106,"column":26},"end":{"line":106,"column":6}},"29":{"start":{"line":107,"column":6},"end":{"line":120,"column":7}},"30":{"start":{"line":112,"column":8},"end":{"line":null,"column":-1}},"31":{"start":{"line":113,"column":10},"end":{"line":null,"column":-1}},"32":{"start":{"line":114,"column":12},"end":{"line":null,"column":-1}},"33":{"start":{"line":119,"column":8},"end":{"line":null,"column":-1}},"34":{"start":{"line":123,"column":6},"end":{"line":null,"column":-1}},"35":{"start":{"line":130,"column":2},"end":{"line":134,"column":3}},"36":{"start":{"line":131,"column":4},"end":{"line":null,"column":-1}},"37":{"start":{"line":132,"column":6},"end":{"line":null,"column":-1}}},"fnMap":{"0":{"name":"register","decl":{"start":{"line":23,"column":16},"end":{"line":23,"column":7}},"loc":{"start":{"line":23,"column":33},"end":{"line":55,"column":1}}},"1":{"name":"(anonymous_1)","decl":{"start":{"line":34,"column":36},"end":{"line":34,"column":41}},"loc":{"start":{"line":34,"column":42},"end":{"line":34,"column":4}}},"2":{"name":"(anonymous_2)","decl":{"start":{"line":43,"column":43},"end":{"line":43,"column":48}},"loc":{"start":{"line":43,"column":49},"end":{"line":43,"column":8}}},"3":{"name":"registerValidSW","decl":{"start":{"line":57,"column":9},"end":{"line":57,"column":0}},"loc":{"start":{"line":57,"column":40},"end":{"line":99,"column":1}}},"4":{"name":"(anonymous_4)","decl":{"start":{"line":60,"column":10},"end":{"line":60,"column":21}},"loc":{"start":{"line":60,"column":26},"end":{"line":58,"column":2}}},"5":{"name":"(anonymous_5)","decl":{"start":{"line":61,"column":35},"end":{"line":61,"column":40}},"loc":{"start":{"line":61,"column":41},"end":{"line":61,"column":6}}},"6":{"name":"(anonymous_6)","decl":{"start":{"line":66,"column":41},"end":{"line":66,"column":46}},"loc":{"start":{"line":66,"column":47},"end":{"line":66,"column":8}}},"7":{"name":"(anonymous_7)","decl":{"start":{"line":96,"column":11},"end":{"line":96,"column":15}},"loc":{"start":{"line":96,"column":20},"end":{"line":58,"column":2}}},"8":{"name":"checkValidServiceWorker","decl":{"start":{"line":101,"column":9},"end":{"line":101,"column":0}},"loc":{"start":{"line":101,"column":48},"end":{"line":127,"column":1}}},"9":{"name":"(anonymous_9)","decl":{"start":{"line":104,"column":10},"end":{"line":104,"column":17}},"loc":{"start":{"line":104,"column":22},"end":{"line":103,"column":2}}},"10":{"name":"(anonymous_10)","decl":{"start":{"line":112,"column":43},"end":{"line":112,"column":54}},"loc":{"start":{"line":112,"column":59},"end":{"line":112,"column":8}}},"11":{"name":"(anonymous_11)","decl":{"start":{"line":113,"column":41},"end":{"line":113,"column":46}},"loc":{"start":{"line":113,"column":47},"end":{"line":113,"column":10}}},"12":{"name":"(anonymous_12)","decl":{"start":{"line":122,"column":11},"end":{"line":122,"column":16}},"loc":{"start":{"line":122,"column":17},"end":{"line":103,"column":2}}},"13":{"name":"unregister","decl":{"start":{"line":129,"column":16},"end":{"line":129,"column":7}},"loc":{"start":{"line":129,"column":29},"end":{"line":135,"column":1}}},"14":{"name":"(anonymous_14)","decl":{"start":{"line":131,"column":39},"end":{"line":131,"column":50}},"loc":{"start":{"line":131,"column":55},"end":{"line":131,"column":4}}}},"branchMap":{"0":{"loc":{"start":{"line":14,"column":2},"end":{"line":14,"column":1}},"type":"binary-expr","locations":[{"start":{"line":14,"column":2},"end":{"line":14,"column":1}},{"start":{"line":16,"column":4},"end":{"line":14,"column":2}},{"start":{"line":18,"column":4},"end":{"line":13,"column":27}}]},"1":{"loc":{"start":{"line":24,"column":2},"end":{"line":54,"column":3}},"type":"if","locations":[{"start":{"line":24,"column":2},"end":{"line":54,"column":3}},{"start":{"line":24,"column":2},"end":{"line":54,"column":3}}]},"2":{"loc":{"start":{"line":24,"column":6},"end":{"line":24,"column":5}},"type":"binary-expr","locations":[{"start":{"line":24,"column":6},"end":{"line":24,"column":5}},{"start":{"line":24,"column":47},"end":{"line":24,"column":2}}]},"3":{"loc":{"start":{"line":27,"column":4},"end":{"line":32,"column":5}},"type":"if","locations":[{"start":{"line":27,"column":4},"end":{"line":32,"column":5}},{"start":{"line":27,"column":4},"end":{"line":32,"column":5}}]},"4":{"loc":{"start":{"line":37,"column":6},"end":{"line":52,"column":7}},"type":"if","locations":[{"start":{"line":37,"column":6},"end":{"line":52,"column":7}},{"start":{"line":37,"column":6},"end":{"line":52,"column":7}}]},"5":{"loc":{"start":{"line":63,"column":8},"end":{"line":65,"column":9}},"type":"if","locations":[{"start":{"line":63,"column":8},"end":{"line":65,"column":9}},{"start":{"line":63,"column":8},"end":{"line":65,"column":9}}]},"6":{"loc":{"start":{"line":67,"column":10},"end":{"line":92,"column":11}},"type":"if","locations":[{"start":{"line":67,"column":10},"end":{"line":92,"column":11}},{"start":{"line":67,"column":10},"end":{"line":92,"column":11}}]},"7":{"loc":{"start":{"line":68,"column":12},"end":{"line":91,"column":13}},"type":"if","locations":[{"start":{"line":68,"column":12},"end":{"line":91,"column":13}},{"start":{"line":68,"column":12},"end":{"line":91,"column":13}}]},"8":{"loc":{"start":{"line":78,"column":14},"end":{"line":80,"column":15}},"type":"if","locations":[{"start":{"line":78,"column":14},"end":{"line":80,"column":15}},{"start":{"line":78,"column":14},"end":{"line":80,"column":15}}]},"9":{"loc":{"start":{"line":78,"column":18},"end":{"line":78,"column":24}},"type":"binary-expr","locations":[{"start":{"line":78,"column":18},"end":{"line":78,"column":24}},{"start":{"line":78,"column":28},"end":{"line":78,"column":14}}]},"10":{"loc":{"start":{"line":88,"column":14},"end":{"line":90,"column":15}},"type":"if","locations":[{"start":{"line":88,"column":14},"end":{"line":90,"column":15}},{"start":{"line":88,"column":14},"end":{"line":90,"column":15}}]},"11":{"loc":{"start":{"line":88,"column":18},"end":{"line":88,"column":24}},"type":"binary-expr","locations":[{"start":{"line":88,"column":18},"end":{"line":88,"column":24}},{"start":{"line":88,"column":28},"end":{"line":88,"column":14}}]},"12":{"loc":{"start":{"line":107,"column":6},"end":{"line":120,"column":7}},"type":"if","locations":[{"start":{"line":107,"column":6},"end":{"line":120,"column":7}},{"start":{"line":107,"column":6},"end":{"line":120,"column":7}}]},"13":{"loc":{"start":{"line":108,"column":8},"end":{"line":108,"column":7}},"type":"binary-expr","locations":[{"start":{"line":108,"column":8},"end":{"line":108,"column":7}},{"start":{"line":109,"column":9},"end":{"line":109,"column":8}},{"start":{"line":109,"column":32},"end":{"line":107,"column":6}}]},"14":{"loc":{"start":{"line":130,"column":2},"end":{"line":134,"column":3}},"type":"if","locations":[{"start":{"line":130,"column":2},"end":{"line":134,"column":3}},{"start":{"line":130,"column":2},"end":{"line":134,"column":3}}]}},"s":{"0":0,"1":0,"2":0,"3":0,"4":0,"5":0,"6":0,"7":0,"8":0,"9":0,"10":0,"11":0,"12":0,"13":0,"14":0,"15":0,"16":0,"17":0,"18":0,"19":0,"20":0,"21":0,"22":0,"23":0,"24":0,"25":0,"26":0,"27":0,"28":0,"29":0,"30":0,"31":0,"32":0,"33":0,"34":0,"35":0,"36":0,"37":0},"f":{"0":0,"1":0,"2":0,"3":0,"4":0,"5":0,"6":0,"7":0,"8":0,"9":0,"10":0,"11":0,"12":0,"13":0,"14":0},"b":{"0":[0,0,0],"1":[0,0],"2":[0,0],"3":[0,0],"4":[0,0],"5":[0,0],"6":[0,0],"7":[0,0],"8":[0,0],"9":[0,0],"10":[0,0],"11":[0,0],"12":[0,0],"13":[0,0,0],"14":[0,0]}}
,"C:\\Users\\Etudiant\\Documents\\PTUT\\cho7\\client\\src\\setupTests.js": {"path":"C:\\Users\\Etudiant\\Documents\\PTUT\\cho7\\client\\src\\setupTests.js","statementMap":{"0":{"start":{"line":7,"column":0},"end":{"line":7,"column":38}}},"fnMap":{},"branchMap":{},"s":{"0":2},"f":{},"b":{},"_coverageSchema":"332fd63041d2c1bcb487cc26dd0d5f7d97098a6c","hash":"3388780ca51bc1f622f02a6e5e1261b6d52f4201"}
,"C:\\Users\\Etudiant\\Documents\\PTUT\\cho7\\client\\src\\components\\atoms\\AddButton.js": {"path":"C:\\Users\\Etudiant\\Documents\\PTUT\\cho7\\client\\src\\components\\atoms\\AddButton.js","statementMap":{"0":{"start":{"line":1,"column":0},"end":{"line":null,"column":-1}},"1":{"start":{"line":3,"column":18},"end":{"line":3,"column":0}}},"fnMap":{},"branchMap":{},"s":{"0":0,"1":0},"f":{},"b":{}}
,"C:\\Users\\Etudiant\\Documents\\PTUT\\cho7\\client\\src\\components\\atoms\\Banniere.js": {"path":"C:\\Users\\Etudiant\\Documents\\PTUT\\cho7\\client\\src\\components\\atoms\\Banniere.js","statementMap":{"0":{"start":{"line":3,"column":17},"end":{"line":5,"column":1}}},"fnMap":{},"branchMap":{},"s":{"0":1},"f":{},"b":{},"_coverageSchema":"332fd63041d2c1bcb487cc26dd0d5f7d97098a6c","hash":"58428b9208afec7210fc782060b1a0b0888abb79"}
,"C:\\Users\\Etudiant\\Documents\\PTUT\\cho7\\client\\src\\components\\atoms\\FieldConnection.js": {"path":"C:\\Users\\Etudiant\\Documents\\PTUT\\cho7\\client\\src\\components\\atoms\\FieldConnection.js","statementMap":{"0":{"start":{"line":5,"column":14},"end":{"line":7,"column":1}},"1":{"start":{"line":9,"column":23},"end":{"line":12,"column":1}},"2":{"start":{"line":14,"column":23},"end":{"line":17,"column":1}},"3":{"start":{"line":19,"column":24},"end":{"line":38,"column":1}},"4":{"start":{"line":20,"column":4},"end":{"line":37,"column":10}}},"fnMap":{"0":{"name":"(anonymous_0)","decl":{"start":{"line":19,"column":24},"end":{"line":19,"column":25}},"loc":{"start":{"line":20,"column":4},"end":{"line":37,"column":10}},"line":20}},"branchMap":{"0":{"loc":{"start":{"line":31,"column":13},"end":{"line":35,"column":13}},"type":"cond-expr","locations":[{"start":{"line":32,"column":16},"end":{"line":32,"column":45}},{"start":{"line":34,"column":16},"end":{"line":34,"column":18}}],"line":31},"1":{"loc":{"start":{"line":31,"column":13},"end":{"line":31,"column":51}},"type":"binary-expr","locations":[{"start":{"line":31,"column":13},"end":{"line":31,"column":29}},{"start":{"line":31,"column":33},"end":{"line":31,"column":51}}],"line":31}},"s":{"0":1,"1":1,"2":1,"3":1,"4":0},"f":{"0":0},"b":{"0":[0,0],"1":[0,0]},"_coverageSchema":"332fd63041d2c1bcb487cc26dd0d5f7d97098a6c","hash":"5b70e2639ebcece95fc61bee714d1bdc42b4d85a"}
,"C:\\Users\\Etudiant\\Documents\\PTUT\\cho7\\client\\src\\components\\atoms\\FieldDescription.js": {"path":"C:\\Users\\Etudiant\\Documents\\PTUT\\cho7\\client\\src\\components\\atoms\\FieldDescription.js","statementMap":{"0":{"start":{"line":1,"column":0},"end":{"line":null,"column":-1}},"1":{"start":{"line":3,"column":25},"end":{"line":3,"column":0}}},"fnMap":{},"branchMap":{},"s":{"0":0,"1":0},"f":{},"b":{}}
,"C:\\Users\\Etudiant\\Documents\\PTUT\\cho7\\client\\src\\components\\atoms\\InputBase.js": {"path":"C:\\Users\\Etudiant\\Documents\\PTUT\\cho7\\client\\src\\components\\atoms\\InputBase.js","statementMap":{"0":{"start":{"line":3,"column":18},"end":{"line":7,"column":1}}},"fnMap":{},"branchMap":{},"s":{"0":1},"f":{},"b":{},"_coverageSchema":"332fd63041d2c1bcb487cc26dd0d5f7d97098a6c","hash":"94f7fe1c9aadbea05fc400e9b5fb007486eac95f"}
,"C:\\Users\\Etudiant\\Documents\\PTUT\\cho7\\client\\src\\components\\atoms\\Label.js": {"path":"C:\\Users\\Etudiant\\Documents\\PTUT\\cho7\\client\\src\\components\\atoms\\Label.js","statementMap":{"0":{"start":{"line":3,"column":14},"end":{"line":6,"column":1}},"1":{"start":{"line":4,"column":28},"end":{"line":4,"column":49}}},"fnMap":{"0":{"name":"(anonymous_0)","decl":{"start":{"line":4,"column":19},"end":{"line":4,"column":20}},"loc":{"start":{"line":4,"column":28},"end":{"line":4,"column":49}},"line":4}},"branchMap":{"0":{"loc":{"start":{"line":4,"column":28},"end":{"line":4,"column":49}},"type":"binary-expr","locations":[{"start":{"line":4,"column":28},"end":{"line":4,"column":38}},{"start":{"line":4,"column":42},"end":{"line":4,"column":49}}],"line":4}},"s":{"0":1,"1":0},"f":{"0":0},"b":{"0":[0,0]},"_coverageSchema":"332fd63041d2c1bcb487cc26dd0d5f7d97098a6c","hash":"9c78f0fcf7d2952db799aa55deabe0ac3a3d788c"}
,"C:\\Users\\Etudiant\\Documents\\PTUT\\cho7\\client\\src\\components\\atoms\\LabelConnection.js": {"path":"C:\\Users\\Etudiant\\Documents\\PTUT\\cho7\\client\\src\\components\\atoms\\LabelConnection.js","statementMap":{"0":{"start":{"line":1,"column":0},"end":{"line":null,"column":-1}},"1":{"start":{"line":3,"column":24},"end":{"line":3,"column":0}}},"fnMap":{},"branchMap":{},"s":{"0":0,"1":0},"f":{},"b":{}}
,"C:\\Users\\Etudiant\\Documents\\PTUT\\cho7\\client\\src\\components\\atoms\\LabelDescription.js": {"path":"C:\\Users\\Etudiant\\Documents\\PTUT\\cho7\\client\\src\\components\\atoms\\LabelDescription.js","statementMap":{"0":{"start":{"line":1,"column":0},"end":{"line":null,"column":-1}},"1":{"start":{"line":3,"column":25},"end":{"line":3,"column":0}}},"fnMap":{},"branchMap":{},"s":{"0":0,"1":0},"f":{},"b":{}}
,"C:\\Users\\Etudiant\\Documents\\PTUT\\cho7\\client\\src\\components\\atoms\\Logo.jsx": {"path":"C:\\Users\\Etudiant\\Documents\\PTUT\\cho7\\client\\src\\components\\atoms\\Logo.jsx","statementMap":{"0":{"start":{"line":3,"column":13},"end":{"line":7,"column":1}}},"fnMap":{},"branchMap":{},"s":{"0":1},"f":{},"b":{},"_coverageSchema":"332fd63041d2c1bcb487cc26dd0d5f7d97098a6c","hash":"e5483a9b608089a85c96f505b0fc0d425204f44a"}
,"C:\\Users\\Etudiant\\Documents\\PTUT\\cho7\\client\\src\\components\\atoms\\SiteTitle.js": {"path":"C:\\Users\\Etudiant\\Documents\\PTUT\\cho7\\client\\src\\components\\atoms\\SiteTitle.js","statementMap":{"0":{"start":{"line":3,"column":18},"end":{"line":10,"column":1}}},"fnMap":{},"branchMap":{},"s":{"0":1},"f":{},"b":{},"_coverageSchema":"332fd63041d2c1bcb487cc26dd0d5f7d97098a6c","hash":"ecfb8fb5056034085b5d7b00038c47198c8246d8"}
,"C:\\Users\\Etudiant\\Documents\\PTUT\\cho7\\client\\src\\components\\atoms\\TextareaBase.js": {"path":"C:\\Users\\Etudiant\\Documents\\PTUT\\cho7\\client\\src\\components\\atoms\\TextareaBase.js","statementMap":{"0":{"start":{"line":3,"column":21},"end":{"line":8,"column":1}}},"fnMap":{},"branchMap":{},"s":{"0":1},"f":{},"b":{},"_coverageSchema":"332fd63041d2c1bcb487cc26dd0d5f7d97098a6c","hash":"8dc2a557528b6ecd5929d8e00e9557820c2f88c8"}
,"C:\\Users\\Etudiant\\Documents\\PTUT\\cho7\\client\\src\\components\\atoms\\Button\\Button.js": {"path":"C:\\Users\\Etudiant\\Documents\\PTUT\\cho7\\client\\src\\components\\atoms\\Button\\Button.js","statementMap":{"0":{"start":{"line":3,"column":15},"end":{"line":11,"column":1}},"1":{"start":{"line":4,"column":33},"end":{"line":4,"column":46}},"2":{"start":{"line":5,"column":23},"end":{"line":5,"column":45}},"3":{"start":{"line":10,"column":21},"end":{"line":10,"column":43}}},"fnMap":{"0":{"name":"(anonymous_0)","decl":{"start":{"line":4,"column":24},"end":{"line":4,"column":25}},"loc":{"start":{"line":4,"column":33},"end":{"line":4,"column":46}},"line":4},"1":{"name":"(anonymous_1)","decl":{"start":{"line":5,"column":14},"end":{"line":5,"column":15}},"loc":{"start":{"line":5,"column":23},"end":{"line":5,"column":45}},"line":5},"2":{"name":"(anonymous_2)","decl":{"start":{"line":10,"column":12},"end":{"line":10,"column":13}},"loc":{"start":{"line":10,"column":21},"end":{"line":10,"column":43}},"line":10}},"branchMap":{"0":{"loc":{"start":{"line":5,"column":23},"end":{"line":5,"column":45}},"type":"binary-expr","locations":[{"start":{"line":5,"column":23},"end":{"line":5,"column":35}},{"start":{"line":5,"column":39},"end":{"line":5,"column":45}}],"line":5},"1":{"loc":{"start":{"line":10,"column":21},"end":{"line":10,"column":43}},"type":"binary-expr","locations":[{"start":{"line":10,"column":21},"end":{"line":10,"column":32}},{"start":{"line":10,"column":36},"end":{"line":10,"column":43}}],"line":10}},"s":{"0":2,"1":3,"2":3,"3":3},"f":{"0":3,"1":3,"2":3},"b":{"0":[3,3],"1":[3,2]},"_coverageSchema":"332fd63041d2c1bcb487cc26dd0d5f7d97098a6c","hash":"f09e1f878c6f64661e765638542b2c52ab94f0c4"}
,"C:\\Users\\Etudiant\\Documents\\PTUT\\cho7\\client\\src\\components\\molecules\\AppMsgDisplay.jsx": {"path":"C:\\Users\\Etudiant\\Documents\\PTUT\\cho7\\client\\src\\components\\molecules\\AppMsgDisplay.jsx","statementMap":{"0":{"start":{"line":1,"column":0},"end":{"line":null,"column":-1}},"1":{"start":{"line":2,"column":0},"end":{"line":null,"column":-1}},"2":{"start":{"line":4,"column":38},"end":{"line":null,"column":-1}},"3":{"start":{"line":11,"column":8},"end":{"line":12,"column":12}},"4":{"start":{"line":12,"column":12},"end":{"line":null,"column":-1}},"5":{"start":{"line":15,"column":8},"end":{"line":4,"column":38}},"6":{"start":{"line":18,"column":39},"end":{"line":18,"column":16}},"7":{"start":{"line":27,"column":24},"end":{"line":27,"column":0}},"8":{"start":{"line":28,"column":4},"end":{"line":null,"column":-1}}},"fnMap":{"0":{"name":"(anonymous_0)","decl":{"start":{"line":4,"column":38},"end":{"line":null,"column":-1}},"loc":{"start":{"line":4,"column":38},"end":{"line":null,"column":-1}}},"1":{"name":"(anonymous_1)","decl":{"start":{"line":10,"column":25},"end":{"line":10,"column":30}},"loc":{"start":{"line":10,"column":31},"end":{"line":4,"column":38}}},"2":{"name":"(anonymous_2)","decl":{"start":{"line":14,"column":13},"end":{"line":15,"column":7}},"loc":{"start":{"line":15,"column":8},"end":{"line":4,"column":38}}},"3":{"name":"(anonymous_3)","decl":{"start":{"line":18,"column":33},"end":{"line":18,"column":38}},"loc":{"start":{"line":18,"column":39},"end":{"line":18,"column":16}}},"4":{"name":"(anonymous_4)","decl":{"start":{"line":27,"column":24},"end":{"line":27,"column":28}},"loc":{"start":{"line":27,"column":33},"end":{"line":27,"column":0}}}},"branchMap":{"0":{"loc":{"start":{"line":11,"column":8},"end":{"line":12,"column":12}},"type":"if","locations":[{"start":{"line":11,"column":8},"end":{"line":12,"column":12}},{"start":{"line":11,"column":8},"end":{"line":12,"column":12}}]},"1":{"loc":{"start":{"line":16,"column":12},"end":{"line":15,"column":8}},"type":"cond-expr","locations":[{"start":{"line":16,"column":12},"end":{"line":15,"column":8}},{"start":{"line":23,"column":12},"end":{"line":4,"column":38}}]}},"s":{"0":0,"1":0,"2":0,"3":0,"4":0,"5":0,"6":0,"7":0,"8":0},"f":{"0":0,"1":0,"2":0,"3":0,"4":0},"b":{"0":[0,0],"1":[0,0]}}
,"C:\\Users\\Etudiant\\Documents\\PTUT\\cho7\\client\\src\\components\\molecules\\AudioInput.jsx": {"path":"C:\\Users\\Etudiant\\Documents\\PTUT\\cho7\\client\\src\\components\\molecules\\AudioInput.jsx","statementMap":{"0":{"start":{"line":7,"column":8},"end":{"line":9,"column":9}},"1":{"start":{"line":8,"column":12},"end":{"line":8,"column":59}},"2":{"start":{"line":13,"column":8},"end":{"line":13,"column":37}},"3":{"start":{"line":15,"column":18},"end":{"line":15,"column":20}},"4":{"start":{"line":16,"column":8},"end":{"line":17,"column":70}},"5":{"start":{"line":16,"column":32},"end":{"line":16,"column":77}},"6":{"start":{"line":17,"column":13},"end":{"line":17,"column":70}},"7":{"start":{"line":17,"column":35},"end":{"line":17,"column":70}},"8":{"start":{"line":19,"column":8},"end":{"line":41,"column":9}}},"fnMap":{"0":{"name":"(anonymous_0)","decl":{"start":{"line":6,"column":17},"end":{"line":6,"column":18}},"loc":{"start":{"line":6,"column":24},"end":{"line":10,"column":5}},"line":6},"1":{"name":"(anonymous_1)","decl":{"start":{"line":12,"column":13},"end":{"line":12,"column":14}},"loc":{"start":{"line":12,"column":19},"end":{"line":42,"column":5}},"line":12}},"branchMap":{"0":{"loc":{"start":{"line":7,"column":8},"end":{"line":9,"column":9}},"type":"if","locations":[{"start":{"line":7,"column":8},"end":{"line":9,"column":9}},{"start":{"line":7,"column":8},"end":{"line":9,"column":9}}],"line":7},"1":{"loc":{"start":{"line":16,"column":8},"end":{"line":17,"column":70}},"type":"if","locations":[{"start":{"line":16,"column":8},"end":{"line":17,"column":70}},{"start":{"line":16,"column":8},"end":{"line":17,"column":70}}],"line":16},"2":{"loc":{"start":{"line":17,"column":13},"end":{"line":17,"column":70}},"type":"if","locations":[{"start":{"line":17,"column":13},"end":{"line":17,"column":70}},{"start":{"line":17,"column":13},"end":{"line":17,"column":70}}],"line":17},"3":{"loc":{"start":{"line":21,"column":17},"end":{"line":27,"column":17}},"type":"cond-expr","locations":[{"start":{"line":22,"column":20},"end":{"line":22,"column":22}},{"start":{"line":24,"column":20},"end":{"line":26,"column":28}}],"line":21},"4":{"loc":{"start":{"line":35,"column":17},"end":{"line":39,"column":17}},"type":"cond-expr","locations":[{"start":{"line":36,"column":20},"end":{"line":36,"column":54}},{"start":{"line":38,"column":20},"end":{"line":38,"column":22}}],"line":35},"5":{"loc":{"start":{"line":35,"column":17},"end":{"line":35,"column":65}},"type":"binary-expr","locations":[{"start":{"line":35,"column":17},"end":{"line":35,"column":38}},{"start":{"line":35,"column":42},"end":{"line":35,"column":65}}],"line":35}},"s":{"0":0,"1":0,"2":0,"3":0,"4":0,"5":0,"6":0,"7":0,"8":0},"f":{"0":0,"1":0},"b":{"0":[0,0],"1":[0,0],"2":[0,0],"3":[0,0],"4":[0,0],"5":[0,0]},"_coverageSchema":"332fd63041d2c1bcb487cc26dd0d5f7d97098a6c","hash":"912e4c36a3ad3f5903851b5b93e71453aa351a56"}
,"C:\\Users\\Etudiant\\Documents\\PTUT\\cho7\\client\\src\\components\\molecules\\Avatar.jsx": {"path":"C:\\Users\\Etudiant\\Documents\\PTUT\\cho7\\client\\src\\components\\molecules\\Avatar.jsx","statementMap":{"0":{"start":{"line":3,"column":15},"end":{"line":9,"column":1}},"1":{"start":{"line":5,"column":22},"end":{"line":5,"column":36}},"2":{"start":{"line":6,"column":23},"end":{"line":6,"column":37}}},"fnMap":{"0":{"name":"(anonymous_0)","decl":{"start":{"line":5,"column":13},"end":{"line":5,"column":14}},"loc":{"start":{"line":5,"column":22},"end":{"line":5,"column":36}},"line":5},"1":{"name":"(anonymous_1)","decl":{"start":{"line":6,"column":14},"end":{"line":6,"column":15}},"loc":{"start":{"line":6,"column":23},"end":{"line":6,"column":37}},"line":6}},"branchMap":{"0":{"loc":{"start":{"line":5,"column":22},"end":{"line":5,"column":36}},"type":"binary-expr","locations":[{"start":{"line":5,"column":22},"end":{"line":5,"column":29}},{"start":{"line":5,"column":33},"end":{"line":5,"column":36}}],"line":5},"1":{"loc":{"start":{"line":6,"column":23},"end":{"line":6,"column":37}},"type":"binary-expr","locations":[{"start":{"line":6,"column":23},"end":{"line":6,"column":30}},{"start":{"line":6,"column":34},"end":{"line":6,"column":37}}],"line":6}},"s":{"0":1,"1":0,"2":0},"f":{"0":0,"1":0},"b":{"0":[0,0],"1":[0,0]},"_coverageSchema":"332fd63041d2c1bcb487cc26dd0d5f7d97098a6c","hash":"91c93cca66ebcd7c4f8fadb0c7ff65ad6e3acd36"}
,"C:\\Users\\Etudiant\\Documents\\PTUT\\cho7\\client\\src\\components\\molecules\\AvatarInput.jsx": {"path":"C:\\Users\\Etudiant\\Documents\\PTUT\\cho7\\client\\src\\components\\molecules\\AvatarInput.jsx","statementMap":{"0":{"start":{"line":6,"column":24},"end":{"line":12,"column":1}},"1":{"start":{"line":17,"column":8},"end":{"line":19,"column":9}},"2":{"start":{"line":18,"column":12},"end":{"line":18,"column":59}},"3":{"start":{"line":23,"column":8},"end":{"line":23,"column":37}},"4":{"start":{"line":24,"column":8},"end":{"line":45,"column":9}}},"fnMap":{"0":{"name":"(anonymous_0)","decl":{"start":{"line":16,"column":17},"end":{"line":16,"column":18}},"loc":{"start":{"line":16,"column":24},"end":{"line":20,"column":5}},"line":16},"1":{"name":"(anonymous_1)","decl":{"start":{"line":22,"column":13},"end":{"line":22,"column":14}},"loc":{"start":{"line":22,"column":19},"end":{"line":46,"column":5}},"line":22}},"branchMap":{"0":{"loc":{"start":{"line":17,"column":8},"end":{"line":19,"column":9}},"type":"if","locations":[{"start":{"line":17,"column":8},"end":{"line":19,"column":9}},{"start":{"line":17,"column":8},"end":{"line":19,"column":9}}],"line":17},"1":{"loc":{"start":{"line":28,"column":24},"end":{"line":30,"column":60}},"type":"cond-expr","locations":[{"start":{"line":29,"column":30},"end":{"line":29,"column":69}},{"start":{"line":30,"column":30},"end":{"line":30,"column":60}}],"line":28},"2":{"loc":{"start":{"line":39,"column":17},"end":{"line":43,"column":17}},"type":"cond-expr","locations":[{"start":{"line":40,"column":20},"end":{"line":40,"column":54}},{"start":{"line":42,"column":20},"end":{"line":42,"column":22}}],"line":39},"3":{"loc":{"start":{"line":39,"column":17},"end":{"line":39,"column":65}},"type":"binary-expr","locations":[{"start":{"line":39,"column":17},"end":{"line":39,"column":38}},{"start":{"line":39,"column":42},"end":{"line":39,"column":65}}],"line":39}},"s":{"0":1,"1":0,"2":0,"3":0,"4":0},"f":{"0":0,"1":0},"b":{"0":[0,0],"1":[0,0],"2":[0,0],"3":[0,0]},"_coverageSchema":"332fd63041d2c1bcb487cc26dd0d5f7d97098a6c","hash":"20afd3410478e9960c88bcd6dd4b5c80c5f0c796"}
,"C:\\Users\\Etudiant\\Documents\\PTUT\\cho7\\client\\src\\components\\molecules\\BarreMenu.jsx": {"path":"C:\\Users\\Etudiant\\Documents\\PTUT\\cho7\\client\\src\\components\\molecules\\BarreMenu.jsx","statementMap":{"0":{"start":{"line":8,"column":24},"end":{"line":15,"column":1}},"1":{"start":{"line":17,"column":21},"end":{"line":22,"column":1}},"2":{"start":{"line":30,"column":8},"end":{"line":50,"column":9}},"3":{"start":{"line":31,"column":12},"end":{"line":36,"column":13}},"4":{"start":{"line":38,"column":12},"end":{"line":43,"column":13}},"5":{"start":{"line":44,"column":12},"end":{"line":49,"column":13}},"6":{"start":{"line":52,"column":8},"end":{"line":58,"column":9}},"7":{"start":{"line":53,"column":12},"end":{"line":57,"column":13}},"8":{"start":{"line":60,"column":8},"end":{"line":74,"column":9}},"9":{"start":{"line":78,"column":24},"end":{"line":82,"column":1}},"10":{"start":{"line":79,"column":4},"end":{"line":81,"column":5}}},"fnMap":{"0":{"name":"(anonymous_0)","decl":{"start":{"line":25,"column":4},"end":{"line":25,"column":5}},"loc":{"start":{"line":25,"column":13},"end":{"line":75,"column":5}},"line":25},"1":{"name":"(anonymous_1)","decl":{"start":{"line":78,"column":24},"end":{"line":78,"column":25}},"loc":{"start":{"line":78,"column":33},"end":{"line":82,"column":1}},"line":78}},"branchMap":{"0":{"loc":{"start":{"line":30,"column":8},"end":{"line":50,"column":9}},"type":"if","locations":[{"start":{"line":30,"column":8},"end":{"line":50,"column":9}},{"start":{"line":30,"column":8},"end":{"line":50,"column":9}}],"line":30},"1":{"loc":{"start":{"line":52,"column":8},"end":{"line":58,"column":9}},"type":"if","locations":[{"start":{"line":52,"column":8},"end":{"line":58,"column":9}},{"start":{"line":52,"column":8},"end":{"line":58,"column":9}}],"line":52}},"s":{"0":1,"1":1,"2":0,"3":0,"4":0,"5":0,"6":0,"7":0,"8":0,"9":1,"10":0},"f":{"0":0,"1":0},"b":{"0":[0,0],"1":[0,0]},"_coverageSchema":"332fd63041d2c1bcb487cc26dd0d5f7d97098a6c","hash":"37c7c72fdb523e10a5990f990ca5b65e72554b7b"}
,"C:\\Users\\Etudiant\\Documents\\PTUT\\cho7\\client\\src\\components\\molecules\\Creation.jsx": {"path":"C:\\Users\\Etudiant\\Documents\\PTUT\\cho7\\client\\src\\components\\molecules\\Creation.jsx","statementMap":{"0":{"start":{"line":10,"column":16},"end":{"line":17,"column":1}},"1":{"start":{"line":19,"column":16},"end":{"line":22,"column":1}},"2":{"start":{"line":30,"column":8},"end":{"line":30,"column":58}},"3":{"start":{"line":34,"column":8},"end":{"line":36,"column":63}},"4":{"start":{"line":35,"column":12},"end":{"line":35,"column":68}},"5":{"start":{"line":36,"column":13},"end":{"line":36,"column":63}},"6":{"start":{"line":37,"column":8},"end":{"line":37,"column":63}},"7":{"start":{"line":40,"column":21},"end":{"line":40,"column":52}},"8":{"start":{"line":42,"column":8},"end":{"line":76,"column":9}},"9":{"start":{"line":43,"column":12},"end":{"line":63,"column":13}},"10":{"start":{"line":65,"column":12},"end":{"line":75,"column":13}},"11":{"start":{"line":80,"column":27},"end":{"line":82,"column":1}},"12":{"start":{"line":81,"column":4},"end":{"line":81,"column":54}}},"fnMap":{"0":{"name":"(anonymous_0)","decl":{"start":{"line":29,"column":4},"end":{"line":29,"column":5}},"loc":{"start":{"line":29,"column":30},"end":{"line":31,"column":5}},"line":29},"1":{"name":"(anonymous_1)","decl":{"start":{"line":33,"column":13},"end":{"line":33,"column":14}},"loc":{"start":{"line":33,"column":25},"end":{"line":38,"column":5}},"line":33},"2":{"name":"(anonymous_2)","decl":{"start":{"line":39,"column":4},"end":{"line":39,"column":5}},"loc":{"start":{"line":39,"column":13},"end":{"line":77,"column":5}},"line":39},"3":{"name":"(anonymous_3)","decl":{"start":{"line":80,"column":27},"end":{"line":80,"column":28}},"loc":{"start":{"line":80,"column":39},"end":{"line":82,"column":1}},"line":80}},"branchMap":{"0":{"loc":{"start":{"line":34,"column":8},"end":{"line":36,"column":63}},"type":"if","locations":[{"start":{"line":34,"column":8},"end":{"line":36,"column":63}},{"start":{"line":34,"column":8},"end":{"line":36,"column":63}}],"line":34},"1":{"loc":{"start":{"line":42,"column":8},"end":{"line":76,"column":9}},"type":"if","locations":[{"start":{"line":42,"column":8},"end":{"line":76,"column":9}},{"start":{"line":42,"column":8},"end":{"line":76,"column":9}}],"line":42}},"s":{"0":1,"1":1,"2":0,"3":0,"4":0,"5":0,"6":0,"7":0,"8":0,"9":0,"10":0,"11":1,"12":0},"f":{"0":0,"1":0,"2":0,"3":0},"b":{"0":[0,0],"1":[0,0]},"_coverageSchema":"332fd63041d2c1bcb487cc26dd0d5f7d97098a6c","hash":"778b340cba2cdfa9761ffba6e8fd2664699e0b6d"}
,"C:\\Users\\Etudiant\\Documents\\PTUT\\cho7\\client\\src\\components\\molecules\\EtatsAvancementInput.jsx": {"path":"C:\\Users\\Etudiant\\Documents\\PTUT\\cho7\\client\\src\\components\\molecules\\EtatsAvancementInput.jsx","statementMap":{"0":{"start":{"line":8,"column":29},"end":{"line":48,"column":1}},"1":{"start":{"line":9,"column":4},"end":{"line":47,"column":10}},"2":{"start":{"line":11,"column":12},"end":{"line":38,"column":18}},"3":{"start":{"line":33,"column":39},"end":{"line":33,"column":59}},"4":{"start":{"line":43,"column":49},"end":{"line":43,"column":62}}},"fnMap":{"0":{"name":"(anonymous_0)","decl":{"start":{"line":8,"column":29},"end":{"line":8,"column":30}},"loc":{"start":{"line":9,"column":4},"end":{"line":47,"column":10}},"line":9},"1":{"name":"(anonymous_1)","decl":{"start":{"line":10,"column":20},"end":{"line":10,"column":21}},"loc":{"start":{"line":11,"column":12},"end":{"line":38,"column":18}},"line":11},"2":{"name":"(anonymous_2)","decl":{"start":{"line":33,"column":33},"end":{"line":33,"column":34}},"loc":{"start":{"line":33,"column":39},"end":{"line":33,"column":59}},"line":33},"3":{"name":"(anonymous_3)","decl":{"start":{"line":43,"column":43},"end":{"line":43,"column":44}},"loc":{"start":{"line":43,"column":49},"end":{"line":43,"column":62}},"line":43}},"branchMap":{"0":{"loc":{"start":{"line":28,"column":17},"end":{"line":37,"column":17}},"type":"cond-expr","locations":[{"start":{"line":29,"column":20},"end":{"line":29,"column":22}},{"start":{"line":31,"column":20},"end":{"line":36,"column":29}}],"line":28},"1":{"loc":{"start":{"line":40,"column":9},"end":{"line":46,"column":9}},"type":"cond-expr","locations":[{"start":{"line":41,"column":12},"end":{"line":41,"column":14}},{"start":{"line":43,"column":12},"end":{"line":45,"column":21}}],"line":40},"2":{"loc":{"start":{"line":44,"column":17},"end":{"line":44,"column":61}},"type":"cond-expr","locations":[{"start":{"line":44,"column":34},"end":{"line":44,"column":53}},{"start":{"line":44,"column":56},"end":{"line":44,"column":61}}],"line":44}},"s":{"0":1,"1":0,"2":0,"3":0,"4":0},"f":{"0":0,"1":0,"2":0,"3":0},"b":{"0":[0,0],"1":[0,0],"2":[0,0]},"_coverageSchema":"332fd63041d2c1bcb487cc26dd0d5f7d97098a6c","hash":"e4e59876347180faa7eec3d7cad8a1cfe75e3900"}
,"C:\\Users\\Etudiant\\Documents\\PTUT\\cho7\\client\\src\\components\\molecules\\LabelInput.js": {"path":"C:\\Users\\Etudiant\\Documents\\PTUT\\cho7\\client\\src\\components\\molecules\\LabelInput.js","statementMap":{"0":{"start":{"line":6,"column":28},"end":{"line":11,"column":1}},"1":{"start":{"line":15,"column":8},"end":{"line":32,"column":9}}},"fnMap":{"0":{"name":"(anonymous_0)","decl":{"start":{"line":14,"column":4},"end":{"line":14,"column":5}},"loc":{"start":{"line":14,"column":13},"end":{"line":33,"column":5}},"line":14}},"branchMap":{"0":{"loc":{"start":{"line":26,"column":17},"end":{"line":30,"column":17}},"type":"cond-expr","locations":[{"start":{"line":27,"column":20},"end":{"line":27,"column":54}},{"start":{"line":29,"column":20},"end":{"line":29,"column":22}}],"line":26},"1":{"loc":{"start":{"line":26,"column":17},"end":{"line":26,"column":65}},"type":"binary-expr","locations":[{"start":{"line":26,"column":17},"end":{"line":26,"column":38}},{"start":{"line":26,"column":42},"end":{"line":26,"column":65}}],"line":26}},"s":{"0":1,"1":0},"f":{"0":0},"b":{"0":[0,0],"1":[0,0]},"_coverageSchema":"332fd63041d2c1bcb487cc26dd0d5f7d97098a6c","hash":"990081ab0dbe21f3d879e340a74d7f8b31abf52f"}
,"C:\\Users\\Etudiant\\Documents\\PTUT\\cho7\\client\\src\\components\\molecules\\LabelInputRange.js": {"path":"C:\\Users\\Etudiant\\Documents\\PTUT\\cho7\\client\\src\\components\\molecules\\LabelInputRange.js","statementMap":{"0":{"start":{"line":1,"column":0},"end":{"line":null,"column":-1}},"1":{"start":{"line":2,"column":0},"end":{"line":null,"column":-1}},"2":{"start":{"line":3,"column":0},"end":{"line":null,"column":-1}},"3":{"start":{"line":5,"column":26},"end":{"line":5,"column":0}},"4":{"start":{"line":11,"column":8},"end":{"line":null,"column":-1}},"5":{"start":{"line":36,"column":0},"end":{"line":null,"column":-1}}},"fnMap":{"0":{"name":"(anonymous_0)","decl":{"start":{"line":10,"column":4},"end":{"line":10,"column":9}},"loc":{"start":{"line":10,"column":13},"end":{"line":34,"column":5}}}},"branchMap":{},"s":{"0":0,"1":0,"2":0,"3":0,"4":0,"5":0},"f":{"0":0},"b":{}}
,"C:\\Users\\Etudiant\\Documents\\PTUT\\cho7\\client\\src\\components\\molecules\\LabelTextarea.js": {"path":"C:\\Users\\Etudiant\\Documents\\PTUT\\cho7\\client\\src\\components\\molecules\\LabelTextarea.js","statementMap":{"0":{"start":{"line":6,"column":31},"end":{"line":11,"column":1}},"1":{"start":{"line":15,"column":8},"end":{"line":30,"column":9}}},"fnMap":{"0":{"name":"(anonymous_0)","decl":{"start":{"line":14,"column":4},"end":{"line":14,"column":5}},"loc":{"start":{"line":14,"column":13},"end":{"line":31,"column":5}},"line":14}},"branchMap":{"0":{"loc":{"start":{"line":24,"column":17},"end":{"line":28,"column":17}},"type":"cond-expr","locations":[{"start":{"line":25,"column":20},"end":{"line":25,"column":54}},{"start":{"line":27,"column":20},"end":{"line":27,"column":22}}],"line":24},"1":{"loc":{"start":{"line":24,"column":17},"end":{"line":24,"column":65}},"type":"binary-expr","locations":[{"start":{"line":24,"column":17},"end":{"line":24,"column":38}},{"start":{"line":24,"column":42},"end":{"line":24,"column":65}}],"line":24}},"s":{"0":1,"1":0},"f":{"0":0},"b":{"0":[0,0],"1":[0,0]},"_coverageSchema":"332fd63041d2c1bcb487cc26dd0d5f7d97098a6c","hash":"bbcdde6c488fdbc775760de96de90a9444d69e59"}
,"C:\\Users\\Etudiant\\Documents\\PTUT\\cho7\\client\\src\\components\\molecules\\MainContainer.js": {"path":"C:\\Users\\Etudiant\\Documents\\PTUT\\cho7\\client\\src\\components\\molecules\\MainContainer.js","statementMap":{"0":{"start":{"line":5,"column":18},"end":{"line":9,"column":1}},"1":{"start":{"line":6,"column":33},"end":{"line":6,"column":56}},"2":{"start":{"line":13,"column":8},"end":{"line":18,"column":9}}},"fnMap":{"0":{"name":"(anonymous_0)","decl":{"start":{"line":6,"column":24},"end":{"line":6,"column":25}},"loc":{"start":{"line":6,"column":33},"end":{"line":6,"column":56}},"line":6},"1":{"name":"(anonymous_1)","decl":{"start":{"line":12,"column":4},"end":{"line":12,"column":5}},"loc":{"start":{"line":12,"column":13},"end":{"line":19,"column":5}},"line":12}},"branchMap":{"0":{"loc":{"start":{"line":6,"column":33},"end":{"line":6,"column":56}},"type":"binary-expr","locations":[{"start":{"line":6,"column":33},"end":{"line":6,"column":46}},{"start":{"line":6,"column":50},"end":{"line":6,"column":56}}],"line":6}},"s":{"0":1,"1":0,"2":0},"f":{"0":0,"1":0},"b":{"0":[0,0]},"_coverageSchema":"332fd63041d2c1bcb487cc26dd0d5f7d97098a6c","hash":"63a7b7067b3be2b82d5cadaffd608b9159d76c30"}
,"C:\\Users\\Etudiant\\Documents\\PTUT\\cho7\\client\\src\\components\\organisms\\ConnectionForm.jsx": {"path":"C:\\Users\\Etudiant\\Documents\\PTUT\\cho7\\client\\src\\components\\organisms\\ConnectionForm.jsx","statementMap":{"0":{"start":{"line":10,"column":21},"end":{"line":13,"column":1}},"1":{"start":{"line":15,"column":23},"end":{"line":17,"column":1}},"2":{"start":{"line":19,"column":34},"end":{"line":22,"column":1}},"3":{"start":{"line":26,"column":8},"end":{"line":54,"column":9}},"4":{"start":{"line":58,"column":0},"end":{"line":60,"column":18}}},"fnMap":{"0":{"name":"(anonymous_0)","decl":{"start":{"line":25,"column":4},"end":{"line":25,"column":5}},"loc":{"start":{"line":25,"column":13},"end":{"line":55,"column":5}},"line":25}},"branchMap":{},"s":{"0":1,"1":1,"2":1,"3":0,"4":1},"f":{"0":0},"b":{},"_coverageSchema":"332fd63041d2c1bcb487cc26dd0d5f7d97098a6c","hash":"172c850b341b4f0787ed39079d945c987b502a62"}
,"C:\\Users\\Etudiant\\Documents\\PTUT\\cho7\\client\\src\\components\\organisms\\CreationsInProgress.jsx": {"path":"C:\\Users\\Etudiant\\Documents\\PTUT\\cho7\\client\\src\\components\\organisms\\CreationsInProgress.jsx","statementMap":{"0":{"start":{"line":10,"column":8},"end":{"line":10,"column":68}},"1":{"start":{"line":14,"column":8},"end":{"line":35,"column":9}},"2":{"start":{"line":23,"column":28},"end":{"line":30,"column":33}}},"fnMap":{"0":{"name":"(anonymous_0)","decl":{"start":{"line":9,"column":4},"end":{"line":9,"column":5}},"loc":{"start":{"line":9,"column":30},"end":{"line":11,"column":5}},"line":9},"1":{"name":"(anonymous_1)","decl":{"start":{"line":13,"column":4},"end":{"line":13,"column":5}},"loc":{"start":{"line":13,"column":13},"end":{"line":36,"column":5}},"line":13},"2":{"name":"(anonymous_2)","decl":{"start":{"line":22,"column":50},"end":{"line":22,"column":51}},"loc":{"start":{"line":23,"column":28},"end":{"line":30,"column":33}},"line":23}},"branchMap":{},"s":{"0":0,"1":0,"2":0},"f":{"0":0,"1":0,"2":0},"b":{},"_coverageSchema":"332fd63041d2c1bcb487cc26dd0d5f7d97098a6c","hash":"47fa3104c7b0bfba743d57288c04644464c3578f"}
,"C:\\Users\\Etudiant\\Documents\\PTUT\\cho7\\client\\src\\components\\organisms\\FooterTemplate.jsx": {"path":"C:\\Users\\Etudiant\\Documents\\PTUT\\cho7\\client\\src\\components\\organisms\\FooterTemplate.jsx","statementMap":{"0":{"start":{"line":4,"column":24},"end":{"line":16,"column":1}},"1":{"start":{"line":20,"column":8},"end":{"line":25,"column":9}}},"fnMap":{"0":{"name":"(anonymous_0)","decl":{"start":{"line":19,"column":4},"end":{"line":19,"column":5}},"loc":{"start":{"line":19,"column":13},"end":{"line":26,"column":5}},"line":19}},"branchMap":{},"s":{"0":1,"1":0},"f":{"0":0},"b":{},"_coverageSchema":"332fd63041d2c1bcb487cc26dd0d5f7d97098a6c","hash":"461b81995c5d7366e93179c5fc6cb9db7deb9ef5"}
,"C:\\Users\\Etudiant\\Documents\\PTUT\\cho7\\client\\src\\components\\organisms\\HeaderTemplate.jsx": {"path":"C:\\Users\\Etudiant\\Documents\\PTUT\\cho7\\client\\src\\components\\organisms\\HeaderTemplate.jsx","statementMap":{"0":{"start":{"line":9,"column":8},"end":{"line":18,"column":9}}},"fnMap":{"0":{"name":"(anonymous_0)","decl":{"start":{"line":8,"column":4},"end":{"line":8,"column":5}},"loc":{"start":{"line":8,"column":13},"end":{"line":19,"column":5}},"line":8}},"branchMap":{},"s":{"0":0},"f":{"0":0},"b":{},"_coverageSchema":"332fd63041d2c1bcb487cc26dd0d5f7d97098a6c","hash":"a7a42bfee2575f8bcbe81bc591c49fce9b0170a8"}
,"C:\\Users\\Etudiant\\Documents\\PTUT\\cho7\\client\\src\\components\\organisms\\InputAddButton.js": {"path":"C:\\Users\\Etudiant\\Documents\\PTUT\\cho7\\client\\src\\components\\organisms\\InputAddButton.js","statementMap":{"0":{"start":{"line":1,"column":0},"end":{"line":null,"column":-1}},"1":{"start":{"line":2,"column":0},"end":{"line":null,"column":-1}},"2":{"start":{"line":3,"column":0},"end":{"line":null,"column":-1}},"3":{"start":{"line":4,"column":0},"end":{"line":null,"column":-1}},"4":{"start":{"line":8,"column":8},"end":{"line":null,"column":-1}},"5":{"start":{"line":9,"column":8},"end":{"line":null,"column":-1}},"6":{"start":{"line":12,"column":8},"end":{"line":null,"column":-1}},"7":{"start":{"line":16,"column":24},"end":{"line":16,"column":8}},"8":{"start":{"line":17,"column":18},"end":{"line":17,"column":8}},"9":{"start":{"line":18,"column":8},"end":{"line":null,"column":-1}},"10":{"start":{"line":19,"column":8},"end":{"line":null,"column":-1}},"11":{"start":{"line":23,"column":8},"end":{"line":null,"column":-1}},"12":{"start":{"line":24,"column":20},"end":{"line":24,"column":8}},"13":{"start":{"line":25,"column":8},"end":{"line":null,"column":-1}},"14":{"start":{"line":26,"column":8},"end":{"line":null,"column":-1}},"15":{"start":{"line":30,"column":8},"end":{"line":null,"column":-1}},"16":{"start":{"line":40,"column":24},"end":{"line":39,"column":21}},"17":{"start":{"line":48,"column":47},"end":{"line":45,"column":28}}},"fnMap":{"0":{"name":"(anonymous_0)","decl":{"start":{"line":7,"column":4},"end":{"line":7,"column":14}},"loc":{"start":{"line":7,"column":23},"end":{"line":13,"column":5}}},"1":{"name":"(anonymous_1)","decl":{"start":{"line":15,"column":4},"end":{"line":15,"column":15}},"loc":{"start":{"line":15,"column":19},"end":{"line":20,"column":5}}},"2":{"name":"(anonymous_2)","decl":{"start":{"line":22,"column":4},"end":{"line":22,"column":14}},"loc":{"start":{"line":22,"column":23},"end":{"line":27,"column":5}}},"3":{"name":"(anonymous_3)","decl":{"start":{"line":29,"column":4},"end":{"line":29,"column":9}},"loc":{"start":{"line":29,"column":13},"end":{"line":55,"column":5}}},"4":{"name":"(anonymous_4)","decl":{"start":{"line":39,"column":45},"end":{"line":39,"column":46}},"loc":{"start":{"line":40,"column":24},"end":{"line":39,"column":21}}},"5":{"name":"(anonymous_5)","decl":{"start":{"line":48,"column":41},"end":{"line":48,"column":46}},"loc":{"start":{"line":48,"column":47},"end":{"line":45,"column":28}}}},"branchMap":{},"s":{"0":0,"1":0,"2":0,"3":0,"4":0,"5":0,"6":0,"7":0,"8":0,"9":0,"10":0,"11":0,"12":0,"13":0,"14":0,"15":0,"16":0,"17":0},"f":{"0":0,"1":0,"2":0,"3":0,"4":0,"5":0},"b":{}}
,"C:\\Users\\Etudiant\\Documents\\PTUT\\cho7\\client\\src\\components\\organisms\\NewsFeed.jsx": {"path":"C:\\Users\\Etudiant\\Documents\\PTUT\\cho7\\client\\src\\components\\organisms\\NewsFeed.jsx","statementMap":{"0":{"start":{"line":7,"column":21},"end":{"line":11,"column":1}},"1":{"start":{"line":13,"column":18},"end":{"line":19,"column":1}},"2":{"start":{"line":25,"column":8},"end":{"line":25,"column":58}},"3":{"start":{"line":29,"column":8},"end":{"line":44,"column":9}},"4":{"start":{"line":34,"column":24},"end":{"line":40,"column":40}}},"fnMap":{"0":{"name":"(anonymous_0)","decl":{"start":{"line":24,"column":4},"end":{"line":24,"column":5}},"loc":{"start":{"line":24,"column":30},"end":{"line":26,"column":5}},"line":24},"1":{"name":"(anonymous_1)","decl":{"start":{"line":28,"column":4},"end":{"line":28,"column":5}},"loc":{"start":{"line":28,"column":13},"end":{"line":45,"column":5}},"line":28},"2":{"name":"(anonymous_2)","decl":{"start":{"line":33,"column":46},"end":{"line":33,"column":47}},"loc":{"start":{"line":34,"column":24},"end":{"line":40,"column":40}},"line":34}},"branchMap":{},"s":{"0":1,"1":1,"2":0,"3":0,"4":0},"f":{"0":0,"1":0,"2":0},"b":{},"_coverageSchema":"332fd63041d2c1bcb487cc26dd0d5f7d97098a6c","hash":"9b356b421357578d4b56b2a0fabebe11d489ab22"}
,"C:\\Users\\Etudiant\\Documents\\PTUT\\cho7\\client\\src\\components\\organisms\\Profile.jsx": {"path":"C:\\Users\\Etudiant\\Documents\\PTUT\\cho7\\client\\src\\components\\organisms\\Profile.jsx","statementMap":{"0":{"start":{"line":7,"column":16},"end":{"line":13,"column":1}},"1":{"start":{"line":15,"column":18},"end":{"line":20,"column":1}},"2":{"start":{"line":26,"column":8},"end":{"line":26,"column":52}},"3":{"start":{"line":30,"column":8},"end":{"line":42,"column":13}},"4":{"start":{"line":31,"column":12},"end":{"line":42,"column":13}},"5":{"start":{"line":43,"column":8},"end":{"line":43,"column":17}}},"fnMap":{"0":{"name":"(anonymous_0)","decl":{"start":{"line":25,"column":4},"end":{"line":25,"column":5}},"loc":{"start":{"line":25,"column":30},"end":{"line":27,"column":5}},"line":25},"1":{"name":"(anonymous_1)","decl":{"start":{"line":29,"column":4},"end":{"line":29,"column":5}},"loc":{"start":{"line":29,"column":13},"end":{"line":44,"column":5}},"line":29}},"branchMap":{"0":{"loc":{"start":{"line":30,"column":8},"end":{"line":42,"column":13}},"type":"if","locations":[{"start":{"line":30,"column":8},"end":{"line":42,"column":13}},{"start":{"line":30,"column":8},"end":{"line":42,"column":13}}],"line":30}},"s":{"0":1,"1":1,"2":0,"3":0,"4":0,"5":0},"f":{"0":0,"1":0},"b":{"0":[0,0]},"_coverageSchema":"332fd63041d2c1bcb487cc26dd0d5f7d97098a6c","hash":"34305d7a1a44912bb2c68948446d110d38433d92"}
,"C:\\Users\\Etudiant\\Documents\\PTUT\\cho7\\client\\src\\components\\organisms\\Projet.jsx": {"path":"C:\\Users\\Etudiant\\Documents\\PTUT\\cho7\\client\\src\\components\\organisms\\Projet.jsx","statementMap":{"0":{"start":{"line":6,"column":21},"end":{"line":10,"column":1}},"1":{"start":{"line":12,"column":29},"end":{"line":19,"column":1}},"2":{"start":{"line":21,"column":23},"end":{"line":24,"column":1}},"3":{"start":{"line":30,"column":8},"end":{"line":30,"column":60}},"4":{"start":{"line":34,"column":16},"end":{"line":34,"column":42}},"5":{"start":{"line":35,"column":8},"end":{"line":35,"column":45}},"6":{"start":{"line":39,"column":8},"end":{"line":59,"column":9}},"7":{"start":{"line":43,"column":24},"end":{"line":55,"column":40}},"8":{"start":{"line":46,"column":32},"end":{"line":49,"column":49}}},"fnMap":{"0":{"name":"(anonymous_0)","decl":{"start":{"line":29,"column":4},"end":{"line":29,"column":5}},"loc":{"start":{"line":29,"column":30},"end":{"line":31,"column":5}},"line":29},"1":{"name":"(anonymous_1)","decl":{"start":{"line":33,"column":19},"end":{"line":33,"column":20}},"loc":{"start":{"line":33,"column":32},"end":{"line":36,"column":5}},"line":33},"2":{"name":"(anonymous_2)","decl":{"start":{"line":38,"column":4},"end":{"line":38,"column":5}},"loc":{"start":{"line":38,"column":13},"end":{"line":60,"column":5}},"line":38},"3":{"name":"(anonymous_3)","decl":{"start":{"line":42,"column":47},"end":{"line":42,"column":48}},"loc":{"start":{"line":43,"column":24},"end":{"line":55,"column":40}},"line":43},"4":{"name":"(anonymous_4)","decl":{"start":{"line":45,"column":35},"end":{"line":45,"column":36}},"loc":{"start":{"line":46,"column":32},"end":{"line":49,"column":49}},"line":46}},"branchMap":{},"s":{"0":1,"1":1,"2":1,"3":0,"4":0,"5":0,"6":0,"7":0,"8":0},"f":{"0":0,"1":0,"2":0,"3":0,"4":0},"b":{},"_coverageSchema":"332fd63041d2c1bcb487cc26dd0d5f7d97098a6c","hash":"815acbc6694d6215b08b84766b729710810c6ec6"}
,"C:\\Users\\Etudiant\\Documents\\PTUT\\cho7\\client\\src\\components\\organisms\\RenseignerProfilForm.jsx": {"path":"C:\\Users\\Etudiant\\Documents\\PTUT\\cho7\\client\\src\\components\\organisms\\RenseignerProfilForm.jsx","statementMap":{"0":{"start":{"line":11,"column":14},"end":{"line":17,"column":1}},"1":{"start":{"line":19,"column":22},"end":{"line":25,"column":1}},"2":{"start":{"line":27,"column":20},"end":{"line":32,"column":1}},"3":{"start":{"line":36,"column":8},"end":{"line":87,"column":15}},"4":{"start":{"line":91,"column":0},"end":{"line":93,"column":24}}},"fnMap":{"0":{"name":"(anonymous_0)","decl":{"start":{"line":35,"column":13},"end":{"line":35,"column":14}},"loc":{"start":{"line":36,"column":8},"end":{"line":87,"column":15}},"line":36}},"branchMap":{},"s":{"0":1,"1":1,"2":1,"3":0,"4":1},"f":{"0":0},"b":{},"_coverageSchema":"332fd63041d2c1bcb487cc26dd0d5f7d97098a6c","hash":"ee66797901c22a49fe93cb476e9e7f38fe61b54b"}
,"C:\\Users\\Etudiant\\Documents\\PTUT\\cho7\\client\\src\\components\\organisms\\UploadForm.jsx": {"path":"C:\\Users\\Etudiant\\Documents\\PTUT\\cho7\\client\\src\\components\\organisms\\UploadForm.jsx","statementMap":{"0":{"start":{"line":13,"column":21},"end":{"line":15,"column":1}},"1":{"start":{"line":17,"column":25},"end":{"line":23,"column":1}},"2":{"start":{"line":27,"column":8},"end":{"line":68,"column":9}},"3":{"start":{"line":72,"column":0},"end":{"line":74,"column":14}}},"fnMap":{"0":{"name":"(anonymous_0)","decl":{"start":{"line":26,"column":4},"end":{"line":26,"column":5}},"loc":{"start":{"line":26,"column":13},"end":{"line":69,"column":5}},"line":26}},"branchMap":{"0":{"loc":{"start":{"line":42,"column":28},"end":{"line":44,"column":36}},"type":"cond-expr","locations":[{"start":{"line":43,"column":34},"end":{"line":43,"column":69}},{"start":{"line":44,"column":34},"end":{"line":44,"column":36}}],"line":42}},"s":{"0":1,"1":1,"2":0,"3":1},"f":{"0":0},"b":{"0":[0,0]},"_coverageSchema":"332fd63041d2c1bcb487cc26dd0d5f7d97098a6c","hash":"2a87da541c3923cb97d72c53ea3e725f05bb1b55"}
,"C:\\Users\\Etudiant\\Documents\\PTUT\\cho7\\client\\src\\components\\pages\\AccueilPage.jsx": {"path":"C:\\Users\\Etudiant\\Documents\\PTUT\\cho7\\client\\src\\components\\pages\\AccueilPage.jsx","statementMap":{"0":{"start":{"line":8,"column":25},"end":{"line":13,"column":1}},"1":{"start":{"line":15,"column":20},"end":{"line":25,"column":1}},"2":{"start":{"line":16,"column":4},"end":{"line":24,"column":10}}},"fnMap":{"0":{"name":"(anonymous_0)","decl":{"start":{"line":15,"column":20},"end":{"line":15,"column":21}},"loc":{"start":{"line":16,"column":4},"end":{"line":24,"column":10}},"line":16}},"branchMap":{},"s":{"0":1,"1":1,"2":0},"f":{"0":0},"b":{},"_coverageSchema":"332fd63041d2c1bcb487cc26dd0d5f7d97098a6c","hash":"a33a4bb8197b57602bbc74f0520d66cde80c87d5"}
,"C:\\Users\\Etudiant\\Documents\\PTUT\\cho7\\client\\src\\components\\pages\\ConnectionPage.jsx": {"path":"C:\\Users\\Etudiant\\Documents\\PTUT\\cho7\\client\\src\\components\\pages\\ConnectionPage.jsx","statementMap":{"0":{"start":{"line":14,"column":32},"end":{"line":21,"column":1}},"1":{"start":{"line":23,"column":25},"end":{"line":28,"column":1}},"2":{"start":{"line":33,"column":8},"end":{"line":33,"column":36}},"3":{"start":{"line":37,"column":8},"end":{"line":46,"column":9}},"4":{"start":{"line":38,"column":12},"end":{"line":40,"column":14}},"5":{"start":{"line":39,"column":16},"end":{"line":39,"column":48}},"6":{"start":{"line":42,"column":12},"end":{"line":45,"column":14}},"7":{"start":{"line":50,"column":8},"end":{"line":61,"column":14}},"8":{"start":{"line":65,"column":27},"end":{"line":67,"column":1}},"9":{"start":{"line":66,"column":4},"end":{"line":66,"column":60}}},"fnMap":{"0":{"name":"(anonymous_0)","decl":{"start":{"line":32,"column":4},"end":{"line":32,"column":5}},"loc":{"start":{"line":32,"column":30},"end":{"line":34,"column":5}},"line":32},"1":{"name":"(anonymous_1)","decl":{"start":{"line":36,"column":13},"end":{"line":36,"column":14}},"loc":{"start":{"line":36,"column":29},"end":{"line":47,"column":5}},"line":36},"2":{"name":"(anonymous_2)","decl":{"start":{"line":38,"column":61},"end":{"line":38,"column":62}},"loc":{"start":{"line":38,"column":67},"end":{"line":40,"column":13}},"line":38},"3":{"name":"(anonymous_3)","decl":{"start":{"line":49,"column":13},"end":{"line":49,"column":14}},"loc":{"start":{"line":50,"column":8},"end":{"line":61,"column":14}},"line":50},"4":{"name":"(anonymous_4)","decl":{"start":{"line":65,"column":27},"end":{"line":65,"column":28}},"loc":{"start":{"line":65,"column":39},"end":{"line":67,"column":1}},"line":65}},"branchMap":{"0":{"loc":{"start":{"line":37,"column":8},"end":{"line":46,"column":9}},"type":"if","locations":[{"start":{"line":37,"column":8},"end":{"line":46,"column":9}},{"start":{"line":37,"column":8},"end":{"line":46,"column":9}}],"line":37}},"s":{"0":1,"1":1,"2":0,"3":0,"4":0,"5":0,"6":0,"7":0,"8":1,"9":0},"f":{"0":0,"1":0,"2":0,"3":0,"4":0},"b":{"0":[0,0]},"_coverageSchema":"332fd63041d2c1bcb487cc26dd0d5f7d97098a6c","hash":"b71b717d3261725485c8ea949576c4c97dc288da"}
,"C:\\Users\\Etudiant\\Documents\\PTUT\\cho7\\client\\src\\components\\pages\\Logout.jsx": {"path":"C:\\Users\\Etudiant\\Documents\\PTUT\\cho7\\client\\src\\components\\pages\\Logout.jsx","statementMap":{"0":{"start":{"line":12,"column":8},"end":{"line":14,"column":10}},"1":{"start":{"line":13,"column":12},"end":{"line":13,"column":58}},"2":{"start":{"line":16,"column":20},"end":{"line":16,"column":64}},"3":{"start":{"line":19,"column":27},"end":{"line":21,"column":1}},"4":{"start":{"line":20,"column":4},"end":{"line":20,"column":61}}},"fnMap":{"0":{"name":"(anonymous_0)","decl":{"start":{"line":11,"column":24},"end":{"line":11,"column":25}},"loc":{"start":{"line":12,"column":8},"end":{"line":14,"column":10}},"line":12},"1":{"name":"(anonymous_1)","decl":{"start":{"line":12,"column":50},"end":{"line":12,"column":51}},"loc":{"start":{"line":12,"column":56},"end":{"line":14,"column":9}},"line":12},"2":{"name":"(anonymous_2)","decl":{"start":{"line":16,"column":13},"end":{"line":16,"column":14}},"loc":{"start":{"line":16,"column":20},"end":{"line":16,"column":64}},"line":16},"3":{"name":"(anonymous_3)","decl":{"start":{"line":19,"column":27},"end":{"line":19,"column":28}},"loc":{"start":{"line":19,"column":39},"end":{"line":21,"column":1}},"line":19}},"branchMap":{"0":{"loc":{"start":{"line":16,"column":20},"end":{"line":16,"column":64}},"type":"cond-expr","locations":[{"start":{"line":16,"column":40},"end":{"line":16,"column":59}},{"start":{"line":16,"column":62},"end":{"line":16,"column":64}}],"line":16}},"s":{"0":0,"1":0,"2":0,"3":1,"4":0},"f":{"0":0,"1":0,"2":0,"3":0},"b":{"0":[0,0]},"_coverageSchema":"332fd63041d2c1bcb487cc26dd0d5f7d97098a6c","hash":"40d5774d74e7c25094e20b55b5e1eabccbe94729"}
,"C:\\Users\\Etudiant\\Documents\\PTUT\\cho7\\client\\src\\components\\pages\\MesCreationsPage.jsx": {"path":"C:\\Users\\Etudiant\\Documents\\PTUT\\cho7\\client\\src\\components\\pages\\MesCreationsPage.jsx","statementMap":{"0":{"start":{"line":9,"column":21},"end":{"line":13,"column":1}},"1":{"start":{"line":19,"column":8},"end":{"line":19,"column":40}},"2":{"start":{"line":20,"column":8},"end":{"line":20,"column":58}},"3":{"start":{"line":21,"column":8},"end":{"line":21,"column":39}},"4":{"start":{"line":25,"column":8},"end":{"line":42,"column":9}}},"fnMap":{"0":{"name":"(anonymous_0)","decl":{"start":{"line":18,"column":4},"end":{"line":18,"column":5}},"loc":{"start":{"line":18,"column":30},"end":{"line":22,"column":5}},"line":18},"1":{"name":"(anonymous_1)","decl":{"start":{"line":24,"column":4},"end":{"line":24,"column":5}},"loc":{"start":{"line":24,"column":13},"end":{"line":43,"column":5}},"line":24}},"branchMap":{},"s":{"0":1,"1":0,"2":0,"3":0,"4":0},"f":{"0":0,"1":0},"b":{},"_coverageSchema":"332fd63041d2c1bcb487cc26dd0d5f7d97098a6c","hash":"e67587354c8d30fc2e1a0a3e9677e18fd89e6e30"}
,"C:\\Users\\Etudiant\\Documents\\PTUT\\cho7\\client\\src\\components\\pages\\RenseignerProfilPage.jsx": {"path":"C:\\Users\\Etudiant\\Documents\\PTUT\\cho7\\client\\src\\components\\pages\\RenseignerProfilPage.jsx","statementMap":{"0":{"start":{"line":18,"column":8},"end":{"line":18,"column":42}},"1":{"start":{"line":19,"column":8},"end":{"line":19,"column":48}},"2":{"start":{"line":23,"column":23},"end":{"line":23,"column":37}},"3":{"start":{"line":24,"column":8},"end":{"line":27,"column":9}},"4":{"start":{"line":25,"column":12},"end":{"line":26,"column":50}},"5":{"start":{"line":25,"column":41},"end":{"line":25,"column":77}},"6":{"start":{"line":26,"column":17},"end":{"line":26,"column":50}},"7":{"start":{"line":28,"column":23},"end":{"line":28,"column":57}},"8":{"start":{"line":29,"column":8},"end":{"line":35,"column":9}},"9":{"start":{"line":30,"column":12},"end":{"line":30,"column":64}},"10":{"start":{"line":31,"column":12},"end":{"line":31,"column":60}},"11":{"start":{"line":33,"column":12},"end":{"line":33,"column":61}},"12":{"start":{"line":34,"column":12},"end":{"line":34,"column":65}},"13":{"start":{"line":39,"column":8},"end":{"line":51,"column":19}},"14":{"start":{"line":55,"column":27},"end":{"line":57,"column":1}},"15":{"start":{"line":56,"column":4},"end":{"line":56,"column":54}}},"fnMap":{"0":{"name":"(anonymous_0)","decl":{"start":{"line":17,"column":4},"end":{"line":17,"column":5}},"loc":{"start":{"line":17,"column":30},"end":{"line":20,"column":5}},"line":17},"1":{"name":"(anonymous_1)","decl":{"start":{"line":22,"column":15},"end":{"line":22,"column":16}},"loc":{"start":{"line":22,"column":31},"end":{"line":36,"column":5}},"line":22},"2":{"name":"(anonymous_2)","decl":{"start":{"line":38,"column":13},"end":{"line":38,"column":14}},"loc":{"start":{"line":39,"column":8},"end":{"line":51,"column":19}},"line":39},"3":{"name":"(anonymous_3)","decl":{"start":{"line":55,"column":27},"end":{"line":55,"column":28}},"loc":{"start":{"line":55,"column":39},"end":{"line":57,"column":1}},"line":55}},"branchMap":{"0":{"loc":{"start":{"line":25,"column":12},"end":{"line":26,"column":50}},"type":"if","locations":[{"start":{"line":25,"column":12},"end":{"line":26,"column":50}},{"start":{"line":25,"column":12},"end":{"line":26,"column":50}}],"line":25},"1":{"loc":{"start":{"line":29,"column":8},"end":{"line":35,"column":9}},"type":"if","locations":[{"start":{"line":29,"column":8},"end":{"line":35,"column":9}},{"start":{"line":29,"column":8},"end":{"line":35,"column":9}}],"line":29},"2":{"loc":{"start":{"line":41,"column":17},"end":{"line":48,"column":17}},"type":"cond-expr","locations":[{"start":{"line":42,"column":20},"end":{"line":45,"column":22}},{"start":{"line":47,"column":20},"end":{"line":47,"column":22}}],"line":41}},"s":{"0":0,"1":0,"2":0,"3":0,"4":0,"5":0,"6":0,"7":0,"8":0,"9":0,"10":0,"11":0,"12":0,"13":0,"14":1,"15":0},"f":{"0":0,"1":0,"2":0,"3":0},"b":{"0":[0,0],"1":[0,0],"2":[0,0]},"_coverageSchema":"332fd63041d2c1bcb487cc26dd0d5f7d97098a6c","hash":"49919e7dfe64f4d19537124a2f5efef032c57033"}
,"C:\\Users\\Etudiant\\Documents\\PTUT\\cho7\\client\\src\\components\\pages\\Template.jsx": {"path":"C:\\Users\\Etudiant\\Documents\\PTUT\\cho7\\client\\src\\components\\pages\\Template.jsx","statementMap":{"0":{"start":{"line":6,"column":26},"end":{"line":10,"column":1}},"1":{"start":{"line":12,"column":22},"end":{"line":17,"column":1}},"2":{"start":{"line":21,"column":8},"end":{"line":27,"column":9}}},"fnMap":{"0":{"name":"(anonymous_0)","decl":{"start":{"line":20,"column":4},"end":{"line":20,"column":5}},"loc":{"start":{"line":20,"column":13},"end":{"line":28,"column":5}},"line":20}},"branchMap":{},"s":{"0":1,"1":1,"2":0},"f":{"0":0},"b":{},"_coverageSchema":"332fd63041d2c1bcb487cc26dd0d5f7d97098a6c","hash":"603850dffb7a58d9fb2a18a89e8fdee2a6b6713a"}
,"C:\\Users\\Etudiant\\Documents\\PTUT\\cho7\\client\\src\\components\\pages\\UpdateCreationPage.jsx": {"path":"C:\\Users\\Etudiant\\Documents\\PTUT\\cho7\\client\\src\\components\\pages\\UpdateCreationPage.jsx","statementMap":{"0":{"start":{"line":19,"column":8},"end":{"line":19,"column":44}},"1":{"start":{"line":20,"column":23},"end":{"line":20,"column":68}},"2":{"start":{"line":21,"column":8},"end":{"line":21,"column":75}},"3":{"start":{"line":22,"column":8},"end":{"line":22,"column":45}},"4":{"start":{"line":26,"column":23},"end":{"line":26,"column":37}},"5":{"start":{"line":27,"column":8},"end":{"line":27,"column":46}},"6":{"start":{"line":28,"column":8},"end":{"line":28,"column":40}},"7":{"start":{"line":30,"column":8},"end":{"line":31,"column":62}},"8":{"start":{"line":31,"column":12},"end":{"line":31,"column":62}},"9":{"start":{"line":33,"column":8},"end":{"line":40,"column":9}},"10":{"start":{"line":33,"column":29},"end":{"line":33,"column":76}},"11":{"start":{"line":34,"column":13},"end":{"line":40,"column":9}},"12":{"start":{"line":35,"column":12},"end":{"line":39,"column":13}},"13":{"start":{"line":36,"column":16},"end":{"line":36,"column":71}},"14":{"start":{"line":37,"column":16},"end":{"line":37,"column":79}},"15":{"start":{"line":38,"column":16},"end":{"line":38,"column":65}},"16":{"start":{"line":41,"column":8},"end":{"line":47,"column":9}},"17":{"start":{"line":42,"column":12},"end":{"line":44,"column":14}},"18":{"start":{"line":43,"column":16},"end":{"line":43,"column":74}},"19":{"start":{"line":46,"column":12},"end":{"line":46,"column":66}},"20":{"start":{"line":51,"column":8},"end":{"line":66,"column":9}},"21":{"start":{"line":70,"column":27},"end":{"line":72,"column":1}},"22":{"start":{"line":71,"column":4},"end":{"line":71,"column":54}}},"fnMap":{"0":{"name":"(anonymous_0)","decl":{"start":{"line":18,"column":4},"end":{"line":18,"column":5}},"loc":{"start":{"line":18,"column":30},"end":{"line":23,"column":5}},"line":18},"1":{"name":"(anonymous_1)","decl":{"start":{"line":25,"column":15},"end":{"line":25,"column":16}},"loc":{"start":{"line":25,"column":31},"end":{"line":48,"column":5}},"line":25},"2":{"name":"(anonymous_2)","decl":{"start":{"line":42,"column":61},"end":{"line":42,"column":62}},"loc":{"start":{"line":42,"column":67},"end":{"line":44,"column":13}},"line":42},"3":{"name":"(anonymous_3)","decl":{"start":{"line":50,"column":4},"end":{"line":50,"column":5}},"loc":{"start":{"line":50,"column":13},"end":{"line":67,"column":5}},"line":50},"4":{"name":"(anonymous_4)","decl":{"start":{"line":70,"column":27},"end":{"line":70,"column":28}},"loc":{"start":{"line":70,"column":39},"end":{"line":72,"column":1}},"line":70}},"branchMap":{"0":{"loc":{"start":{"line":30,"column":8},"end":{"line":31,"column":62}},"type":"if","locations":[{"start":{"line":30,"column":8},"end":{"line":31,"column":62}},{"start":{"line":30,"column":8},"end":{"line":31,"column":62}}],"line":30},"1":{"loc":{"start":{"line":33,"column":8},"end":{"line":40,"column":9}},"type":"if","locations":[{"start":{"line":33,"column":8},"end":{"line":40,"column":9}},{"start":{"line":33,"column":8},"end":{"line":40,"column":9}}],"line":33},"2":{"loc":{"start":{"line":34,"column":13},"end":{"line":40,"column":9}},"type":"if","locations":[{"start":{"line":34,"column":13},"end":{"line":40,"column":9}},{"start":{"line":34,"column":13},"end":{"line":40,"column":9}}],"line":34},"3":{"loc":{"start":{"line":41,"column":8},"end":{"line":47,"column":9}},"type":"if","locations":[{"start":{"line":41,"column":8},"end":{"line":47,"column":9}},{"start":{"line":41,"column":8},"end":{"line":47,"column":9}}],"line":41},"4":{"loc":{"start":{"line":54,"column":21},"end":{"line":62,"column":21}},"type":"cond-expr","locations":[{"start":{"line":55,"column":24},"end":{"line":59,"column":26}},{"start":{"line":61,"column":24},"end":{"line":61,"column":26}}],"line":54}},"s":{"0":0,"1":0,"2":0,"3":0,"4":0,"5":0,"6":0,"7":0,"8":0,"9":0,"10":0,"11":0,"12":0,"13":0,"14":0,"15":0,"16":0,"17":0,"18":0,"19":0,"20":0,"21":1,"22":0},"f":{"0":0,"1":0,"2":0,"3":0,"4":0},"b":{"0":[0,0],"1":[0,0],"2":[0,0],"3":[0,0],"4":[0,0]},"_coverageSchema":"332fd63041d2c1bcb487cc26dd0d5f7d97098a6c","hash":"4c4b5a7d6caba82f604d7c9e887795069eddbc01"}
,"C:\\Users\\Etudiant\\Documents\\PTUT\\cho7\\client\\src\\components\\pages\\UploadPage.jsx": {"path":"C:\\Users\\Etudiant\\Documents\\PTUT\\cho7\\client\\src\\components\\pages\\UploadPage.jsx","statementMap":{"0":{"start":{"line":13,"column":8},"end":{"line":13,"column":46}},"1":{"start":{"line":17,"column":23},"end":{"line":17,"column":37}},"2":{"start":{"line":18,"column":8},"end":{"line":18,"column":46}},"3":{"start":{"line":20,"column":8},"end":{"line":21,"column":62}},"4":{"start":{"line":21,"column":12},"end":{"line":21,"column":62}},"5":{"start":{"line":23,"column":8},"end":{"line":29,"column":9}},"6":{"start":{"line":23,"column":29},"end":{"line":23,"column":76}},"7":{"start":{"line":24,"column":13},"end":{"line":29,"column":9}},"8":{"start":{"line":25,"column":12},"end":{"line":28,"column":13}},"9":{"start":{"line":26,"column":16},"end":{"line":26,"column":71}},"10":{"start":{"line":27,"column":16},"end":{"line":27,"column":79}},"11":{"start":{"line":30,"column":8},"end":{"line":36,"column":9}},"12":{"start":{"line":31,"column":12},"end":{"line":33,"column":14}},"13":{"start":{"line":32,"column":16},"end":{"line":32,"column":66}},"14":{"start":{"line":35,"column":12},"end":{"line":35,"column":58}},"15":{"start":{"line":40,"column":8},"end":{"line":47,"column":9}},"16":{"start":{"line":51,"column":27},"end":{"line":53,"column":1}},"17":{"start":{"line":52,"column":4},"end":{"line":52,"column":54}}},"fnMap":{"0":{"name":"(anonymous_0)","decl":{"start":{"line":12,"column":4},"end":{"line":12,"column":5}},"loc":{"start":{"line":12,"column":24},"end":{"line":14,"column":5}},"line":12},"1":{"name":"(anonymous_1)","decl":{"start":{"line":16,"column":13},"end":{"line":16,"column":14}},"loc":{"start":{"line":16,"column":29},"end":{"line":37,"column":5}},"line":16},"2":{"name":"(anonymous_2)","decl":{"start":{"line":31,"column":61},"end":{"line":31,"column":62}},"loc":{"start":{"line":31,"column":67},"end":{"line":33,"column":13}},"line":31},"3":{"name":"(anonymous_3)","decl":{"start":{"line":39,"column":4},"end":{"line":39,"column":5}},"loc":{"start":{"line":39,"column":13},"end":{"line":48,"column":5}},"line":39},"4":{"name":"(anonymous_4)","decl":{"start":{"line":51,"column":27},"end":{"line":51,"column":28}},"loc":{"start":{"line":51,"column":39},"end":{"line":53,"column":1}},"line":51}},"branchMap":{"0":{"loc":{"start":{"line":20,"column":8},"end":{"line":21,"column":62}},"type":"if","locations":[{"start":{"line":20,"column":8},"end":{"line":21,"column":62}},{"start":{"line":20,"column":8},"end":{"line":21,"column":62}}],"line":20},"1":{"loc":{"start":{"line":23,"column":8},"end":{"line":29,"column":9}},"type":"if","locations":[{"start":{"line":23,"column":8},"end":{"line":29,"column":9}},{"start":{"line":23,"column":8},"end":{"line":29,"column":9}}],"line":23},"2":{"loc":{"start":{"line":24,"column":13},"end":{"line":29,"column":9}},"type":"if","locations":[{"start":{"line":24,"column":13},"end":{"line":29,"column":9}},{"start":{"line":24,"column":13},"end":{"line":29,"column":9}}],"line":24},"3":{"loc":{"start":{"line":30,"column":8},"end":{"line":36,"column":9}},"type":"if","locations":[{"start":{"line":30,"column":8},"end":{"line":36,"column":9}},{"start":{"line":30,"column":8},"end":{"line":36,"column":9}}],"line":30}},"s":{"0":0,"1":0,"2":0,"3":0,"4":0,"5":0,"6":0,"7":0,"8":0,"9":0,"10":0,"11":0,"12":0,"13":0,"14":0,"15":0,"16":1,"17":0},"f":{"0":0,"1":0,"2":0,"3":0,"4":0},"b":{"0":[0,0],"1":[0,0],"2":[0,0],"3":[0,0]},"_coverageSchema":"332fd63041d2c1bcb487cc26dd0d5f7d97098a6c","hash":"0f9a78480088864e460bf4b320442de0e17d9f3f"}
,"C:\\Users\\Etudiant\\Documents\\PTUT\\cho7\\client\\src\\modules\\actionsAndReducers.js": {"path":"C:\\Users\\Etudiant\\Documents\\PTUT\\cho7\\client\\src\\modules\\actionsAndReducers.js","statementMap":{"0":{"start":{"line":1,"column":25},"end":{"line":6,"column":1}},"1":{"start":{"line":2,"column":4},"end":{"line":5,"column":5}},"2":{"start":{"line":8,"column":31},"end":{"line":14,"column":1}},"3":{"start":{"line":9,"column":4},"end":{"line":13,"column":5}},"4":{"start":{"line":16,"column":32},"end":{"line":21,"column":1}},"5":{"start":{"line":17,"column":4},"end":{"line":20,"column":5}},"6":{"start":{"line":23,"column":19},"end":{"line":23,"column":52}},"7":{"start":{"line":24,"column":26},"end":{"line":44,"column":1}},"8":{"start":{"line":25,"column":4},"end":{"line":32,"column":5}},"9":{"start":{"line":26,"column":18},"end":{"line":26,"column":20}},"10":{"start":{"line":27,"column":8},"end":{"line":30,"column":47}},"11":{"start":{"line":28,"column":12},"end":{"line":30,"column":47}},"12":{"start":{"line":31,"column":8},"end":{"line":31,"column":68}},"13":{"start":{"line":34,"column":4},"end":{"line":39,"column":5}},"14":{"start":{"line":35,"column":18},"end":{"line":37,"column":45}},"15":{"start":{"line":38,"column":8},"end":{"line":38,"column":59}},"16":{"start":{"line":41,"column":4},"end":{"line":41,"column":71}},"17":{"start":{"line":41,"column":31},"end":{"line":41,"column":71}},"18":{"start":{"line":43,"column":4},"end":{"line":43,"column":16}}},"fnMap":{"0":{"name":"(anonymous_0)","decl":{"start":{"line":1,"column":25},"end":{"line":1,"column":26}},"loc":{"start":{"line":1,"column":32},"end":{"line":6,"column":1}},"line":1},"1":{"name":"(anonymous_1)","decl":{"start":{"line":8,"column":31},"end":{"line":8,"column":32}},"loc":{"start":{"line":8,"column":52},"end":{"line":14,"column":1}},"line":8},"2":{"name":"(anonymous_2)","decl":{"start":{"line":16,"column":32},"end":{"line":16,"column":33}},"loc":{"start":{"line":16,"column":43},"end":{"line":21,"column":1}},"line":16},"3":{"name":"(anonymous_3)","decl":{"start":{"line":24,"column":26},"end":{"line":24,"column":27}},"loc":{"start":{"line":24,"column":60},"end":{"line":44,"column":1}},"line":24}},"branchMap":{"0":{"loc":{"start":{"line":24,"column":27},"end":{"line":24,"column":47}},"type":"default-arg","locations":[{"start":{"line":24,"column":35},"end":{"line":24,"column":47}}],"line":24},"1":{"loc":{"start":{"line":25,"column":4},"end":{"line":32,"column":5}},"type":"if","locations":[{"start":{"line":25,"column":4},"end":{"line":32,"column":5}},{"start":{"line":25,"column":4},"end":{"line":32,"column":5}}],"line":25},"2":{"loc":{"start":{"line":27,"column":8},"end":{"line":30,"column":47}},"type":"if","locations":[{"start":{"line":27,"column":8},"end":{"line":30,"column":47}},{"start":{"line":27,"column":8},"end":{"line":30,"column":47}}],"line":27},"3":{"loc":{"start":{"line":28,"column":18},"end":{"line":30,"column":47}},"type":"cond-expr","locations":[{"start":{"line":29,"column":18},"end":{"line":29,"column":51}},{"start":{"line":30,"column":18},"end":{"line":30,"column":47}}],"line":28},"4":{"loc":{"start":{"line":34,"column":4},"end":{"line":39,"column":5}},"type":"if","locations":[{"start":{"line":34,"column":4},"end":{"line":39,"column":5}},{"start":{"line":34,"column":4},"end":{"line":39,"column":5}}],"line":34},"5":{"loc":{"start":{"line":35,"column":18},"end":{"line":37,"column":45}},"type":"cond-expr","locations":[{"start":{"line":36,"column":14},"end":{"line":36,"column":49}},{"start":{"line":37,"column":14},"end":{"line":37,"column":45}}],"line":35},"6":{"loc":{"start":{"line":41,"column":4},"end":{"line":41,"column":71}},"type":"if","locations":[{"start":{"line":41,"column":4},"end":{"line":41,"column":71}},{"start":{"line":41,"column":4},"end":{"line":41,"column":71}}],"line":41}},"s":{"0":1,"1":0,"2":1,"3":0,"4":1,"5":0,"6":1,"7":1,"8":0,"9":0,"10":0,"11":0,"12":0,"13":0,"14":0,"15":0,"16":0,"17":0,"18":0},"f":{"0":0,"1":0,"2":0,"3":0},"b":{"0":[0],"1":[0,0],"2":[0,0],"3":[0,0],"4":[0,0],"5":[0,0],"6":[0,0]},"_coverageSchema":"332fd63041d2c1bcb487cc26dd0d5f7d97098a6c","hash":"a477cac8c0518849d159d8e3df9114d99320f265"}
,"C:\\Users\\Etudiant\\Documents\\PTUT\\cho7\\client\\src\\modules\\api.js": {"path":"C:\\Users\\Etudiant\\Documents\\PTUT\\cho7\\client\\src\\modules\\api.js","statementMap":{"0":{"start":{"line":5,"column":16},"end":{"line":5,"column":27}},"1":{"start":{"line":7,"column":21},"end":{"line":19,"column":10}},"2":{"start":{"line":8,"column":4},"end":{"line":19,"column":10}},"3":{"start":{"line":10,"column":12},"end":{"line":11,"column":37}},"4":{"start":{"line":10,"column":26},"end":{"line":10,"column":51}},"5":{"start":{"line":11,"column":17},"end":{"line":11,"column":37}},"6":{"start":{"line":14,"column":12},"end":{"line":18,"column":13}},"7":{"start":{"line":14,"column":30},"end":{"line":14,"column":49}},"8":{"start":{"line":16,"column":16},"end":{"line":16,"column":34}},"9":{"start":{"line":17,"column":16},"end":{"line":17,"column":28}},"10":{"start":{"line":21,"column":19},"end":{"line":22,"column":57}},"11":{"start":{"line":22,"column":4},"end":{"line":22,"column":57}},"12":{"start":{"line":22,"column":23},"end":{"line":22,"column":56}},"13":{"start":{"line":24,"column":20},"end":{"line":31,"column":5}},"14":{"start":{"line":25,"column":4},"end":{"line":31,"column":5}},"15":{"start":{"line":26,"column":8},"end":{"line":30,"column":10}},"16":{"start":{"line":33,"column":22},"end":{"line":39,"column":5}},"17":{"start":{"line":34,"column":4},"end":{"line":39,"column":5}},"18":{"start":{"line":35,"column":8},"end":{"line":38,"column":10}},"19":{"start":{"line":41,"column":21},"end":{"line":54,"column":5}},"20":{"start":{"line":42,"column":4},"end":{"line":54,"column":5}},"21":{"start":{"line":44,"column":12},"end":{"line":47,"column":14}},"22":{"start":{"line":49,"column":12},"end":{"line":52,"column":31}},"23":{"start":{"line":50,"column":16},"end":{"line":50,"column":57}},"24":{"start":{"line":51,"column":16},"end":{"line":51,"column":27}},"25":{"start":{"line":52,"column":19},"end":{"line":52,"column":31}},"26":{"start":{"line":56,"column":22},"end":{"line":60,"column":5}},"27":{"start":{"line":57,"column":4},"end":{"line":60,"column":5}},"28":{"start":{"line":58,"column":14},"end":{"line":58,"column":71}},"29":{"start":{"line":59,"column":14},"end":{"line":59,"column":18}},"30":{"start":{"line":62,"column":23},"end":{"line":63,"column":62}},"31":{"start":{"line":63,"column":4},"end":{"line":63,"column":62}},"32":{"start":{"line":65,"column":23},"end":{"line":65,"column":76}},"33":{"start":{"line":65,"column":29},"end":{"line":65,"column":76}},"34":{"start":{"line":67,"column":27},"end":{"line":67,"column":55}},"35":{"start":{"line":67,"column":33},"end":{"line":67,"column":55}},"36":{"start":{"line":69,"column":32},"end":{"line":70,"column":46}},"37":{"start":{"line":70,"column":4},"end":{"line":70,"column":46}},"38":{"start":{"line":72,"column":27},"end":{"line":72,"column":62}},"39":{"start":{"line":72,"column":33},"end":{"line":72,"column":62}},"40":{"start":{"line":74,"column":28},"end":{"line":74,"column":63}},"41
[...]
:5}},"46":{"start":{"line":80,"column":14},"end":{"line":80,"column":48}},"47":{"start":{"line":82,"column":26},"end":{"line":82,"column":69}},"48":{"start":{"line":82,"column":59},"end":{"line":82,"column":68}},"49":{"start":{"line":83,"column":23},"end":{"line":83,"column":25}},"50":{"start":{"line":84,"column":12},"end":{"line":84,"column":60}},"51":{"start":{"line":84,"column":37},"end":{"line":84,"column":60}},"52":{"start":{"line":85,"column":12},"end":{"line":85,"column":23}},"53":{"start":{"line":89,"column":34},"end":{"line":89,"column":79}},"54":{"start":{"line":89,"column":46},"end":{"line":89,"column":79}},"55":{"start":{"line":91,"column":30},"end":{"line":91,"column":76}},"56":{"start":{"line":91,"column":36},"end":{"line":91,"column":76}},"57":{"start":{"line":93,"column":31},"end":{"line":93,"column":80}},"58":{"start":{"line":93,"column":43},"end":{"line":93,"column":80}},"59":{"start":{"line":95,"column":34},"end":{"line":96,"column":44}},"60":{"start":{"line":96,"column":4},"end":{"line":96,"column":44}}},"fnMap":{"0":{"name":"(anonymous_0)","decl":{"start":{"line":7,"column":21},"end":{"line":7,"column":22}},"loc":{"start":{"line":8,"column":4},"end":{"line":19,"column":10}},"line":8},"1":{"name":"(anonymous_1)","decl":{"start":{"line":9,"column":14},"end":{"line":9,"column":15}},"loc":{"start":{"line":9,"column":26},"end":{"line":12,"column":9}},"line":9},"2":{"name":"(anonymous_2)","decl":{"start":{"line":13,"column":15},"end":{"line":13,"column":16}},"loc":{"start":{"line":13,"column":24},"end":{"line":19,"column":9}},"line":13},"3":{"name":"(anonymous_3)","decl":{"start":{"line":21,"column":19},"end":{"line":21,"column":20}},"loc":{"start":{"line":22,"column":4},"end":{"line":22,"column":57}},"line":22},"4":{"name":"(anonymous_4)","decl":{"start":{"line":22,"column":17},"end":{"line":22,"column":18}},"loc":{"start":{"line":22,"column":23},"end":{"line":22,"column":56}},"line":22},"5":{"name":"(anonymous_5)","decl":{"start":{"line":24,"column":20},"end":{"line":24,"column":21}},"loc":{"start":{"line":25,"column":4},"end":{"line":31,"column":5}},"line":25},"6":{"name":"(anonymous_6)","decl":{"start":{"line":25,"column":17},"end":{"line":25,"column":18}},"loc":{"start":{"line":26,"column":8},"end":{"line":30,"column":10}},"line":26},"7":{"name":"(anonymous_7)","decl":{"start":{"line":33,"column":22},"end":{"line":33,"column":23}},"loc":{"start":{"line":34,"column":4},"end":{"line":39,"column":5}},"line":34},"8":{"name":"(anonymous_8)","decl":{"start":{"line":34,"column":17},"end":{"line":34,"column":18}},"loc":{"start":{"line":35,"column":8},"end":{"line":38,"column":10}},"line":35},"9":{"name":"(anonymous_9)","decl":{"start":{"line":41,"column":21},"end":{"line":41,"column":22}},"loc":{"start":{"line":42,"column":4},"end":{"line":54,"column":5}},"line":42},"10":{"name":"(anonymous_10)","decl":{"start":{"line":43,"column":8},"end":{"line":43,"column":9}},"loc":{"start":{"line":44,"column":12},"end":{"line":47,"column":14}},"line":44},"11":{"name":"(anonymous_11)","decl":{"start":{"line":48,"column":8},"end":{"line":48,"column":9}},"loc":{"start":{"line":48,"column":20},"end":{"line":53,"column":9}},"line":48},"12":{"name":"(anonymous_12)","decl":{"start":{"line":56,"column":22},"end":{"line":56,"column":23}},"loc":{"start":{"line":57,"column":4},"end":{"line":60,"column":5}},"line":57},"13":{"name":"(anonymous_13)","decl":{"start":{"line":58,"column":8},"end":{"line":58,"column":9}},"loc":{"start":{"line":58,"column":14},"end":{"line":58,"column":71}},"line":58},"14":{"name":"(anonymous_14)","decl":{"start":{"line":59,"column":8},"end":{"line":59,"column":9}},"loc":{"start":{"line":59,"column":14},"end":{"line":59,"column":18}},"line":59},"15":{"name":"(anonymous_15)","decl":{"start":{"line":62,"column":23},"end":{"line":62,"column":24}},"loc":{"start":{"line":63,"column":4},"end":{"line":63,"column":62}},"line":63},"16":{"name":"(anonymous_16)","decl":{"start":{"line":65,"column":23},"end":{"line":65,"column":24}},"loc":{"start":{"line":65,"column":29},"end":{"line":65,"column":76}},"line":65},"17":{"name":"(anonymous_17)","decl":{"start":{"line":67,"column":27},"end":{"line":67,"column":28}},"loc":{"start":{"line":67,"column":33},"end":{"line":67,"column":55}},"line":67},"18":{"name":"(anonymous_18)","decl":{"start":{"line":69,"column":32},"end":{"line":69,"column":33}},"loc":{"start":{"line":70,"column":4},"end":{"line":70,"column":46}},"line":70},"19":{"name":"(anonymous_19)","decl":{"start":{"line":72,"column":27},"end":{"line":72,"column":28}},"loc":{"start":{"line":72,"column":33},"end":{"line":72,"column":62}},"line":72},"20":{"name":"(anonymous_20)","decl":{"start":{"line":74,"column":28},"end":{"line":74,"column":29}},"loc":{"start":{"line":74,"column":34},"end":{"line":74,"column":63}},"line":74},"21":{"name":"(anonymous_21)","decl":{"start":{"line":76,"column":38},"end":{"line":76,"column":39}},"loc":{"start":{"line":76,"column":44},"end":{"line":76,"column":79}},"line":76},"22":{"name":"(anonymous_22)","decl":{"start":{"line":78,"column":29},"end":{"line":78,"column":30}},"loc":{"start":{"line":79,"column":4},"end":{"line":87,"column":5}},"line":79},"23":{"name":"(anonymous_23)","decl":{"start":{"line":80,"column":8},"end":{"line":80,"column":9}},"loc":{"start":{"line":80,"column":14},"end":{"line":80,"column":48}},"line":80},"24":{"name":"(anonymous_24)","decl":{"start":{"line":81,"column":8},"end":{"line":81,"column":9}},"loc":{"start":{"line":81,"column":20},"end":{"line":86,"column":9}},"line":81},"25":{"name":"(anonymous_25)","decl":{"start":{"line":82,"column":49},"end":{"line":82,"column":50}},"loc":{"start":{"line":82,"column":59},"end":{"line":82,"column":68}},"line":82},"26":{"name":"(anonymous_26)","decl":{"start":{"line":89,"column":34},"end":{"line":89,"column":35}},"loc":{"start":{"line":89,"column":46},"end":{"line":89,"column":79}},"line":89},"27":{"name":"(anonymous_27)","decl":{"start":{"line":91,"column":30},"end":{"line":91,"column":31}},"loc":{"start":{"line":91,"column":36},"end":{"line":91,"column":76}},"line":91},"28":{"name":"(anonymous_28)","decl":{"start":{"line":93,"column":31},"end":{"line":93,"column":32}},"loc":{"start":{"line":93,"column":43},"end":{"line":93,"column":80}},"line":93},"29":{"name":"(anonymous_29)","decl":{"start":{"line":95,"column":34},"end":{"line":95,"column":35}},"loc":{"start":{"line":96,"column":4},"end":{"line":96,"column":44}},"line":96}},"branchMap":{"0":{"loc":{"start":{"line":10,"column":12},"end":{"line":11,"column":37}},"type":"if","locations":[{"start":{"line":10,"column":12},"end":{"line":11,"column":37}},{"start":{"line":10,"column":12},"end":{"line":11,"column":37}}],"line":10},"1":{"loc":{"start":{"line":14,"column":12},"end":{"line":18,"column":13}},"type":"if","locations":[{"start":{"line":14,"column":12},"end":{"line":18,"column":13}},{"start":{"line":14,"column":12},"end":{"line":18,"column":13}}],"line":14},"2":{"loc":{"start":{"line":49,"column":12},"end":{"line":52,"column":31}},"type":"if","locations":[{"start":{"line":49,"column":12},"end":{"line":52,"column":31}},{"start":{"line":49,"column":12},"end":{"line":52,"column":31}}],"line":49},"3":{"loc":{"start":{"line":49,"column":16},"end":{"line":49,"column":70}},"type":"binary-expr","locations":[{"start":{"line":49,"column":16},"end":{"line":49,"column":29}},{"start":{"line":49,"column":33},"end":{"line":49,"column":70}}],"line":49}},"s":{"0":1,"1":1,"2":0,"3":0,"4":0,"5":0,"6":0,"7":0,"8":0,"9":0,"10":1,"11":0,"12":0,"13":1,"14":0,"15":0,"16":1,"17":0,"18":0,"19":1,"20":0,"21":0,"22":0,"23":0,"24":0,"25":0,"26":1,"27":0,"28":0,"29":0,"30":1,"31":0,"32":1,"33":0,"34":1,"35":0,"36":1,"37":0,"38":1,"39":0,"40":1,"41":0,"42":1,"43":0,"44":1,"45":0,"46":0,"47":0,"48":0,"49":0,"50":0,"51":0,"52":0,"53":1,"54":0,"55":1,"56":0,"57":1,"58":0,"59":1,"60":0},"f":{"0":0,"1":0,"2":0,"3":0,"4":0,"5":0,"6":0,"7":0,"8":0,"9":0,"10":0,"11":0,"12":0,"13":0,"14":0,"15":0,"16":0,"17":0,"18":0,"19":0,"20":0,"21":0,"22":0,"23":0,"24":0,"25":0,"26":0,"27":0,"28":0,"29":0},"b":{"0":[0,0],"1":[0,0],"2":[0,0],"3":[0,0]},"_coverageSchema":"332fd63041d2c1bcb487cc26dd0d5f7d97098a6c","hash":"9936995b052c101cf8ba7d93c35af4323198b42d"}
,"C:\\Users\\Etudiant\\Documents\\PTUT\\cho7\\client\\src\\modules\\apiURL.js": {"path":"C:\\Users\\Etudiant\\Documents\\PTUT\\cho7\\client\\src\\modules\\apiURL.js","statementMap":{"0":{"start":{"line":1,"column":18},"end":{"line":12,"column":1}},"1":{"start":{"line":2,"column":4},"end":{"line":11,"column":5}},"2":{"start":{"line":4,"column":12},"end":{"line":4,"column":42}},"3":{"start":{"line":6,"column":12},"end":{"line":6,"column":78}},"4":{"start":{"line":8,"column":12},"end":{"line":8,"column":46}},"5":{"start":{"line":10,"column":12},"end":{"line":10,"column":42}},"6":{"start":{"line":14,"column":27},"end":{"line":18,"column":1}},"7":{"start":{"line":15,"column":14},"end":{"line":15,"column":44}},"8":{"start":{"line":16,"column":4},"end":{"line":16,"column":33}},"9":{"start":{"line":16,"column":18},"end":{"line":16,"column":33}},"10":{"start":{"line":17,"column":4},"end":{"line":17,"column":14}},"11":{"start":{"line":20,"column":27},"end":{"line":24,"column":1}},"12":{"start":{"line":21,"column":14},"end":{"line":21,"column":45}},"13":{"start":{"line":22,"column":4},"end":{"line":22,"column":33}},"14":{"start":{"line":22,"column":18},"end":{"line":22,"column":33}},"15":{"start":{"line":23,"column":4},"end":{"line":23,"column":14}}},"fnMap":{"0":{"name":"(anonymous_0)","decl":{"start":{"line":1,"column":18},"end":{"line":1,"column":19}},"loc":{"start":{"line":1,"column":24},"end":{"line":12,"column":1}},"line":1},"1":{"name":"(anonymous_1)","decl":{"start":{"line":14,"column":27},"end":{"line":14,"column":28}},"loc":{"start":{"line":14,"column":39},"end":{"line":18,"column":1}},"line":14},"2":{"name":"(anonymous_2)","decl":{"start":{"line":20,"column":27},"end":{"line":20,"column":28}},"loc":{"start":{"line":20,"column":39},"end":{"line":24,"column":1}},"line":20}},"branchMap":{"0":{"loc":{"start":{"line":2,"column":4},"end":{"line":11,"column":5}},"type":"switch","locations":[{"start":{"line":3,"column":8},"end":{"line":4,"column":42}},{"start":{"line":5,"column":8},"end":{"line":6,"column":78}},{"start":{"line":7,"column":8},"end":{"line":8,"column":46}},{"start":{"line":9,"column":8},"end":{"line":10,"column":42}}],"line":2},"1":{"loc":{"start":{"line":16,"column":4},"end":{"line":16,"column":33}},"type":"if","locations":[{"start":{"line":16,"column":4},"end":{"line":16,"column":33}},{"start":{"line":16,"column":4},"end":{"line":16,"column":33}}],"line":16},"2":{"loc":{"start":{"line":22,"column":4},"end":{"line":22,"column":33}},"type":"if","locations":[{"start":{"line":22,"column":4},"end":{"line":22,"column":33}},{"start":{"line":22,"column":4},"end":{"line":22,"column":33}}],"line":22}},"s":{"0":1,"1":1,"2":1,"3":0,"4":0,"5":0,"6":1,"7":0,"8":0,"9":0,"10":0,"11":1,"12":0,"13":0,"14":0,"15":0},"f":{"0":1,"1":0,"2":0},"b":{"0":[1,0,0,0],"1":[0,0],"2":[0,0]},"_coverageSchema":"332fd63041d2c1bcb487cc26dd0d5f7d97098a6c","hash":"f48b2ae2c44acc989a83d24dadb3bf1a69d91936"}
,"C:\\Users\\Etudiant\\Documents\\PTUT\\cho7\\client\\src\\modules\\validation.js": {"path":"C:\\Users\\Etudiant\\Documents\\PTUT\\cho7\\client\\src\\modules\\validation.js","statementMap":{"0":{"start":{"line":1,"column":24},"end":{"line":2,"column":51}},"1":{"start":{"line":2,"column":4},"end":{"line":2,"column":51}}},"fnMap":{"0":{"name":"(anonymous_0)","decl":{"start":{"line":1,"column":24},"end":{"line":1,"column":25}},"loc":{"start":{"line":2,"column":4},"end":{"line":2,"column":51}},"line":2}},"branchMap":{"0":{"loc":{"start":{"line":2,"column":4},"end":{"line":2,"column":51}},"type":"cond-expr","locations":[{"start":{"line":2,"column":12},"end":{"line":2,"column":21}},{"start":{"line":2,"column":24},"end":{"line":2,"column":51}}],"line":2}},"s":{"0":1,"1":0},"f":{"0":0},"b":{"0":[0,0]},"_coverageSchema":"332fd63041d2c1bcb487cc26dd0d5f7d97098a6c","hash":"95b68a3f4d6462bc731590a3e526ec0294164e76"}
,"C:\\Users\\Etudiant\\Documents\\PTUT\\cho7\\client\\src\\stories\\index.js": {"path":"C:\\Users\\Etudiant\\Documents\\PTUT\\cho7\\client\\src\\stories\\index.js","statementMap":{"0":{"start":{"line":1,"column":0},"end":{"line":null,"column":-1}},"1":{"start":{"line":2,"column":0},"end":{"line":null,"column":-1}},"2":{"start":{"line":3,"column":0},"end":{"line":null,"column":-1}},"3":{"start":{"line":4,"column":0},"end":{"line":null,"column":-1}},"4":{"start":{"line":5,"column":0},"end":{"line":null,"column":-1}},"5":{"start":{"line":6,"column":0},"end":{"line":null,"column":-1}},"6":{"start":{"line":7,"column":0},"end":{"line":null,"column":-1}},"7":{"start":{"line":8,"column":0},"end":{"line":null,"column":-1}},"8":{"start":{"line":9,"column":0},"end":{"line":null,"column":-1}},"9":{"start":{"line":10,"column":0},"end":{"line":null,"column":-1}},"10":{"start":{"line":11,"column":0},"end":{"line":null,"column":-1}},"11":{"start":{"line":12,"column":0},"end":{"line":null,"column":-1}},"12":{"start":{"line":13,"column":0},"end":{"line":null,"column":-1}},"13":{"start":{"line":14,"column":0},"end":{"line":null,"column":-1}},"14":{"start":{"line":15,"column":0},"end":{"line":null,"column":-1}},"15":{"start":{"line":16,"column":0},"end":{"line":null,"column":-1}},"16":{"start":{"line":17,"column":0},"end":{"line":null,"column":-1}},"17":{"start":{"line":18,"column":0},"end":{"line":null,"column":-1}},"18":{"start":{"line":19,"column":0},"end":{"line":null,"column":-1}},"19":{"start":{"line":21,"column":0},"end":{"line":null,"column":-1}},"20":{"start":{"line":22,"column":2},"end":{"line":21,"column":0}},"21":{"start":{"line":25,"column":20},"end":{"line":25,"column":0}},"22":{"start":{"line":26,"column":0},"end":{"line":null,"column":-1}},"23":{"start":{"line":27,"column":0},"end":{"line":null,"column":-1}},"24":{"start":{"line":28,"column":2},"end":{"line":27,"column":0}},"25":{"start":{"line":36,"column":23},"end":{"line":36,"column":0}},"26":{"start":{"line":37,"column":0},"end":{"line":null,"column":-1}},"27":{"start":{"line":38,"column":0},"end":{"line":null,"column":-1}},"28":{"start":{"line":39,"column":2},"end":{"line":38,"column":0}},"29":{"start":{"line":44,"column":0},"end":{"line":null,"column":-1}},"30":{"start":{"line":47,"column":4},"end":{"line":44,"column":0}},"31":{"start":{"line":52,"column":27},"end":{"line":44,"column":0}},"32":{"start":{"line":54,"column":23},"end":{"line":54,"column":0}},"33":{"start":{"line":55,"column":0},"end":{"line":null,"column":-1}},"34":{"start":{"line":55,"column":42},"end":{"line":55,"column":0}},"35":{"start":{"line":57,"column":19},"end":{"line":57,"column":0}},"36":{"start":{"line":58,"column":0},"end":{"line":null,"column":-1}},"37":{"start":{"line":59,"column":0},"end":{"line":null,"column":-1}},"38":{"start":{"line":60,"column":2},"end":{"line":59,"column":0}},"39":{"start":{"line":63,"column":24},"end":{"line":63,"column":0}},"40":{"start":{"line":64,"column":0},"end":{"line":null,"column":-1}},"41":{"start":{"line":65,"column":0},"end":{"line":null,"column":-1}},"42":{"start":{"line":66,"column":2},"end":{"line":65,"column":0}},"43":{"start":{"line":69,"column":26},"end":{"line":69,"column":0}},"44":{"start":{"line":70,"column":0},"end":{"line":null,"column":-1}},"45":{"start":{"line":71,"column":0},"end":{"line":null,"column":-1}},"46":{"start":{"line":72,"column":2},"end":{"line":71,"column":0}},"47":{"start":{"line":75,"column":27},"end":{"line":75,"column":0}},"48":{"start":{"line":76,"column":0},"end":{"line":null,"column":-1}},"49":{"start":{"line":77,"column":0},"end":{"line":null,"column":-1}},"50":{"start":{"line":78,"column":2},"end":{"line":77,"column":0}},"51":{"start":{"line":85,"column":20},"end":{"line":85,"column":0}},"52":{"start":{"line":86,"column":0},"end":{"line":null,"column":-1}},"53":{"start":{"line":87,"column":0},"end":{"line":null,"column":-1}},"54":{"start":{"line":88,"column":2},"end":{"line":87,"column":0}},"55":{"start":{"line":89,"column":33},"end":{"line":87,"column":0}},"56":{"start":{"line":91,"column":27},"end":{"line":91,"column":0}},"57":{"start":{"line":92,"column":14},"end":{"line":92,"column":0}},"58":{"start":{"line":93,"column":0},"end":{"line":null,"column":-1}},"59":{"start":{"line":94,"column":0},"end":{"line":null,"column":-1}},"60":{"start":{"line":95,"column":1},"end":{"line":94,"column":0}},"61":{"start":{"line":103,"column":29},"end":{"line":103,"column":0}},"62":{"start":{"line":104,"column":0},"end":{"line":null,"column":-1}},"63":{"start":{"line":104,"column":50},"end":{"line":104,"column":0}},"64":{"start":{"line":106,"column":23},"end":{"line":106,"column":0}},"65":{"start":{"line":107,"column":0},"end":{"line":null,"column":-1}},"66":{"start":{"line":107,"column":38},"end":{"line":107,"column":0}}},"fnMap":{"0":{"name":"(anonymous_0)","decl":{"start":{"line":21,"column":40},"end":{"line":22,"column":1}},"loc":{"start":{"line":22,"column":2},"end":{"line":21,"column":0}}},"1":{"name":"(anonymous_1)","decl":{"start":{"line":27,"column":26},"end":{"line":28,"column":1}},"loc":{"start":{"line":28,"column":2},"end":{"line":27,"column":0}}},"2":{"name":"(anonymous_2)","decl":{"start":{"line":38,"column":36},"end":{"line":39,"column":1}},"loc":{"start":{"line":39,"column":2},"end":{"line":38,"column":0}}},"3":{"name":"(anonymous_3)","decl":{"start":{"line":46,"column":17},"end":{"line":47,"column":3}},"loc":{"start":{"line":47,"column":4},"end":{"line":44,"column":0}}},"4":{"name":"(anonymous_4)","decl":{"start":{"line":52,"column":21},"end":{"line":52,"column":26}},"loc":{"start":{"line":52,"column":27},"end":{"line":44,"column":0}}},"5":{"name":"(anonymous_5)","decl":{"start":{"line":55,"column":36},"end":{"line":55,"column":41}},"loc":{"start":{"line":55,"column":42},"end":{"line":55,"column":0}}},"6":{"name":"(anonymous_6)","decl":{"start":{"line":59,"column":32},"end":{"line":60,"column":1}},"loc":{"start":{"line":60,"column":2},"end":{"line":59,"column":0}}},"7":{"name":"(anonymous_7)","decl":{"start":{"line":65,"column":35},"end":{"line":66,"column":1}},"loc":{"start":{"line":66,"column":2},"end":{"line":65,"column":0}}},"8":{"name":"(anonymous_8)","decl":{"start":{"line":71,"column":34},"end":{"line":72,"column":1}},"loc":{"start":{"line":72,"column":2},"end":{"line":71,"column":0}}},"9":{"name":"(anonymous_9)","decl":{"start":{"line":77,"column":40},"end":{"line":78,"column":1}},"loc":{"start":{"line":78,"column":2},"end":{"line":77,"column":0}}},"10":{"name":"(anonymous_10)","decl":{"start":{"line":87,"column":36},"end":{"line":88,"column":1}},"loc":{"start":{"line":88,"column":2},"end":{"line":87,"column":0}}},"11":{"name":"(anonymous_11)","decl":{"start":{"line":89,"column":27},"end":{"line":89,"column":32}},"loc":{"start":{"line":89,"column":33},"end":{"line":87,"column":0}}},"12":{"name":"(anonymous_12)","decl":{"start":{"line":94,"column":40},"end":{"line":95,"column":0}},"loc":{"start":{"line":95,"column":1},"end":{"line":94,"column":0}}},"13":{"name":"(anonymous_13)","decl":{"start":{"line":104,"column":44},"end":{"line":104,"column":49}},"loc":{"start":{"line":104,"column":50},"end":{"line":104,"column":0}}},"14":{"name":"(anonymous_14)","decl":{"start":{"line":107,"column":32},"end":{"line":107,"column":37}},"loc":{"start":{"line":107,"column":38},"end":{"line":107,"column":0}}}},"branchMap":{},"s":{"0":0,"1":0,"2":0,"3":0,"4":0,"5":0,"6":0,"7":0,"8":0,"9":0,"10":0,"11":0,"12":0,"13":0,"14":0,"15":0,"16":0,"17":0,"18":0,"19":0,"20":0,"21":0,"22":0,"23":0,"24":0,"25":0,"26":0,"27":0,"28":0,"29":0,"30":0,"31":0,"32":0,"33":0,"34":0,"35":0,"36":0,"37":0,"38":0,"39":0,"40":0,"41":0,"42":0,"43":0,"44":0,"45":0,"46":0,"47":0,"48":0,"49":0,"50":0,"51":0,"52":0,"53":0,"54":0,"55":0,"56":0,"57":0,"58":0,"59":0,"60":0,"61":0,"62":0,"63":0,"64":0,"65":0,"66":0},"f":{"0":0,"1":0,"2":0,"3":0,"4":0,"5":0,"6":0,"7":0,"8":0,"9":0,"10":0,"11":0,"12":0,"13":0,"14":0},"b":{}}
}
