{"/Users/camuglianatacha/Documents/LP DQL/ptut/cho7/cho7/client/src/App.js": {"path":"/Users/camuglianatacha/Documents/LP DQL/ptut/cho7/cho7/client/src/App.js","statementMap":{"0":{"start":{"line":15,"column":2},"end":{"line":26,"column":3}}},"fnMap":{"0":{"name":"(anonymous_0)","decl":{"start":{"line":13,"column":1},"end":{"line":13,"column":2}},"loc":{"start":{"line":13,"column":10},"end":{"line":27,"column":2}},"line":13}},"branchMap":{},"s":{"0":1},"f":{"0":1},"b":{},"_coverageSchema":"332fd63041d2c1bcb487cc26dd0d5f7d97098a6c","hash":"2a2cce11bcfb55afa0e33f471f620b64f1b50e7a"}
,"/Users/camuglianatacha/Documents/LP DQL/ptut/cho7/cho7/client/src/index.js": {"path":"/Users/camuglianatacha/Documents/LP DQL/ptut/cho7/cho7/client/src/index.js","statementMap":{"0":{"start":{"line":1,"column":0},"end":{"line":null,"column":-1}},"1":{"start":{"line":2,"column":0},"end":{"line":null,"column":-1}},"2":{"start":{"line":3,"column":0},"end":{"line":null,"column":-1}},"3":{"start":{"line":4,"column":0},"end":{"line":null,"column":-1}},"4":{"start":{"line":5,"column":0},"end":{"line":null,"column":-1}},"5":{"start":{"line":7,"column":0},"end":{"line":null,"column":-1}},"6":{"start":{"line":9,"column":0},"end":{"line":null,"column":-1}}},"fnMap":{},"branchMap":{},"s":{"0":0,"1":0,"2":0,"3":0,"4":0,"5":0,"6":0},"f":{},"b":{}}
,"/Users/camuglianatacha/Documents/LP DQL/ptut/cho7/cho7/client/src/serviceWorker.js": {"path":"/Users/camuglianatacha/Documents/LP DQL/ptut/cho7/cho7/client/src/serviceWorker.js","statementMap":{"0":{"start":{"line":13,"column":20},"end":{"line":13,"column":0}},"1":{"start":{"line":24,"column":2},"end":{"line":54,"column":3}},"2":{"start":{"line":26,"column":22},"end":{"line":26,"column":4}},"3":{"start":{"line":27,"column":4},"end":{"line":32,"column":5}},"4":{"start":{"line":31,"column":6},"end":{"line":null,"column":-1}},"5":{"start":{"line":34,"column":4},"end":{"line":null,"column":-1}},"6":{"start":{"line":35,"column":21},"end":{"line":35,"column":6}},"7":{"start":{"line":37,"column":6},"end":{"line":52,"column":7}},"8":{"start":{"line":39,"column":8},"end":{"line":37,"column":23}},"9":{"start":{"line":43,"column":8},"end":{"line":null,"column":-1}},"10":{"start":{"line":44,"column":10},"end":{"line":null,"column":-1}},"11":{"start":{"line":51,"column":8},"end":{"line":null,"column":-1}},"12":{"start":{"line":58,"column":2},"end":{"line":null,"column":-1}},"13":{"start":{"line":61,"column":6},"end":{"line":null,"column":-1}},"14":{"start":{"line":62,"column":33},"end":{"line":62,"column":8}},"15":{"start":{"line":63,"column":8},"end":{"line":65,"column":9}},"16":{"start":{"line":64,"column":10},"end":{"line":null,"column":-1}},"17":{"start":{"line":66,"column":8},"end":{"line":null,"column":-1}},"18":{"start":{"line":67,"column":10},"end":{"line":92,"column":11}},"19":{"start":{"line":68,"column":12},"end":{"line":91,"column":13}},"20":{"start":{"line":72,"column":14},"end":{"line":68,"column":52}},"21":{"start":{"line":78,"column":14},"end":{"line":80,"column":15}},"22":{"start":{"line":79,"column":16},"end":{"line":null,"column":-1}},"23":{"start":{"line":85,"column":14},"end":{"line":81,"column":19}},"24":{"start":{"line":88,"column":14},"end":{"line":90,"column":15}},"25":{"start":{"line":89,"column":16},"end":{"line":null,"column":-1}},"26":{"start":{"line":97,"column":6},"end":{"line":null,"column":-1}},"27":{"start":{"line":103,"column":2},"end":{"line":null,"column":-1}},"28":{"start":{"line":106,"column":26},"end":{"line":106,"column":6}},"29":{"start":{"line":107,"column":6},"end":{"line":120,"column":7}},"30":{"start":{"line":112,"column":8},"end":{"line":null,"column":-1}},"31":{"start":{"line":113,"column":10},"end":{"line":null,"column":-1}},"32":{"start":{"line":114,"column":12},"end":{"line":null,"column":-1}},"33":{"start":{"line":119,"column":8},"end":{"line":null,"column":-1}},"34":{"start":{"line":123,"column":6},"end":{"line":null,"column":-1}},"35":{"start":{"line":130,"column":2},"end":{"line":134,"column":3}},"36":{"start":{"line":131,"column":4},"end":{"line":null,"column":-1}},"37":{"start":{"line":132,"column":6},"end":{"line":null,"column":-1}}},"fnMap":{"0":{"name":"register","decl":{"start":{"line":23,"column":16},"end":{"line":23,"column":7}},"loc":{"start":{"line":23,"column":33},"end":{"line":55,"column":1}}},"1":{"name":"(anonymous_1)","decl":{"start":{"line":34,"column":36},"end":{"line":34,"column":41}},"loc":{"start":{"line":34,"column":42},"end":{"line":34,"column":4}}},"2":{"name":"(anonymous_2)","decl":{"start":{"line":43,"column":43},"end":{"line":43,"column":48}},"loc":{"start":{"line":43,"column":49},"end":{"line":43,"column":8}}},"3":{"name":"registerValidSW","decl":{"start":{"line":57,"column":9},"end":{"line":57,"column":0}},"loc":{"start":{"line":57,"column":40},"end":{"line":99,"column":1}}},"4":{"name":"(anonymous_4)","decl":{"start":{"line":60,"column":10},"end":{"line":60,"column":21}},"loc":{"start":{"line":60,"column":26},"end":{"line":58,"column":2}}},"5":{"name":"(anonymous_5)","decl":{"start":{"line":61,"column":35},"end":{"line":61,"column":40}},"loc":{"start":{"line":61,"column":41},"end":{"line":61,"column":6}}},"6":{"name":"(anonymous_6)","decl":{"start":{"line":66,"column":41},"end":{"line":66,"column":46}},"loc":{"start":{"line":66,"column":47},"end":{"line":66,"column":8}}},"7":{"name":"(anonymous_7)","decl":{"start":{"line":96,"column":11},"end":{"line":96,"column":15}},"loc":{"start":{"line":96,"column":20},"end":{"line":58,"column":2}}},"8":{"name":"checkValidServiceWorker","decl":{"start":{"line":101,"column":9},"end":{"line":101,"column":0}},"loc":{"start":{"line":101,"column":48},"end":{"line":127,"column":1}}},"9":{"name":"(anonymous_9)","decl":{"start":{"line":104,"column":10},"end":{"line":104,"column":17}},"loc":{"start":{"line":104,"column":22},"end":{"line":103,"column":2}}},"10":{"name":"(anonymous_10)","decl":{"start":{"line":112,"column":43},"end":{"line":112,"column":54}},"loc":{"start":{"line":112,"column":59},"end":{"line":112,"column":8}}},"11":{"name":"(anonymous_11)","decl":{"start":{"line":113,"column":41},"end":{"line":113,"column":46}},"loc":{"start":{"line":113,"column":47},"end":{"line":113,"column":10}}},"12":{"name":"(anonymous_12)","decl":{"start":{"line":122,"column":11},"end":{"line":122,"column":16}},"loc":{"start":{"line":122,"column":17},"end":{"line":103,"column":2}}},"13":{"name":"unregister","decl":{"start":{"line":129,"column":16},"end":{"line":129,"column":7}},"loc":{"start":{"line":129,"column":29},"end":{"line":135,"column":1}}},"14":{"name":"(anonymous_14)","decl":{"start":{"line":131,"column":39},"end":{"line":131,"column":50}},"loc":{"start":{"line":131,"column":55},"end":{"line":131,"column":4}}}},"branchMap":{"0":{"loc":{"start":{"line":14,"column":2},"end":{"line":14,"column":1}},"type":"binary-expr","locations":[{"start":{"line":14,"column":2},"end":{"line":14,"column":1}},{"start":{"line":16,"column":4},"end":{"line":14,"column":2}},{"start":{"line":18,"column":4},"end":{"line":13,"column":27}}]},"1":{"loc":{"start":{"line":24,"column":2},"end":{"line":54,"column":3}},"type":"if","locations":[{"start":{"line":24,"column":2},"end":{"line":54,"column":3}},{"start":{"line":24,"column":2},"end":{"line":54,"column":3}}]},"2":{"loc":{"start":{"line":24,"column":6},"end":{"line":24,"column":5}},"type":"binary-expr","locations":[{"start":{"line":24,"column":6},"end":{"line":24,"column":5}},{"start":{"line":24,"column":47},"end":{"line":24,"column":2}}]},"3":{"loc":{"start":{"line":27,"column":4},"end":{"line":32,"column":5}},"type":"if","locations":[{"start":{"line":27,"column":4},"end":{"line":32,"column":5}},{"start":{"line":27,"column":4},"end":{"line":32,"column":5}}]},"4":{"loc":{"start":{"line":37,"column":6},"end":{"line":52,"column":7}},"type":"if","locations":[{"start":{"line":37,"column":6},"end":{"line":52,"column":7}},{"start":{"line":37,"column":6},"end":{"line":52,"column":7}}]},"5":{"loc":{"start":{"line":63,"column":8},"end":{"line":65,"column":9}},"type":"if","locations":[{"start":{"line":63,"column":8},"end":{"line":65,"column":9}},{"start":{"line":63,"column":8},"end":{"line":65,"column":9}}]},"6":{"loc":{"start":{"line":67,"column":10},"end":{"line":92,"column":11}},"type":"if","locations":[{"start":{"line":67,"column":10},"end":{"line":92,"column":11}},{"start":{"line":67,"column":10},"end":{"line":92,"column":11}}]},"7":{"loc":{"start":{"line":68,"column":12},"end":{"line":91,"column":13}},"type":"if","locations":[{"start":{"line":68,"column":12},"end":{"line":91,"column":13}},{"start":{"line":68,"column":12},"end":{"line":91,"column":13}}]},"8":{"loc":{"start":{"line":78,"column":14},"end":{"line":80,"column":15}},"type":"if","locations":[{"start":{"line":78,"column":14},"end":{"line":80,"column":15}},{"start":{"line":78,"column":14},"end":{"line":80,"column":15}}]},"9":{"loc":{"start":{"line":78,"column":18},"end":{"line":78,"column":24}},"type":"binary-expr","locations":[{"start":{"line":78,"column":18},"end":{"line":78,"column":24}},{"start":{"line":78,"column":28},"end":{"line":78,"column":14}}]},"10":{"loc":{"start":{"line":88,"column":14},"end":{"line":90,"column":15}},"type":"if","locations":[{"start":{"line":88,"column":14},"end":{"line":90,"column":15}},{"start":{"line":88,"column":14},"end":{"line":90,"column":15}}]},"11":{"loc":{"start":{"line":88,"column":18},"end":{"line":88,"column":24}},"type":"binary-expr","locations":[{"start":{"line":88,"column":18},"end":{"line":88,"column":24}},{"start":{"line":88,"column":28},"end":{"line":88,"column":14}}]},"12":{"loc":{"start":{"line":107,"column":6},"end":{"line":120,"column":7}},"type":"if","locations":[{"start":{"line":107,"column":6},"end":{"line":120,"column":7}},{"start":{"line":107,"column":6},"end":{"line":120,"column":7}}]},"13":{"loc":{"start":{"line":108,"column":8},"end":{"line":108,"column":7}},"type":"binary-expr","locations":[{"start":{"line":108,"column":8},"end":{"line":108,"column":7}},{"start":{"line":109,"column":9},"end":{"line":109,"column":8}},{"start":{"line":109,"column":32},"end":{"line":107,"column":6}}]},"14":{"loc":{"start":{"line":130,"column":2},"end":{"line":134,"column":3}},"type":"if","locations":[{"start":{"line":130,"column":2},"end":{"line":134,"column":3}},{"start":{"line":130,"column":2},"end":{"line":134,"column":3}}]}},"s":{"0":0,"1":0,"2":0,"3":0,"4":0,"5":0,"6":0,"7":0,"8":0,"9":0,"10":0,"11":0,"12":0,"13":0,"14":0,"15":0,"16":0,"17":0,"18":0,"19":0,"20":0,"21":0,"22":0,"23":0,"24":0,"25":0,"26":0,"27":0,"28":0,"29":0,"30":0,"31":0,"32":0,"33":0,"34":0,"35":0,"36":0,"37":0},"f":{"0":0,"1":0,"2":0,"3":0,"4":0,"5":0,"6":0,"7":0,"8":0,"9":0,"10":0,"11":0,"12":0,"13":0,"14":0},"b":{"0":[0,0,0],"1":[0,0],"2":[0,0],"3":[0,0],"4":[0,0],"5":[0,0],"6":[0,0],"7":[0,0],"8":[0,0],"9":[0,0],"10":[0,0],"11":[0,0],"12":[0,0],"13":[0,0,0],"14":[0,0]}}
,"/Users/camuglianatacha/Documents/LP DQL/ptut/cho7/cho7/client/src/setupTests.js": {"path":"/Users/camuglianatacha/Documents/LP DQL/ptut/cho7/cho7/client/src/setupTests.js","statementMap":{"0":{"start":{"line":7,"column":0},"end":{"line":7,"column":38}}},"fnMap":{},"branchMap":{},"s":{"0":2},"f":{},"b":{},"_coverageSchema":"332fd63041d2c1bcb487cc26dd0d5f7d97098a6c","hash":"43d54d3194cd2a7e676fcdc17fe533f96e5df013"}
,"/Users/camuglianatacha/Documents/LP DQL/ptut/cho7/cho7/client/src/components/atoms/AddButton.js": {"path":"/Users/camuglianatacha/Documents/LP DQL/ptut/cho7/cho7/client/src/components/atoms/AddButton.js","statementMap":{"0":{"start":{"line":3,"column":18},"end":{"line":8,"column":1}}},"fnMap":{},"branchMap":{},"s":{"0":1},"f":{},"b":{},"_coverageSchema":"332fd63041d2c1bcb487cc26dd0d5f7d97098a6c","hash":"2161455c2ef1f0915e1951a427946b5eba892bf5"}
,"/Users/camuglianatacha/Documents/LP DQL/ptut/cho7/cho7/client/src/components/atoms/Banniere.js": {"path":"/Users/camuglianatacha/Documents/LP DQL/ptut/cho7/cho7/client/src/components/atoms/Banniere.js","statementMap":{"0":{"start":{"line":3,"column":17},"end":{"line":5,"column":1}}},"fnMap":{},"branchMap":{},"s":{"0":1},"f":{},"b":{},"_coverageSchema":"332fd63041d2c1bcb487cc26dd0d5f7d97098a6c","hash":"fcd460be5074cbcc419809c656e90edeb6539c6a"}
,"/Users/camuglianatacha/Documents/LP DQL/ptut/cho7/cho7/client/src/components/atoms/FieldConnection.js": {"path":"/Users/camuglianatacha/Documents/LP DQL/ptut/cho7/cho7/client/src/components/atoms/FieldConnection.js","statementMap":{"0":{"start":{"line":3,"column":24},"end":{"line":5,"column":1}}},"fnMap":{},"branchMap":{},"s":{"0":1},"f":{},"b":{},"_coverageSchema":"332fd63041d2c1bcb487cc26dd0d5f7d97098a6c","hash":"d7defb0fa94e486a6a360a914f058cfcaadd56ec"}
,"/Users/camuglianatacha/Documents/LP DQL/ptut/cho7/cho7/client/src/components/atoms/FieldDescription.js": {"path":"/Users/camuglianatacha/Documents/LP DQL/ptut/cho7/cho7/client/src/components/atoms/FieldDescription.js","statementMap":{"0":{"start":{"line":1,"column":0},"end":{"line":null,"column":-1}},"1":{"start":{"line":3,"column":25},"end":{"line":3,"column":0}}},"fnMap":{},"branchMap":{},"s":{"0":0,"1":0},"f":{},"b":{}}
,"/Users/camuglianatacha/Documents/LP DQL/ptut/cho7/cho7/client/src/components/atoms/InputBase.js": {"path":"/Users/camuglianatacha/Documents/LP DQL/ptut/cho7/cho7/client/src/components/atoms/InputBase.js","statementMap":{"0":{"start":{"line":3,"column":18},"end":{"line":7,"column":1}}},"fnMap":{},"branchMap":{},"s":{"0":1},"f":{},"b":{},"_coverageSchema":"332fd63041d2c1bcb487cc26dd0d5f7d97098a6c","hash":"c24541707d33674e10fd1f842523ef1721f09cb0"}
,"/Users/camuglianatacha/Documents/LP DQL/ptut/cho7/cho7/client/src/components/atoms/Label.js": {"path":"/Users/camuglianatacha/Documents/LP DQL/ptut/cho7/cho7/client/src/components/atoms/Label.js","statementMap":{"0":{"start":{"line":3,"column":14},"end":{"line":6,"column":1}},"1":{"start":{"line":4,"column":28},"end":{"line":4,"column":49}}},"fnMap":{"0":{"name":"(anonymous_0)","decl":{"start":{"line":4,"column":19},"end":{"line":4,"column":20}},"loc":{"start":{"line":4,"column":28},"end":{"line":4,"column":49}},"line":4}},"branchMap":{"0":{"loc":{"start":{"line":4,"column":28},"end":{"line":4,"column":49}},"type":"binary-expr","locations":[{"start":{"line":4,"column":28},"end":{"line":4,"column":38}},{"start":{"line":4,"column":42},"end":{"line":4,"column":49}}],"line":4}},"s":{"0":1,"1":0},"f":{"0":0},"b":{"0":[0,0]},"_coverageSchema":"332fd63041d2c1bcb487cc26dd0d5f7d97098a6c","hash":"9aeb1a12c21bedff926aadefac64fd6bb8f54476"}
,"/Users/camuglianatacha/Documents/LP DQL/ptut/cho7/cho7/client/src/components/atoms/LabelConnection.js": {"path":"/Users/camuglianatacha/Documents/LP DQL/ptut/cho7/cho7/client/src/components/atoms/LabelConnection.js","statementMap":{"0":{"start":{"line":1,"column":0},"end":{"line":null,"column":-1}},"1":{"start":{"line":3,"column":24},"end":{"line":3,"column":0}}},"fnMap":{},"branchMap":{},"s":{"0":0,"1":0},"f":{},"b":{}}
,"/Users/camuglianatacha/Documents/LP DQL/ptut/cho7/cho7/client/src/components/atoms/LabelDescription.js": {"path":"/Users/camuglianatacha/Documents/LP DQL/ptut/cho7/cho7/client/src/components/atoms/LabelDescription.js","statementMap":{"0":{"start":{"line":1,"column":0},"end":{"line":null,"column":-1}},"1":{"start":{"line":3,"column":25},"end":{"line":3,"column":0}}},"fnMap":{},"branchMap":{},"s":{"0":0,"1":0},"f":{},"b":{}}
,"/Users/camuglianatacha/Documents/LP DQL/ptut/cho7/cho7/client/src/components/atoms/Logo.jsx": {"path":"/Users/camuglianatacha/Documents/LP DQL/ptut/cho7/cho7/client/src/components/atoms/Logo.jsx","statementMap":{"0":{"start":{"line":3,"column":13},"end":{"line":7,"column":1}}},"fnMap":{},"branchMap":{},"s":{"0":1},"f":{},"b":{},"_coverageSchema":"332fd63041d2c1bcb487cc26dd0d5f7d97098a6c","hash":"e80a814e305115bf8e4ca6f8abd0680e7e80a4bb"}
,"/Users/camuglianatacha/Documents/LP DQL/ptut/cho7/cho7/client/src/components/atoms/SiteTitle.js": {"path":"/Users/camuglianatacha/Documents/LP DQL/ptut/cho7/cho7/client/src/components/atoms/SiteTitle.js","statementMap":{"0":{"start":{"line":3,"column":18},"end":{"line":10,"column":1}}},"fnMap":{},"branchMap":{},"s":{"0":1},"f":{},"b":{},"_coverageSchema":"332fd63041d2c1bcb487cc26dd0d5f7d97098a6c","hash":"08d128f41880705f25574533cfbab6dab8ff9803"}
,"/Users/camuglianatacha/Documents/LP DQL/ptut/cho7/cho7/client/src/components/atoms/TextareaBase.js": {"path":"/Users/camuglianatacha/Documents/LP DQL/ptut/cho7/cho7/client/src/components/atoms/TextareaBase.js","statementMap":{"0":{"start":{"line":3,"column":21},"end":{"line":8,"column":1}}},"fnMap":{},"branchMap":{},"s":{"0":1},"f":{},"b":{},"_coverageSchema":"332fd63041d2c1bcb487cc26dd0d5f7d97098a6c","hash":"3eba0853b78a435d413e13708da4515f45998b9f"}
,"/Users/camuglianatacha/Documents/LP DQL/ptut/cho7/cho7/client/src/components/atoms/Button/Button.js": {"path":"/Users/camuglianatacha/Documents/LP DQL/ptut/cho7/cho7/client/src/components/atoms/Button/Button.js","statementMap":{"0":{"start":{"line":3,"column":15},"end":{"line":11,"column":1}},"1":{"start":{"line":4,"column":32},"end":{"line":4,"column":45}},"2":{"start":{"line":5,"column":22},"end":{"line":5,"column":44}},"3":{"start":{"line":10,"column":21},"end":{"line":10,"column":43}}},"fnMap":{"0":{"name":"(anonymous_0)","decl":{"start":{"line":4,"column":23},"end":{"line":4,"column":24}},"loc":{"start":{"line":4,"column":32},"end":{"line":4,"column":45}},"line":4},"1":{"name":"(anonymous_1)","decl":{"start":{"line":5,"column":13},"end":{"line":5,"column":14}},"loc":{"start":{"line":5,"column":22},"end":{"line":5,"column":44}},"line":5},"2":{"name":"(anonymous_2)","decl":{"start":{"line":10,"column":12},"end":{"line":10,"column":13}},"loc":{"start":{"line":10,"column":21},"end":{"line":10,"column":43}},"line":10}},"branchMap":{"0":{"loc":{"start":{"line":5,"column":22},"end":{"line":5,"column":44}},"type":"binary-expr","locations":[{"start":{"line":5,"column":22},"end":{"line":5,"column":34}},{"start":{"line":5,"column":38},"end":{"line":5,"column":44}}],"line":5},"1":{"loc":{"start":{"line":10,"column":21},"end":{"line":10,"column":43}},"type":"binary-expr","locations":[{"start":{"line":10,"column":21},"end":{"line":10,"column":32}},{"start":{"line":10,"column":36},"end":{"line":10,"column":43}}],"line":10}},"s":{"0":2,"1":5,"2":5,"3":5},"f":{"0":5,"1":5,"2":5},"b":{"0":[5,5],"1":[5,4]},"_coverageSchema":"332fd63041d2c1bcb487cc26dd0d5f7d97098a6c","hash":"2578a4e94395ec09c2fd7556d9e06ba03cf65486"}
,"/Users/camuglianatacha/Documents/LP DQL/ptut/cho7/cho7/client/src/components/molecules/Authentification.jsx": {"path":"/Users/camuglianatacha/Documents/LP DQL/ptut/cho7/cho7/client/src/components/molecules/Authentification.jsx","statementMap":{"0":{"start":{"line":6,"column":23},"end":{"line":9,"column":1}},"1":{"start":{"line":11,"column":23},"end":{"line":14,"column":1}},"2":{"start":{"line":16,"column":18},"end":{"line":22,"column":1}},"3":{"start":{"line":27,"column":8},"end":{"line":43,"column":9}},"4":{"start":{"line":32,"column":66},"end":{"line":32,"column":106}},"5":{"start":{"line":40,"column":70},"end":{"line":40,"column":110}}},"fnMap":{"0":{"name":"(anonymous_0)","decl":{"start":{"line":26,"column":4},"end":{"line":26,"column":5}},"loc":{"start":{"line":26,"column":12},"end":{"line":44,"column":5}},"line":26},"1":{"name":"(anonymous_1)","decl":{"start":{"line":32,"column":59},"end":{"line":32,"column":60}},"loc":{"start":{"line":32,"column":66},"end":{"line":32,"column":106}},"line":32},"2":{"name":"(anonymous_2)","decl":{"start":{"line":40,"column":63},"end":{"line":40,"column":64}},"loc":{"start":{"line":40,"column":70},"end":{"line":40,"column":110}},"line":40}},"branchMap":{},"s":{"0":1,"1":1,"2":1,"3":0,"4":0,"5":0},"f":{"0":0,"1":0,"2":0},"b":{},"_coverageSchema":"332fd63041d2c1bcb487cc26dd0d5f7d97098a6c","hash":"ab004f94ba68ff1eaaddf5fedee9e5d6f57fee74"}
,"/Users/camuglianatacha/Documents/LP DQL/ptut/cho7/cho7/client/src/components/molecules/Avatar.jsx": {"path":"/Users/camuglianatacha/Documents/LP DQL/ptut/cho7/cho7/client/src/components/molecules/Avatar.jsx","statementMap":{"0":{"start":{"line":3,"column":15},"end":{"line":9,"column":1}},"1":{"start":{"line":5,"column":19},"end":{"line":5,"column":33}},"2":{"start":{"line":6,"column":20},"end":{"line":6,"column":34}}},"fnMap":{"0":{"name":"(anonymous_0)","decl":{"start":{"line":5,"column":10},"end":{"line":5,"column":11}},"loc":{"start":{"line":5,"column":19},"end":{"line":5,"column":33}},"line":5},"1":{"name":"(anonymous_1)","decl":{"start":{"line":6,"column":11},"end":{"line":6,"column":12}},"loc":{"start":{"line":6,"column":20},"end":{"line":6,"column":34}},"line":6}},"branchMap":{"0":{"loc":{"start":{"line":5,"column":19},"end":{"line":5,"column":33}},"type":"binary-expr","locations":[{"start":{"line":5,"column":19},"end":{"line":5,"column":26}},{"start":{"line":5,"column":30},"end":{"line":5,"column":33}}],"line":5},"1":{"loc":{"start":{"line":6,"column":20},"end":{"line":6,"column":34}},"type":"binary-expr","locations":[{"start":{"line":6,"column":20},"end":{"line":6,"column":27}},{"start":{"line":6,"column":31},"end":{"line":6,"column":34}}],"line":6}},"s":{"0":1,"1":1,"2":1},"f":{"0":1,"1":1},"b":{"0":[1,1],"1":[1,1]},"_coverageSchema":"332fd63041d2c1bcb487cc26dd0d5f7d97098a6c","hash":"3c6b2e9ff5151a8f556d9a20c4016c27ea2efe70"}
,"/Users/camuglianatacha/Documents/LP DQL/ptut/cho7/cho7/client/src/components/molecules/BarreMenu.js": {"path":"/Users/camuglianatacha/Documents/LP DQL/ptut/cho7/cho7/client/src/components/molecules/BarreMenu.js","statementMap":{"0":{"start":{"line":9,"column":24},"end":{"line":16,"column":1}},"1":{"start":{"line":18,"column":21},"end":{"line":23,"column":1}},"2":{"start":{"line":31,"column":2},"end":{"line":31,"column":49}},"3":{"start":{"line":39,"column":8},"end":{"line":46,"column":9}},"4":{"start":{"line":40,"column":12},"end":{"line":40,"column":111}},"5":{"start":{"line":43,"column":12},"end":{"line":43,"column":90}},"6":{"start":{"line":44,"column":12},"end":{"line":44,"column":96}},"7":{"start":{"line":48,"column":8},"end":{"line":50,"column":9}},"8":{"start":{"line":49,"column":12},"end":{"line":49,"column":95}},"9":{"start":{"line":52,"column":8},"end":{"line":64,"column":10}}},"fnMap":{"0":{"name":"(anonymous_0)","decl":{"start":{"line":30,"column":4},"end":{"line":30,"column":5}},"loc":{"start":{"line":30,"column":30},"end":{"line":32,"column":5}},"line":30},"1":{"name":"(anonymous_1)","decl":{"start":{"line":34,"column":4},"end":{"line":34,"column":5}},"loc":{"start":{"line":34,"column":12},"end":{"line":65,"column":5}},"line":34}},"branchMap":{"0":{"loc":{"start":{"line":39,"column":8},"end":{"line":46,"column":9}},"type":"if","locations":[{"start":{"line":39,"column":8},"end":{"line":46,"column":9}},{"start":{"line":39,"column":8},"end":{"line":46,"column":9}}],"line":39},"1":{"loc":{"start":{"line":48,"column":8},"end":{"line":50,"column":9}},"type":"if","locations":[{"start":{"line":48,"column":8},"end":{"line":50,"column":9}},{"start":{"line":48,"column":8},"end":{"line":50,"column":9}}],"line":48}},"s":{"0":1,"1":1,"2":1,"3":1,"4":1,"5":0,"6":0,"7":1,"8":0,"9":1},"f":{"0":1,"1":1},"b":{"0":[1,0],"1":[0,1]},"_coverageSchema":"332fd63041d2c1bcb487cc26dd0d5f7d97098a6c","hash":"e5214066a6e9e574dec17fe5aca0bd09cc2f1974"}
,"/Users/camuglianatacha/Documents/LP DQL/ptut/cho7/cho7/client/src/components/molecules/Creation.jsx": {"path":"/Users/camuglianatacha/Documents/LP DQL/ptut/cho7/cho7/client/src/components/molecules/Creation.jsx","statementMap":{"0":{"start":{"line":5,"column":16},"end":{"line":12,"column":1}},"1":{"start":{"line":14,"column":15},"end":{"line":17,"column":1}},"2":{"start":{"line":25,"column":2},"end":{"line":25,"column":49}},"3":{"start":{"line":29,"column":15},"end":{"line":29,"column":70}},"4":{"start":{"line":31,"column":2},"end":{"line":60,"column":3}},"5":{"start":{"line":32,"column":3},"end":{"line":47,"column":5}},"6":{"start":{"line":49,"column":3},"end":{"line":59,"column":5}}},"fnMap":{"0":{"name":"(anonymous_0)","decl":{"start":{"line":24,"column":1},"end":{"line":24,"column":2}},"loc":{"start":{"line":24,"column":27},"end":{"line":26,"column":2}},"line":24},"1":{"name":"(anonymous_1)","decl":{"start":{"line":28,"column":1},"end":{"line":28,"column":2}},"loc":{"start":{"line":28,"column":10},"end":{"line":61,"column":2}},"line":28}},"branchMap":{"0":{"loc":{"start":{"line":31,"column":2},"end":{"line":60,"column":3}},"type":"if","locations":[{"start":{"line":31,"column":2},"end":{"line":60,"column":3}},{"start":{"line":31,"column":2},"end":{"line":60,"column":3}}],"line":31}},"s":{"0":1,"1":1,"2":0,"3":0,"4":0,"5":0,"6":0},"f":{"0":0,"1":0},"b":{"0":[0,0]},"_coverageSchema":"332fd63041d2c1bcb487cc26dd0d5f7d97098a6c","hash":"3b6c717ab3661425e9f9c11f5346c1094d1149f5"}
,"/Users/camuglianatacha/Documents/LP DQL/ptut/cho7/cho7/client/src/components/molecules/LabelInput.js": {"path":"/Users/camuglianatacha/Documents/LP DQL/ptut/cho7/cho7/client/src/components/molecules/LabelInput.js","statementMap":{"0":{"start":{"line":6,"column":28},"end":{"line":11,"column":1}},"1":{"start":{"line":15,"column":8},"end":{"line":20,"column":10}}},"fnMap":{"0":{"name":"(anonymous_0)","decl":{"start":{"line":14,"column":4},"end":{"line":14,"column":5}},"loc":{"start":{"line":14,"column":12},"end":{"line":21,"column":5}},"line":14}},"branchMap":{},"s":{"0":1,"1":0},"f":{"0":0},"b":{},"_coverageSchema":"332fd63041d2c1bcb487cc26dd0d5f7d97098a6c","hash":"02c63b4617b2ab56d350ec7a6623411385bb7172"}
,"/Users/camuglianatacha/Documents/LP DQL/ptut/cho7/cho7/client/src/components/molecules/LabelInputRange.js": {"path":"/Users/camuglianatacha/Documents/LP DQL/ptut/cho7/cho7/client/src/components/molecules/LabelInputRange.js","statementMap":{"0":{"start":{"line":5,"column":26},"end":{"line":7,"column":1}},"1":{"start":{"line":11,"column":2},"end":{"line":18,"column":4}}},"fnMap":{"0":{"name":"(anonymous_0)","decl":{"start":{"line":10,"column":1},"end":{"line":10,"column":2}},"loc":{"start":{"line":10,"column":9},"end":{"line":19,"column":2}},"line":10}},"branchMap":{},"s":{"0":1,"1":0},"f":{"0":0},"b":{},"_coverageSchema":"332fd63041d2c1bcb487cc26dd0d5f7d97098a6c","hash":"53a59c12a3e97f4cfc9a47c98c83b7d3ebfc135f"}
,"/Users/camuglianatacha/Documents/LP DQL/ptut/cho7/cho7/client/src/components/molecules/LabelTextarea.js": {"path":"/Users/camuglianatacha/Documents/LP DQL/ptut/cho7/cho7/client/src/components/molecules/LabelTextarea.js","statementMap":{"0":{"start":{"line":6,"column":31},"end":{"line":11,"column":1}},"1":{"start":{"line":15,"column":8},"end":{"line":20,"column":10}}},"fnMap":{"0":{"name":"(anonymous_0)","decl":{"start":{"line":14,"column":4},"end":{"line":14,"column":5}},"loc":{"start":{"line":14,"column":12},"end":{"line":21,"column":5}},"line":14}},"branchMap":{},"s":{"0":1,"1":0},"f":{"0":0},"b":{},"_coverageSchema":"332fd63041d2c1bcb487cc26dd0d5f7d97098a6c","hash":"664a49c561f1fc0af1c5d1d74c0deaf87f02a846"}
,"/Users/camuglianatacha/Documents/LP DQL/ptut/cho7/cho7/client/src/components/molecules/MainContainer.js": {"path":"/Users/camuglianatacha/Documents/LP DQL/ptut/cho7/cho7/client/src/components/molecules/MainContainer.js","statementMap":{"0":{"start":{"line":4,"column":18},"end":{"line":8,"column":1}},"1":{"start":{"line":12,"column":8},"end":{"line":17,"column":10}}},"fnMap":{"0":{"name":"(anonymous_0)","decl":{"start":{"line":11,"column":4},"end":{"line":11,"column":5}},"loc":{"start":{"line":11,"column":12},"end":{"line":18,"column":5}},"line":11}},"branchMap":{},"s":{"0":1,"1":1},"f":{"0":1},"b":{},"_coverageSchema":"332fd63041d2c1bcb487cc26dd0d5f7d97098a6c","hash":"0234ca2839e4baa85960aef19987e5db011a72aa"}
,"/Users/camuglianatacha/Documents/LP DQL/ptut/cho7/cho7/client/src/components/organisms/ConnectionForm.jsx": {"path":"/Users/camuglianatacha/Documents/LP DQL/ptut/cho7/cho7/client/src/components/organisms/ConnectionForm.jsx","statementMap":{"0":{"start":{"line":9,"column":21},"end":{"line":11,"column":22}},"1":{"start":{"line":13,"column":23},"end":{"line":15,"column":1}},"2":{"start":{"line":17,"column":34},"end":{"line":20,"column":1}},"3":{"start":{"line":29,"column":32},"end":{"line":29,"column":66}},"4":{"start":{"line":30,"column":32},"end":{"line":30,"column":66}},"5":{"start":{"line":33,"column":8},"end":{"line":38,"column":9}},"6":{"start":{"line":34,"column":12},"end":{"line":34,"column":31}},"7":{"start":{"line":36,"column":12},"end":{"line":36,"column":32}},"8":{"start":{"line":37,"column":12},"end":{"line":37,"column":40}},"9":{"start":{"line":42,"column":25},"end":{"line":42,"column":27}},"10":{"start":{"line":43,"column":8},"end":{"line":45,"column":9}},"11":{"start":{"line":44,"column":12},"end":{"line":44,"column":85}},"12":{"start":{"line":46,"column":8},"end":{"line":57,"column":10}}},"fnMap":{"0":{"name":"(anonymous_0)","decl":{"start":{"line":29,"column":18},"end":{"line":29,"column":19}},"loc":{"start":{"line":29,"column":32},"end":{"line":29,"column":66}},"line":29},"1":{"name":"(anonymous_1)","decl":{"start":{"line":30,"column":18},"end":{"line":30,"column":19}},"loc":{"start":{"line":30,"column":32},"end":{"line":30,"column":66}},"line":30},"2":{"name":"(anonymous_2)","decl":{"start":{"line":32,"column":14},"end":{"line":32,"column":15}},"loc":{"start":{"line":32,"column":23},"end":{"line":39,"column":5}},"line":32},"3":{"name":"(anonymous_3)","decl":{"start":{"line":41,"column":4},"end":{"line":41,"column":5}},"loc":{"start":{"line":41,"column":13},"end":{"line":58,"column":5}},"line":41}},"branchMap":{"0":{"loc":{"start":{"line":33,"column":8},"end":{"line":38,"column":9}},"type":"if","locations":[{"start":{"line":33,"column":8},"end":{"line":38,"column":9}},{"start":{"line":33,"column":8},"end":{"line":38,"column":9}}],"line":33},"1":{"loc":{"start":{"line":43,"column":8},"end":{"line":45,"column":9}},"type":"if","locations":[{"start":{"line":43,"column":8},"end":{"line":45,"column":9}},{"start":{"line":43,"column":8},"end":{"line":45,"column":9}}],"line":43}},"s":{"0":1,"1":1,"2":1,"3":0,"4":0,"5":0,"6":0,"7":0,"8":0,"9":0,"10":0,"11":0,"12":0},"f":{"0":0,"1":0,"2":0,"3":0},"b":{"0":[0,0],"1":[0,0]},"_coverageSchema":"332fd63041d2c1bcb487cc26dd0d5f7d97098a6c","hash":"135faf73757226ce9a9901921d5eaee3f4e2619b"}
,"/Users/camuglianatacha/Documents/LP DQL/ptut/cho7/cho7/client/src/components/organisms/CreationsInProgress.jsx": {"path":"/Users/camuglianatacha/Documents/LP DQL/ptut/cho7/cho7/client/src/components/organisms/CreationsInProgress.jsx","statementMap":{"0":{"start":{"line":9,"column":8},"end":{"line":9,"column":66}},"1":{"start":{"line":13,"column":8},"end":{"line":28,"column":9}},"2":{"start":{"line":21,"column":24},"end":{"line":24,"column":29}}},"fnMap":{"0":{"name":"(anonymous_0)","decl":{"start":{"line":8,"column":4},"end":{"line":8,"column":5}},"loc":{"start":{"line":8,"column":30},"end":{"line":10,"column":5}},"line":8},"1":{"name":"(anonymous_1)","decl":{"start":{"line":12,"column":4},"end":{"line":12,"column":5}},"loc":{"start":{"line":12,"column":12},"end":{"line":29,"column":5}},"line":12},"2":{"name":"(anonymous_2)","decl":{"start":{"line":20,"column":46},"end":{"line":20,"column":47}},"loc":{"start":{"line":21,"column":24},"end":{"line":24,"column":29}},"line":21}},"branchMap":{},"s":{"0":0,"1":0,"2":0},"f":{"0":0,"1":0,"2":0},"b":{},"_coverageSchema":"332fd63041d2c1bcb487cc26dd0d5f7d97098a6c","hash":"52e1399569f7334b02d1af4510f10d6ad0145aa8"}
,"/Users/camuglianatacha/Documents/LP DQL/ptut/cho7/cho7/client/src/components/organisms/FooterTemplate.jsx": {"path":"/Users/camuglianatacha/Documents/LP DQL/ptut/cho7/cho7/client/src/components/organisms/FooterTemplate.jsx","statementMap":{"0":{"start":{"line":4,"column":24},"end":{"line":16,"column":1}},"1":{"start":{"line":20,"column":8},"end":{"line":25,"column":9}}},"fnMap":{"0":{"name":"(anonymous_0)","decl":{"start":{"line":19,"column":4},"end":{"line":19,"column":5}},"loc":{"start":{"line":19,"column":12},"end":{"line":26,"column":5}},"line":19}},"branchMap":{},"s":{"0":1,"1":1},"f":{"0":1},"b":{},"_coverageSchema":"332fd63041d2c1bcb487cc26dd0d5f7d97098a6c","hash":"59075e153714fdbf170b1151cf8b624592eea151"}
,"/Users/camuglianatacha/Documents/LP DQL/ptut/cho7/cho7/client/src/components/organisms/HeaderTemplate.jsx": {"path":"/Users/camuglianatacha/Documents/LP DQL/ptut/cho7/cho7/client/src/components/organisms/HeaderTemplate.jsx","statementMap":{"0":{"start":{"line":9,"column":8},"end":{"line":14,"column":10}}},"fnMap":{"0":{"name":"(anonymous_0)","decl":{"start":{"line":8,"column":4},"end":{"line":8,"column":5}},"loc":{"start":{"line":8,"column":13},"end":{"line":15,"column":5}},"line":8}},"branchMap":{},"s":{"0":1},"f":{"0":1},"b":{},"_coverageSchema":"332fd63041d2c1bcb487cc26dd0d5f7d97098a6c","hash":"72baab0b6e5417d296a0521e0c6c11d60389470a"}
,"/Users/camuglianatacha/Documents/LP DQL/ptut/cho7/cho7/client/src/components/organisms/InputAddButton.js": {"path":"/Users/camuglianatacha/Documents/LP DQL/ptut/cho7/cho7/client/src/components/organisms/InputAddButton.js","statementMap":{"0":{"start":{"line":8,"column":8},"end":{"line":8,"column":21}},"1":{"start":{"line":9,"column":8},"end":{"line":11,"column":10}},"2":{"start":{"line":12,"column":8},"end":{"line":12,"column":57}},"3":{"start":{"line":16,"column":24},"end":{"line":16,"column":71}},"4":{"start":{"line":17,"column":18},"end":{"line":17,"column":37}},"5":{"start":{"line":18,"column":8},"end":{"line":18,"column":28}},"6":{"start":{"line":19,"column":8},"end":{"line":19,"column":39}},"7":{"start":{"line":23,"column":8},"end":{"line":23,"column":27}},"8":{"start":{"line":24,"column":20},"end":{"line":24,"column":39}},"9":{"start":{"line":25,"column":8},"end":{"line":25,"column":29}},"10":{"start":{"line":26,"column":8},"end":{"line":26,"column":39}},"11":{"start":{"line":30,"column":8},"end":{"line":43,"column":10}},"12":{"start":{"line":36,"column":24},"end":{"line":39,"column":30}},"13":{"start":{"line":38,"column":78},"end":{"line":38,"column":101}}},"fnMap":{"0":{"name":"(anonymous_0)","decl":{"start":{"line":7,"column":4},"end":{"line":7,"column":5}},"loc":{"start":{"line":7,"column":22},"end":{"line":13,"column":5}},"line":7},"1":{"name":"(anonymous_1)","decl":{"start":{"line":15,"column":4},"end":{"line":15,"column":5}},"loc":{"start":{"line":15,"column":18},"end":{"line":20,"column":5}},"line":15},"2":{"name":"(anonymous_2)","decl":{"start":{"line":22,"column":4},"end":{"line":22,"column":5}},"loc":{"start":{"line":22,"column":22},"end":{"line":27,"column":5}},"line":22},"3":{"name":"(anonymous_3)","decl":{"start":{"line":29,"column":4},"end":{"line":29,"column":5}},"loc":{"start":{"line":29,"column":12},"end":{"line":44,"column":5}},"line":29},"4":{"name":"(anonymous_4)","decl":{"start":{"line":35,"column":45},"end":{"line":35,"column":46}},"loc":{"start":{"line":36,"column":24},"end":{"line":39,"column":30}},"line":36},"5":{"name":"(anonymous_5)","decl":{"start":{"line":38,"column":72},"end":{"line":38,"column":73}},"loc":{"start":{"line":38,"column":78},"end":{"line":38,"column":101}},"line":38}},"branchMap":{},"s":{"0":0,"1":0,"2":0,"3":0,"4":0,"5":0,"6":0,"7":0,"8":0,"9":0,"10":0,"11":0,"12":0,"13":0},"f":{"0":0,"1":0,"2":0,"3":0,"4":0,"5":0},"b":{},"_coverageSchema":"332fd63041d2c1bcb487cc26dd0d5f7d97098a6c","hash":"09d360d1d632a58dca725b2530d2c306fb678e30"}
,"/Users/camuglianatacha/Documents/LP DQL/ptut/cho7/cho7/client/src/components/organisms/NewsFeed.jsx": {"path":"/Users/camuglianatacha/Documents/LP DQL/ptut/cho7/cho7/client/src/components/organisms/NewsFeed.jsx","statementMap":{"0":{"start":{"line":7,"column":21},"end":{"line":11,"column":1}},"1":{"start":{"line":13,"column":18},"end":{"line":19,"column":1}},"2":{"start":{"line":25,"column":8},"end":{"line":25,"column":56}},"3":{"start":{"line":29,"column":8},"end":{"line":40,"column":9}},"4":{"start":{"line":34,"column":24},"end":{"line":36,"column":40}}},"fnMap":{"0":{"name":"(anonymous_0)","decl":{"start":{"line":24,"column":4},"end":{"line":24,"column":5}},"loc":{"start":{"line":24,"column":29},"end":{"line":26,"column":5}},"line":24},"1":{"name":"(anonymous_1)","decl":{"start":{"line":28,"column":4},"end":{"line":28,"column":5}},"loc":{"start":{"line":28,"column":12},"end":{"line":41,"column":5}},"line":28},"2":{"name":"(anonymous_2)","decl":{"start":{"line":33,"column":46},"end":{"line":33,"column":47}},"loc":{"start":{"line":34,"column":24},"end":{"line":36,"column":40}},"line":34}},"branchMap":{},"s":{"0":1,"1":1,"2":1,"3":1,"4":0},"f":{"0":1,"1":1,"2":0},"b":{},"_coverageSchema":"332fd63041d2c1bcb487cc26dd0d5f7d97098a6c","hash":"f816ea6c4772dc359f9bf1bbae6dee2d091c9e6c"}
,"/Users/camuglianatacha/Documents/LP DQL/ptut/cho7/cho7/client/src/components/organisms/Profile.jsx": {"path":"/Users/camuglianatacha/Documents/LP DQL/ptut/cho7/cho7/client/src/components/organisms/Profile.jsx","statementMap":{"0":{"start":{"line":7,"column":16},"end":{"line":13,"column":1}},"1":{"start":{"line":15,"column":18},"end":{"line":20,"column":1}},"2":{"start":{"line":34,"column":8},"end":{"line":34,"column":50}},"3":{"start":{"line":40,"column":8},"end":{"line":52,"column":9}}},"fnMap":{"0":{"name":"(anonymous_0)","decl":{"start":{"line":33,"column":4},"end":{"line":33,"column":5}},"loc":{"start":{"line":33,"column":30},"end":{"line":36,"column":5}},"line":33},"1":{"name":"(anonymous_1)","decl":{"start":{"line":38,"column":4},"end":{"line":38,"column":5}},"loc":{"start":{"line":38,"column":12},"end":{"line":53,"column":5}},"line":38}},"branchMap":{},"s":{"0":1,"1":1,"2":1,"3":1},"f":{"0":1,"1":1},"b":{},"_coverageSchema":"332fd63041d2c1bcb487cc26dd0d5f7d97098a6c","hash":"1ec5598e85be7abfaf8c7709c36a49b52f7720d2"}
,"/Users/camuglianatacha/Documents/LP DQL/ptut/cho7/cho7/client/src/components/organisms/Projet.jsx": {"path":"/Users/camuglianatacha/Documents/LP DQL/ptut/cho7/cho7/client/src/components/organisms/Projet.jsx","statementMap":{"0":{"start":{"line":6,"column":21},"end":{"line":10,"column":1}},"1":{"start":{"line":12,"column":29},"end":{"line":19,"column":1}},"2":{"start":{"line":21,"column":23},"end":{"line":24,"column":1}},"3":{"start":{"line":30,"column":8},"end":{"line":30,"column":58}},"4":{"start":{"line":34,"column":14},"end":{"line":34,"column":40}},"5":{"start":{"line":35,"column":8},"end":{"line":35,"column":37}},"6":{"start":{"line":39,"column":8},"end":{"line":59,"column":9}},"7":{"start":{"line":43,"column":24},"end":{"line":55,"column":40}},"8":{"start":{"line":46,"column":32},"end":{"line":49,"column":49}}},"fnMap":{"0":{"name":"(anonymous_0)","decl":{"start":{"line":29,"column":4},"end":{"line":29,"column":5}},"loc":{"start":{"line":29,"column":29},"end":{"line":31,"column":5}},"line":29},"1":{"name":"(anonymous_1)","decl":{"start":{"line":33,"column":18},"end":{"line":33,"column":19}},"loc":{"start":{"line":33,"column":31},"end":{"line":36,"column":5}},"line":33},"2":{"name":"(anonymous_2)","decl":{"start":{"line":38,"column":4},"end":{"line":38,"column":5}},"loc":{"start":{"line":38,"column":12},"end":{"line":60,"column":5}},"line":38},"3":{"name":"(anonymous_3)","decl":{"start":{"line":42,"column":47},"end":{"line":42,"column":48}},"loc":{"start":{"line":43,"column":24},"end":{"line":55,"column":40}},"line":43},"4":{"name":"(anonymous_4)","decl":{"start":{"line":45,"column":35},"end":{"line":45,"column":36}},"loc":{"start":{"line":46,"column":32},"end":{"line":49,"column":49}},"line":46}},"branchMap":{},"s":{"0":1,"1":1,"2":1,"3":1,"4":0,"5":0,"6":1,"7":0,"8":0},"f":{"0":1,"1":0,"2":1,"3":0,"4":0},"b":{},"_coverageSchema":"332fd63041d2c1bcb487cc26dd0d5f7d97098a6c","hash":"271e40aa65b856a57853018036372bf2c9c53ba3"}
,"/Users/camuglianatacha/Documents/LP DQL/ptut/cho7/cho7/client/src/components/organisms/UpdateCreationForm.jsx": {"path":"/Users/camuglianatacha/Documents/LP DQL/ptut/cho7/cho7/client/src/components/organisms/UpdateCreationForm.jsx","statementMap":{"0":{"start":{"line":10,"column":36},"end":{"line":16,"column":1}},"1":{"start":{"line":18,"column":31},"end":{"line":20,"column":1}},"2":{"start":{"line":22,"column":21},"end":{"line":24,"column":1}},"3":{"start":{"line":30,"column":8},"end":{"line":30,"column":77}},"4":{"start":{"line":34,"column":2},"end":{"line":51,"column":3}},"5":{"start":{"line":41,"column":6},"end":{"line":41,"column":98}}},"fnMap":{"0":{"name":"(anonymous_0)","decl":{"start":{"line":29,"column":1},"end":{"line":29,"column":2}},"loc":{"start":{"line":29,"column":27},"end":{"line":31,"column":2}},"line":29},"1":{"name":"(anonymous_1)","decl":{"start":{"line":33,"column":1},"end":{"line":33,"column":2}},"loc":{"start":{"line":33,"column":10},"end":{"line":52,"column":2}},"line":33},"2":{"name":"(anonymous_2)","decl":{"start":{"line":40,"column":27},"end":{"line":40,"column":28}},"loc":{"start":{"line":41,"column":6},"end":{"line":41,"column":98}},"line":41}},"branchMap":{},"s":{"0":1,"1":1,"2":1,"3":0,"4":0,"5":0},"f":{"0":0,"1":0,"2":0},"b":{},"_coverageSchema":"332fd63041d2c1bcb487cc26dd0d5f7d97098a6c","hash":"66e9de8a8cc86a6d0603576bd349f684138bad82"}
,"/Users/camuglianatacha/Documents/LP DQL/ptut/cho7/cho7/client/src/components/organisms/UploadForm.jsx": {"path":"/Users/camuglianatacha/Documents/LP DQL/ptut/cho7/cho7/client/src/components/organisms/UploadForm.jsx","statementMap":{"0":{"start":{"line":9,"column":28},"end":{"line":15,"column":1}},"1":{"start":{"line":17,"column":21},"end":{"line":19,"column":1}},"2":{"start":{"line":24,"column":2},"end":{"line":34,"column":3}}},"fnMap":{"0":{"name":"(anonymous_0)","decl":{"start":{"line":23,"column":1},"end":{"line":23,"column":2}},"loc":{"start":{"line":23,"column":10},"end":{"line":35,"column":2}},"line":23}},"branchMap":{},"s":{"0":1,"1":1,"2":0},"f":{"0":0},"b":{},"_coverageSchema":"332fd63041d2c1bcb487cc26dd0d5f7d97098a6c","hash":"df3f6125ed11f335bfd448be5a320a8130a657ec"}
,"/Users/camuglianatacha/Documents/LP DQL/ptut/cho7/cho7/client/src/components/pages/AccueilPage.jsx": {"path":"/Users/camuglianatacha/Documents/LP DQL/ptut/cho7/cho7/client/src/components/pages/AccueilPage.jsx","statementMap":{"0":{"start":{"line":8,"column":25},"end":{"line":13,"column":1}},"1":{"start":{"line":15,"column":20},"end":{"line":25,"column":1}},"2":{"start":{"line":16,"column":1},"end":{"line":24,"column":7}}},"fnMap":{"0":{"name":"(anonymous_0)","decl":{"start":{"line":15,"column":20},"end":{"line":15,"column":21}},"loc":{"start":{"line":16,"column":1},"end":{"line":24,"column":7}},"line":16}},"branchMap":{},"s":{"0":1,"1":1,"2":1},"f":{"0":1},"b":{},"_coverageSchema":"332fd63041d2c1bcb487cc26dd0d5f7d97098a6c","hash":"2ad0c909a1fce52ba91df7539b2eed0546d6d69a"}
,"/Users/camuglianatacha/Documents/LP DQL/ptut/cho7/cho7/client/src/components/pages/ConnectionPage.jsx": {"path":"/Users/camuglianatacha/Documents/LP DQL/ptut/cho7/cho7/client/src/components/pages/ConnectionPage.jsx","statementMap":{"0":{"start":{"line":10,"column":32},"end":{"line":17,"column":1}},"1":{"start":{"line":19,"column":25},"end":{"line":24,"column":1}},"2":{"start":{"line":30,"column":8},"end":{"line":30,"column":37}},"3":{"start":{"line":31,"column":8},"end":{"line":31,"column":55}},"4":{"start":{"line":35,"column":8},"end":{"line":36,"column":31}},"5":{"start":{"line":36,"column":12},"end":{"line":36,"column":31}},"6":{"start":{"line":38,"column":8},"end":{"line":50,"column":9}}},"fnMap":{"0":{"name":"(anonymous_0)","decl":{"start":{"line":29,"column":4},"end":{"line":29,"column":5}},"loc":{"start":{"line":29,"column":30},"end":{"line":32,"column":5}},"line":29},"1":{"name":"(anonymous_1)","decl":{"start":{"line":34,"column":4},"end":{"line":34,"column":5}},"loc":{"start":{"line":34,"column":12},"end":{"line":51,"column":5}},"line":34}},"branchMap":{"0":{"loc":{"start":{"line":35,"column":8},"end":{"line":36,"column":31}},"type":"if","locations":[{"start":{"line":35,"column":8},"end":{"line":36,"column":31}},{"start":{"line":35,"column":8},"end":{"line":36,"column":31}}],"line":35}},"s":{"0":1,"1":1,"2":0,"3":0,"4":0,"5":0,"6":0},"f":{"0":0,"1":0},"b":{"0":[0,0]},"_coverageSchema":"332fd63041d2c1bcb487cc26dd0d5f7d97098a6c","hash":"e0500f20201b573feb80f7b3d24646e4e3c7fb38"}
,"/Users/camuglianatacha/Documents/LP DQL/ptut/cho7/cho7/client/src/components/pages/MesCreationsPage.jsx": {"path":"/Users/camuglianatacha/Documents/LP DQL/ptut/cho7/cho7/client/src/components/pages/MesCreationsPage.jsx","statementMap":{"0":{"start":{"line":8,"column":21},"end":{"line":12,"column":1}},"1":{"start":{"line":18,"column":8},"end":{"line":18,"column":41}},"2":{"start":{"line":19,"column":8},"end":{"line":19,"column":55}},"3":{"start":{"line":20,"column":8},"end":{"line":20,"column":37}},"4":{"start":{"line":24,"column":8},"end":{"line":36,"column":13}},"5":{"start":{"line":25,"column":12},"end":{"line":36,"column":13}},"6":{"start":{"line":38,"column":8},"end":{"line":39,"column":31}},"7":{"start":{"line":39,"column":12},"end":{"line":39,"column":31}},"8":{"start":{"line":40,"column":12},"end":{"line":40,"column":37}}},"fnMap":{"0":{"name":"(anonymous_0)","decl":{"start":{"line":17,"column":4},"end":{"line":17,"column":5}},"loc":{"start":{"line":17,"column":29},"end":{"line":21,"column":5}},"line":17},"1":{"name":"(anonymous_1)","decl":{"start":{"line":23,"column":4},"end":{"line":23,"column":5}},"loc":{"start":{"line":23,"column":13},"end":{"line":41,"column":5}},"line":23}},"branchMap":{"0":{"loc":{"start":{"line":24,"column":8},"end":{"line":36,"column":13}},"type":"if","locations":[{"start":{"line":24,"column":8},"end":{"line":36,"column":13}},{"start":{"line":24,"column":8},"end":{"line":36,"column":13}}],"line":24},"1":{"loc":{"start":{"line":38,"column":8},"end":{"line":39,"column":31}},"type":"if","locations":[{"start":{"line":38,"column":8},"end":{"line":39,"column":31}},{"start":{"line":38,"column":8},"end":{"line":39,"column":31}}],"line":38}},"s":{"0":1,"1":0,"2":0,"3":0,"4":0,"5":0,"6":0,"7":0,"8":0},"f":{"0":0,"1":0},"b":{"0":[0,0],"1":[0,0]},"_coverageSchema":"332fd63041d2c1bcb487cc26dd0d5f7d97098a6c","hash":"6e5ffff24901f6fa705850fd4c50583cf936fc59"}
,"/Users/camuglianatacha/Documents/LP DQL/ptut/cho7/cho7/client/src/components/pages/RenseignerProfilPage.jsx": {"path":"/Users/camuglianatacha/Documents/LP DQL/ptut/cho7/cho7/client/src/components/pages/RenseignerProfilPage.jsx","statementMap":{"0":{"start":{"line":13,"column":14},"end":{"line":19,"column":1}},"1":{"start":{"line":21,"column":24},"end":{"line":27,"column":1}},"2":{"start":{"line":29,"column":22},"end":{"line":35,"column":1}},"3":{"start":{"line":37,"column":20},"end":{"line":42,"column":1}},"4":{"start":{"line":54,"column":2},"end":{"line":54,"column":37}},"5":{"start":{"line":55,"column":2},"end":{"line":55,"column":40}},"6":{"start":{"line":56,"column":2},"end":{"line":56,"column":50}},"7":{"start":{"line":57,"column":8},"end":{"line":57,"column":37}},"8":{"start":{"line":61,"column":2},"end":{"line":84,"column":4}},"9":{"start":{"line":62,"column":3},"end":{"line":84,"column":4}},"10":{"start":{"line":71,"column":146},"end":{"line":71,"column":325}},"11":{"start":{"line":86,"column":2},"end":{"line":87,"column":31}},"12":{"start":{"line":87,"column":12},"end":{"line":87,"column":31}},"13":{"start":{"line":88,"column":12},"end":{"line":88,"column":37}}},"fnMap":{"0":{"name":"(anonymous_0)","decl":{"start":{"line":53,"column":1},"end":{"line":53,"column":2}},"loc":{"start":{"line":53,"column":27},"end":{"line":58,"column":2}},"line":53},"1":{"name":"(anonymous_1)","decl":{"start":{"line":60,"column":1},"end":{"line":60,"column":2}},"loc":{"start":{"line":60,"column":10},"end":{"line":89,"column":2}},"line":60},"2":{"name":"(anonymous_2)","decl":{"start":{"line":71,"column":139},"end":{"line":71,"column":140}},"loc":{"start":{"line":71,"column":146},"end":{"line":71,"column":325}},"line":71}},"branchMap":{"0":{"loc":{"start":{"line":61,"column":2},"end":{"line":84,"column":4}},"type":"if","locations":[{"start":{"line":61,"column":2},"end":{"line":84,"column":4}},{"start":{"line":61,"column":2},"end":{"line":84,"column":4}}],"line":61},"1":{"loc":{"start":{"line":86,"column":2},"end":{"line":87,"column":31}},"type":"if","locations":[{"start":{"line":86,"column":2},"end":{"line":87,"column":31}},{"start":{"line":86,"column":2},"end":{"line":87,"column":31}}],"line":86}},"s":{"0":1,"1":1,"2":1,"3":1,"4":0,"5":0,"6":0,"7":0,"8":0,"9":0,"10":0,"11":0,"12":0,"13":0},"f":{"0":0,"1":0,"2":0},"b":{"0":[0,0],"1":[0,0]},"_coverageSchema":"332fd63041d2c1bcb487cc26dd0d5f7d97098a6c","hash":"184728f78ad7f02dcaa269409bc14e9e71ba7f6b"}
,"/Users/camuglianatacha/Documents/LP DQL/ptut/cho7/cho7/client/src/components/pages/Template.jsx": {"path":"/Users/camuglianatacha/Documents/LP DQL/ptut/cho7/cho7/client/src/components/pages/Template.jsx","statementMap":{"0":{"start":{"line":6,"column":26},"end":{"line":10,"column":1}},"1":{"start":{"line":12,"column":22},"end":{"line":17,"column":1}},"2":{"start":{"line":21,"column":2},"end":{"line":27,"column":3}}},"fnMap":{"0":{"name":"(anonymous_0)","decl":{"start":{"line":20,"column":1},"end":{"line":20,"column":2}},"loc":{"start":{"line":20,"column":9},"end":{"line":28,"column":2}},"line":20}},"branchMap":{},"s":{"0":1,"1":1,"2":1},"f":{"0":1},"b":{},"_coverageSchema":"332fd63041d2c1bcb487cc26dd0d5f7d97098a6c","hash":"d9bd674e8fe42b16861e8e03d08c26c692d33366"}
,"/Users/camuglianatacha/Documents/LP DQL/ptut/cho7/cho7/client/src/components/pages/UpdateCreationPage.jsx": {"path":"/Users/camuglianatacha/Documents/LP DQL/ptut/cho7/cho7/client/src/components/pages/UpdateCreationPage.jsx","statementMap":{"0":{"start":{"line":8,"column":19},"end":{"line":8,"column":56}},"1":{"start":{"line":14,"column":8},"end":{"line":14,"column":45}},"2":{"start":{"line":15,"column":8},"end":{"line":15,"column":64}},"3":{"start":{"line":16,"column":2},"end":{"line":16,"column":50}},"4":{"start":{"line":17,"column":8},"end":{"line":17,"column":37}},"5":{"start":{"line":21,"column":2},"end":{"line":32,"column":4}},"6":{"start":{"line":22,"column":3},"end":{"line":32,"column":4}},"7":{"start":{"line":27,"column":11},"end":{"line":27,"column":117}},"8":{"start":{"line":34,"column":2},"end":{"line":35,"column":31}},"9":{"start":{"line":35,"column":12},"end":{"line":35,"column":31}},"10":{"start":{"line":36,"column":12},"end":{"line":36,"column":37}}},"fnMap":{"0":{"name":"(anonymous_0)","decl":{"start":{"line":13,"column":1},"end":{"line":13,"column":2}},"loc":{"start":{"line":13,"column":27},"end":{"line":18,"column":2}},"line":13},"1":{"name":"(anonymous_1)","decl":{"start":{"line":20,"column":1},"end":{"line":20,"column":2}},"loc":{"start":{"line":20,"column":9},"end":{"line":37,"column":2}},"line":20},"2":{"name":"(anonymous_2)","decl":{"start":{"line":26,"column":53},"end":{"line":26,"column":54}},"loc":{"start":{"line":27,"column":11},"end":{"line":27,"column":117}},"line":27}},"branchMap":{"0":{"loc":{"start":{"line":21,"column":2},"end":{"line":32,"column":4}},"type":"if","locations":[{"start":{"line":21,"column":2},"end":{"line":32,"column":4}},{"start":{"line":21,"column":2},"end":{"line":32,"column":4}}],"line":21},"1":{"loc":{"start":{"line":34,"column":2},"end":{"line":35,"column":31}},"type":"if","locations":[{"start":{"line":34,"column":2},"end":{"line":35,"column":31}},{"start":{"line":34,"column":2},"end":{"line":35,"column":31}}],"line":34}},"s":{"0":1,"1":0,"2":0,"3":0,"4":0,"5":0,"6":0,"7":0,"8":0,"9":0,"10":0},"f":{"0":0,"1":0,"2":0},"b":{"0":[0,0],"1":[0,0]},"_coverageSchema":"332fd63041d2c1bcb487cc26dd0d5f7d97098a6c","hash":"5675e881810faa37ac76fa723fa1a775f75a1eae"}
,"/Users/camuglianatacha/Documents/LP DQL/ptut/cho7/cho7/client/src/components/pages/UploadPage.jsx": {"path":"/Users/camuglianatacha/Documents/LP DQL/ptut/cho7/cho7/client/src/components/pages/UploadPage.jsx","statementMap":{"0":{"start":{"line":8,"column":25},"end":{"line":10,"column":1}},"1":{"start":{"line":16,"column":8},"end":{"line":16,"column":47}},"2":{"start":{"line":17,"column":2},"end":{"line":17,"column":49}},"3":{"start":{"line":18,"column":8},"end":{"line":18,"column":37}},"4":{"start":{"line":22,"column":2},"end":{"line":31,"column":4}},"5":{"start":{"line":23,"column":3},"end":{"line":31,"column":4}},"6":{"start":{"line":33,"column":2},"end":{"line":34,"column":31}},"7":{"start":{"line":34,"column":12},"end":{"line":34,"column":31}},"8":{"start":{"line":35,"column":12},"end":{"line":35,"column":37}}},"fnMap":{"0":{"name":"(anonymous_0)","decl":{"start":{"line":15,"column":1},"end":{"line":15,"column":2}},"loc":{"start":{"line":15,"column":27},"end":{"line":19,"column":2}},"line":15},"1":{"name":"(anonymous_1)","decl":{"start":{"line":21,"column":1},"end":{"line":21,"column":2}},"loc":{"start":{"line":21,"column":9},"end":{"line":36,"column":2}},"line":21}},"branchMap":{"0":{"loc":{"start":{"line":22,"column":2},"end":{"line":31,"column":4}},"type":"if","locations":[{"start":{"line":22,"column":2},"end":{"line":31,"column":4}},{"start":{"line":22,"column":2},"end":{"line":31,"column":4}}],"line":22},"1":{"loc":{"start":{"line":33,"column":2},"end":{"line":34,"column":31}},"type":"if","locations":[{"start":{"line":33,"column":2},"end":{"line":34,"column":31}},{"start":{"line":33,"column":2},"end":{"line":34,"column":31}}],"line":33}},"s":{"0":1,"1":0,"2":0,"3":0,"4":0,"5":0,"6":0,"7":0,"8":0},"f":{"0":0,"1":0},"b":{"0":[0,0],"1":[0,0]},"_coverageSchema":"332fd63041d2c1bcb487cc26dd0d5f7d97098a6c","hash":"7a6b51937781f54b5d8881509848a05786052863"}
,"/Users/camuglianatacha/Documents/LP DQL/ptut/cho7/cho7/client/src/modules/auth.js": {"path":"/Users/camuglianatacha/Documents/LP DQL/ptut/cho7/cho7/client/src/modules/auth.js","statementMap":{"0":{"start":{"line":5,"column":21},"end":{"line":18,"column":2}},"1":{"start":{"line":5,"column":44},"end":{"line":18,"column":2}},"2":{"start":{"line":9,"column":4},"end":{"line":9,"column":25}},"3":{"start":{"line":10,"column":4},"end":{"line":14,"column":20}},"4":{"start":{"line":11,"column":8},"end":{"line":11,"column":49}},"5":{"start":{"line":12,"column":8},"end":{"line":12,"column":19}},"6":{"start":{"line":14,"column":8},"end":{"line":14,"column":20}},"7":{"start":{"line":16,"column":4},"end":{"line":16,"column":22}},"8":{"start":{"line":17,"column":4},"end":{"line":17,"column":16}},"9":{"start":{"line":20,"column":22},"end":{"line":27,"column":2}},"10":{"start":{"line":20,"column":28},"end":{"line":27,"column":2}},"11":{"start":{"line":22,"column":4},"end":{"line":22,"column":25}},"12":{"start":{"line":23,"column":4},"end":{"line":23,"column":15}},"13":{"start":{"line":25,"column":4},"end":{"line":25,"column":22}},"14":{"start":{"line":26,"column":4},"end":{"line":26,"column":16}},"15":{"start":{"line":29,"column":23},"end":{"line":36,"column":2}},"16":{"start":{"line":29,"column":33},"end":{"line":36,"column":2}},"17":{"start":{"line":31,"column":4},"end":{"line":31,"column":25}},"18":{"start":{"line":32,"column":4},"end":{"line":32,"column":24}},"19":{"start":{"line":34,"column":4},"end":{"line":34,"column":22}},"20":{"start":{"line":35,"column":4},"end":{"line":35,"column":16}},"21":{"start":{"line":38,"column":23},"end":{"line":45,"column":2}},"22":{"start":{"line":38,"column":29},"end":{"line":45,"column":2}},"23":{"start":{"line":40,"column":4},"end":{"line":40,"column":25}},"24":{"start":{"line":41,"column":4},"end":{"line":41,"column":24}},"25":{"start":{"line":43,"column":4},"end":{"line":43,"column":22}},"26":{"start":{"line":44,"column":4},"end":{"line":44,"column":16}},"27":{"start":{"line":47,"column":27},"end":{"line":54,"column":2}},"28":{"start":{"line":47,"column":33},"end":{"line":54,"column":2}},"29":{"start":{"line":49,"column":4},"end":{"line":49,"column":25}},"30":{"start":{"line":50,"column":4},"end":{"line":50,"column":24}},"31":{"start":{"line":52,"column":4},"end":{"line":52,"column":22}},"32":{"start":{"line":53,"column":4},"end":{"line":53,"column":16}},"33":{"start":{"line":56,"column":32},"end":{"line":63,"column":2}},"34":{"start":{"line":56,"column":48},"end":{"line":63,"column":2}},"35":{"start":{"line":58,"column":4},"end":{"line":58,"column":25}},"36":{"start":{"line":59,"column":4},"end":{"line":59,"column":24}},"37":{"start":{"line":61,"column":4},"end":{"line":61,"column":22}},"38":{"start":{"line":62,"column":4},"end":{"line":62,"column":16}},"39":{"start":{"line":65,"column":27},"end":{"line":72,"column":2}},"40":{"start":{"line":65,"column":35},"end":{"line":72,"column":2}},"41":{"start":{"line":67,"column":4},"end":{"line":67,"column":25}},"42":{"start":{"line":68,"column":4},"end":{"line":68,"column":24}},"43":{"start":{"line":70,"column":4},"end":{"line":70,"column":22}},"44":{"start":{"line":71,"column":4},"end":{"line":71,"column":16}},"45":{"start":{"line":74,"column":28},"end":{"line":81,"column":2}},"46":{"start":{"line":74,"column":34},"end":{"line":81,"column":2}},"47":{"start":{"line":76,"column":4},"end":{"line":76,"column":30}},"48":{"start":{"line":77,"column":4},"end":{"line":77,"column":24}},"49":{"start":{"line":79,"column":4},"end":{"line":79,"column":22}},"50":{"start":{"line":80,"column":4},"end":{"line":80,"column":16}},"51":{"start":{"line":83,"column":38},"end":{"line":90,"column":2}},"52":{"start":{"line":83,"column":44},"end":{"line":90,"column":2}},"53":{"start":{"line":85,"column":4},"end":{"line":85,"column":25}},"54":{"start":{"line":86,"column":4},"end":{"line":86,"column":24}},"55":{"start":{"line":88,"column":4},"end":{"line":88,"column":22}},"56":{"start":{"line":89,"column":4},"end":{"line":89,"column":16}},"57":{"start":{"line":92,"column":29},"end":{"line":108,"column":2}},"58":{"start":{"line":92,"column":35},"end":{"line":108,"column":2}},"59":{"start":{"line":94,"column":4},"end":{"line":94,"column":25}},"60":{"start":{"line":96,"column":17},"end":{"line":96,"column":62}},"61":{"start":{"line":96,"column":49},"end":{"line":96,"column":61}},"62":{"start":{"line":97,"column":4},"end":{"line":97,"column":24}},"63":{"start":{"line":98,"column":4},"end":{"line":98,"column":25}},"64":{"start":{"line":99,"column":15},"end":{"line":99,"column":17}},"65":{"start":{"line":100,"column":4},"end":{"line":101,"column":33}},"66":{"start":{"line":101,"column":8},"end":{"line":101,"column":33}},"67":{"start":{"line":103,"column":4},"end":{"line":103,"column":23}},"68":{"start":{"line":104,"column":4},"end":{"line":104,"column":17}},"69":{"start":{"line":106,"column":4},"end":{"line":106,"column":22}},"70":{"start":{"line":107,"column":4},"end":{"line":107,"column":16}},"71":{"start":{"line":110,"column":26},"end":{"line":117,"column":2}},"72":{"start":{"line":110,"column":32},"end":{"line":117,"column":2}},"73":{"start":{"line":112,"column":4},"end":{"line":112,"column":25}},"74":{"start":{"line":113,"column":4},"end":{"line":113,"column":24}},"75":{"start":{"line":115,"column":4},"end":{"line":115,"column":22}},"76":{"start":{"line":116,"column":4},"end":{"line":116,"column":16}}},"fnMap":{"0":{"name":"(anonymous_0)","decl":{"start":{"line":5,"column":21},"end":{"line":5,"column":22}},"loc":{"start":{"line":5,"column":44},"end":{"line":18,"column":2}},"line":5},"1":{"name":"(anonymous_1)","decl":{"start":{"line":8,"column":8},"end":{"line":8,"column":9}},"loc":{"start":{"line":8,"column":20},"end":{"line":15,"column":1}},"line":8},"2":{"name":"(anonymous_2)","decl":{"start":{"line":15,"column":9},"end":{"line":15,"column":10}},"loc":{"start":{"line":15,"column":18},"end":{"line":18,"column":1}},"line":15},"3":{"name":"(anonymous_3)","decl":{"start":{"line":20,"column":22},"end":{"line":20,"column":23}},"loc":{"start":{"line":20,"column":28},"end":{"line":27,"column":2}},"line":20},"4":{"name":"(anonymous_4)","decl":{"start":{"line":21,"column":6},"end":{"line":21,"column":7}},"loc":{"start":{"line":21,"column":20},"end":{"line":24,"column":1}},"line":21},"5":{"name":"(anonymous_5)","decl":{"start":{"line":24,"column":9},"end":{"line":24,"column":10}},"loc":{"start":{"line":24,"column":18},"end":{"line":27,"column":1}},"line":24},"6":{"name":"(anonymous_6)","decl":{"start":{"line":29,"column":23},"end":{"line":29,"column":24}},"loc":{"start":{"line":29,"column":33},"end":{"line":36,"column":2}},"line":29},"7":{"name":"(anonymous_7)","decl":{"start":{"line":30,"column":6},"end":{"line":30,"column":7}},"loc":{"start":{"line":30,"column":20},"end":{"line":33,"column":1}},"line":30},"8":{"name":"(anonymous_8)","decl":{"start":{"line":33,"column":9},"end":{"line":33,"column":10}},"loc":{"start":{"line":33,"column":18},"end":{"line":36,"column":1}},"line":33},"9":{"name":"(anonymous_9)","decl":{"start":{"line":38,"column":23},"end":{"line":38,"column":24}},"loc":{"start":{"line":38,"column":29},"end":{"line":45,"column":2}},"line":38},"10":{"name":"(anonymous_10)","decl":{"start":{"line":39,"column":6},"end":{"line":39,"column":7}},"loc":{"start":{"line":39,"column":20},"end":{"line":42,"column":1}},"line":39},"11":{"name":"(anonymous_11)","decl":{"start":{"line":42,"column":9},"end":{"line":42,"column":10}},"loc":{"start":{"line":42,"column":18},"end":{"line":45,"column":1}},"line":42},"12":{"name":"(anonymous_12)","decl":{"start":{"line":47,"column":27},"end":{"line":47,"column":28}},"loc":{"start":{"line":47,"column":33},"end":{"line":54,"column":2}},"line":47},"13":{"name":"(anonymous_13)","decl":{"start":{"line":48,"column":6},"end":{"line":48,"column":7}},"loc":{"start":{"line":48,"column":20},"end":{"line":51,"column":1}},"line":48},"14":{"name":"(anonymous_14)","decl":{"start":{"line":51,"column":9},"end":{"line":51,"column":10}},"loc":{"start":{"line":51,"column":18},"end":{"line":54,"column":1}},"line":51},"15":{"name":"(anonymous_15)","decl":{"start":{"line":56,"column":32},"end":{"line":56,"column":33}},"loc":{"start":{"line":56,"column":48},"end":{"line":63,"column":2}},"line":56},"16":{"name":"(anonymous_16)","decl":{"start":{"line":57,"column":6},"end":{"line":57,"column":7}},"loc":{"start":{"line":57,"column":18},"end":{"line":60,"column":1}},"line":57},"17":{"name":"(anonymous_17)","decl":{"start":{"line":60,"column":9},"end":{"line":60,"column":10}},"loc":{"start":{"line":60,"column":18},"end":{"line":63,"column":1}},"line":60},"18":{"name":"(anonymous_18)","decl":{"start":{"line":65,"column":27},"end":{"line":65,"column":28}},"loc":{"start":{"line":65,"column":35},"end":{"line":72,"column":2}},"line":65},"19":{"name":"(anonymous_19)","decl":{"start":{"line":66,"column":6},"end":{"line":66,"column":7}},"loc":{"start":{"line":66,"column":18},"end":{"line":69,"column":1}},"line":66},"20":{"name":"(anonymous_20)","decl":{"start":{"line":69,"column":9},"end":{"line":69,"column":10}},"loc":{"start":{"line":69,"column":18},"end":{"line":72,"column":1}},"line":69},"21":{"name":"(anonymous_21)","decl":{"start":{"line":74,"column":28},"end":{"line":74,"column":29}},"loc":{"start":{"line":74,"column":34},"end":{"line":81,"column":2}},"line":74},"22":{"name":"(anonymous_22)","decl":{"start":{"line":75,"column":6},"end":{"line":75,"column":7}},"loc":{"start":{"line":75,"column":18},"end":{"line":78,"column":1}},"line":75},"23":{"name":"(anonymous_23)","decl":{"start":{"line":78,"column":9},"end":{"line":78,"column":10}},"loc":{"start":{"line":78,"column":18},"end":{"line":81,"column":1}},"line":78},"24":{"name":"(anonymous_24)","decl":{"start":{"line":83,"column":38},"end":{"line":83,"column":39}},"loc":{"start":{"line":83,"column":44},"end":{"line":90,"column":2}},"line":83},"25":{"name":"(anonymous_25)","decl":{"start":{"line":84,"column":6},"end":{"line":84,"column":7}},"loc":{"start":{"line":84,"column":18},"end":{"line":87,"column":1}},"line":84},"26":{"name":"(anonymous_26)","decl":{"start":{"line":87,"column":9},"end":{"line":87,"column":10}},"loc":{"start":{"line":87,"column":18},"end":{"line":90,"column":1}},"line":87},"27":{"name":"(anonymous_27)","decl":{"start":{"line":92,"column":29},"end":{"line":92,"column":30}},"loc":{"start":{"line":92,"column":35},"end":{"line":108,"column":2}},"line":92},"28":{"name":"(anonymous_28)","decl":{"start":{"line":93,"column":6},"end":{"line":93,"column":7}},"loc":{"start":{"line":93,"column":18},"end":{"line":105,"column":1}},"line":93},"29":{"name":"(anonymous_29)","decl":{"start":{"line":96,"column":39},"end":{"line":96,"column":40}},"loc":{"start":{"line":96,"column":49},"end":{"line":96,"column":61}},"line":96},"30":{"name":"(anonymous_30)","decl":{"start":{"line":105,"column":9},"end":{"line":105,"column":10}},"loc":{"start":{"line":105,"column":18},"end":{"line":108,"column":1}},"line":105},"31":{"name":"(anonymous_31)","decl":{"start":{"line":110,"column":26},"end":{"line":110,"column":27}},"loc":{"start":{"line":110,"column":32},"end":{"line":117,"column":2}},"line":110},"32":{"name":"(anonymous_32)","decl":{"start":{"line":111,"column":6},"end":{"line":111,"column":7}},"loc":{"start":{"line":111,"column":18},"end":{"line":114,"column":1}},"line":111},"33":{"name":"(anonymous_33)","decl":{"start":{"line":114,"column":9},"end":{"line":114,"column":10}},"loc":{"start":{"line":114,"column":18},"end":{"line":117,"column":1}},"line":114}},"branchMap":{"0":{"loc":{"start":{"line":10,"column":4},"end":{"line":14,"column":20}},"type":"if","locations":[{"start":{"line":10,"column":4},"end":{"line":14,"column":20}},{"start":{"line":10,"column":4},"end":{"line":14,"column":20}}],"line":10},"1":{"loc":{"start":{"line":10,"column":7},"end":{"line":10,"column":60}},"type":"binary-expr","locations":[{"start":{"line":10,"column":7},"end":{"line":10,"column":20}},{"start":{"line":10,"column":24},"end":{"line":10,"column":60}}],"line":10}},"s":{"0":1,"1":0,"2":0,"3":0,"4":0,"5":0,"6":0,"7":0,"8":0,"9":1,"10":0,"11":0,"12":0,"13":0,"14":0,"15":1,"16":1,"17":0,"18":0,"19":0,"20":0,"21":1,"22":0,"23":0,"24":0,"25":0,"26":0,"27":1,"28":1,"29":0,"30":0,"31":0,"32":0,"33":1,"34":0,"35":0,"36":0,"37":0,"38":0,"39":1,"40":0,"41":0,"42":0,"43":0,"44":0,"45":1,"46":1,"47":0,"48":0,"49":0,"50":0,"51":1,"52":0,"53":0,"54":0,"55":0,"56":0,"57":1,"58":1,"59":0,"60":0,"61":0,"62":0,"63":0,"64":0,"65":0,"66":0,"67":0,"68":0,"69":0,"70":0,"71":1,"72":0,"73":0,"74":0,"75":0,"76":0},"f":{"0":0,"1":0,"2":0,"3":0,"4":0,"5":0,"6":1,"7":0,"8":0,"9":0,"10":0,"11":0,"12":1,"13":0,"14":0,"15":0,"16":0,"17":0,"18":0,"19":0,"20":0,"21":1,"22":0,"23":0,"24":0,"25":0,"26":0,"27":1,"28":0,"29":0,"30":0,"31":0,"32":0,"33":0},"b":{"0":[0,0],"1":[0,0]},"_coverageSchema":"332fd63041d2c1bcb487cc26dd0d5f7d97098a6c","hash":"64492311f73b715fb7111a309ef7390017082c13"}
,"/Users/camuglianatacha/Documents/LP DQL/ptut/cho7/cho7/client/src/stories/index.js": {"path":"/Users/camuglianatacha/Documents/LP DQL/ptut/cho7/cho7/client/src/stories/index.js","statementMap":{"0":{"start":{"line":1,"column":0},"end":{"line":null,"column":-1}},"1":{"start":{"line":2,"column":0},"end":{"line":null,"column":-1}},"2":{"start":{"line":3,"column":0},"end":{"line":null,"column":-1}},"3":{"start":{"line":4,"column":0},"end":{"line":null,"column":-1}},"4":{"start":{"line":5,"column":0},"end":{"line":null,"column":-1}},"5":{"start":{"line":6,"column":0},"end":{"line":null,"column":-1}},"6":{"start":{"line":7,"column":0},"end":{"line":null,"column":-1}},"7":{"start":{"line":8,"column":0},"end":{"line":null,"column":-1}},"8":{"start":{"line":9,"column":0},"end":{"line":null,"column":-1}},"9":{"start":{"line":10,"column":0},"end":{"line":null,"column":-1}},"10":{"start":{"line":11,"column":0},"end":{"line":null,"column":-1}},"11":{"start":{"line":12,"column":0},"end":{"line":null,"column":-1}},"12":{"start":{"line":13,"column":0},"end":{"line":null,"column":-1}},"13":{"start":{"line":14,"column":0},"end":{"line":null,"column":-1}},"14":{"start":{"line":15,"column":0},"end":{"line":null,"column":-1}},"15":{"start":{"line":16,"column":0},"end":{"line":null,"column":-1}},"16":{"start":{"line":17,"column":0},"end":{"line":null,"column":-1}},"17":{"start":{"line":18,"column":0},"end":{"line":null,"column":-1}},"18":{"start":{"line":19,"column":0},"end":{"line":null,"column":-1}},"19":{"start":{"line":21,"column":0},"end":{"line":null,"column":-1}},"20":{"start":{"line":22,"column":2},"end":{"line":21,"column":0}},"21":{"start":{"line":25,"column":20},"end":{"line":25,"column":0}},"22":{"start":{"line":26,"column":0},"end":{"line":null,"column":-1}},"23":{"start":{"line":27,"column":0},"end":{"line":null,"column":-1}},"24":{"start":{"line":28,"column":2},"end":{"line":27,"column":0}},"25":{"start":{"line":36,"column":23},"end":{"line":36,"column":0}},"26":{"start":{"line":37,"column":0},"end":{"line":null,"column":-1}},"27":{"start":{"line":38,"column":0},"end":{"line":null,"column":-1}},"28":{"start":{"line":39,"column":2},"end":{"line":38,"column":0}},"29":{"start":{"line":44,"column":0},"end":{"line":null,"column":-1}},"30":{"start":{"line":47,"column":4},"end":{"line":44,"column":0}},"31":{"start":{"line":52,"column":27},"end":{"line":44,"column":0}},"32":{"start":{"line":54,"column":23},"end":{"line":54,"column":0}},"33":{"start":{"line":55,"column":0},"end":{"line":null,"column":-1}},"34":{"start":{"line":55,"column":42},"end":{"line":55,"column":0}},"35":{"start":{"line":57,"column":19},"end":{"line":57,"column":0}},"36":{"start":{"line":58,"column":0},"end":{"line":null,"column":-1}},"37":{"start":{"line":59,"column":0},"end":{"line":null,"column":-1}},"38":{"start":{"line":60,"column":2},"end":{"line":59,"column":0}},"39":{"start":{"line":63,"column":24},"end":{"line":63,"column":0}},"40":{"start":{"line":64,"column":0},"end":{"line":null,"column":-1}},"41":{"start":{"line":65,"column":0},"end":{"line":null,"column":-1}},"42":{"start":{"line":66,"column":2},"end":{"line":65,"column":0}},"43":{"start":{"line":69,"column":26},"end":{"line":69,"column":0}},"44":{"start":{"line":70,"column":0},"end":{"line":null,"column":-1}},"45":{"start":{"line":71,"column":0},"end":{"line":null,"column":-1}},"46":{"start":{"line":72,"column":2},"end":{"line":71,"column":0}},"47":{"start":{"line":75,"column":27},"end":{"line":75,"column":0}},"48":{"start":{"line":76,"column":0},"end":{"line":null,"column":-1}},"49":{"start":{"line":77,"column":0},"end":{"line":null,"column":-1}},"50":{"start":{"line":78,"column":2},"end":{"line":77,"column":0}},"51":{"start":{"line":85,"column":20},"end":{"line":85,"column":0}},"52":{"start":{"line":86,"column":0},"end":{"line":null,"column":-1}},"53":{"start":{"line":87,"column":0},"end":{"line":null,"column":-1}},"54":{"start":{"line":88,"column":2},"end":{"line":87,"column":0}},"55":{"start":{"line":89,"column":33},"end":{"line":87,"column":0}},"56":{"start":{"line":91,"column":27},"end":{"line":91,"column":0}},"57":{"start":{"line":92,"column":14},"end":{"line":92,"column":0}},"58":{"start":{"line":102,"column":0},"end":{"line":null,"column":-1}},"59":{"start":{"line":103,"column":0},"end":{"line":null,"column":-1}},"60":{"start":{"line":104,"column":2},"end":{"line":103,"column":0}},"61":{"start":{"line":107,"column":29},"end":{"line":107,"column":0}},"62":{"start":{"line":108,"column":0},"end":{"line":null,"column":-1}},"63":{"start":{"line":108,"column":50},"end":{"line":108,"column":0}},"64":{"start":{"line":110,"column":23},"end":{"line":110,"column":0}},"65":{"start":{"line":111,"column":0},"end":{"line":null,"column":-1}},"66":{"start":{"line":111,"column":38},"end":{"line":111,"column":0}}},"fnMap":{"0":{"name":"(anonymous_0)","decl":{"start":{"line":21,"column":40},"end":{"line":22,"column":1}},"loc":{"start":{"line":22,"column":2},"end":{"line":21,"column":0}}},"1":{"name":"(anonymous_1)","decl":{"start":{"line":27,"column":26},"end":{"line":28,"column":1}},"loc":{"start":{"line":28,"column":2},"end":{"line":27,"column":0}}},"2":{"name":"(anonymous_2)","decl":{"start":{"line":38,"column":36},"end":{"line":39,"column":1}},"loc":{"start":{"line":39,"column":2},"end":{"line":38,"column":0}}},"3":{"name":"(anonymous_3)","decl":{"start":{"line":46,"column":17},"end":{"line":47,"column":3}},"loc":{"start":{"line":47,"column":4},"end":{"line":44,"column":0}}},"4":{"name":"(anonymous_4)","decl":{"start":{"line":52,"column":21},"end":{"line":52,"column":26}},"loc":{"start":{"line":52,"column":27},"end":{"line":44,"column":0}}},"5":{"name":"(anonymous_5)","decl":{"start":{"line":55,"column":36},"end":{"line":55,"column":41}},"loc":{"start":{"line":55,"column":42},"end":{"line":55,"column":0}}},"6":{"name":"(anonymous_6)","decl":{"start":{"line":59,"column":32},"end":{"line":60,"column":1}},"loc":{"start":{"line":60,"column":2},"end":{"line":59,"column":0}}},"7":{"name":"(anonymous_7)","decl":{"start":{"line":65,"column":35},"end":{"line":66,"column":1}},"loc":{"start":{"line":66,"column":2},"end":{"line":65,"column":0}}},"8":{"name":"(anonymous_8)","decl":{"start":{"line":71,"column":34},"end":{"line":72,"column":1}},"loc":{"start":{"line":72,"column":2},"end":{"line":71,"column":0}}},"9":{"name":"(anonymous_9)","decl":{"start":{"line":77,"column":40},"end":{"line":78,"column":1}},"loc":{"start":{"line":78,"column":2},"end":{"line":77,"column":0}}},"10":{"name":"(anonymous_10)","decl":{"start":{"line":87,"column":36},"end":{"line":88,"column":1}},"loc":{"start":{"line":88,"column":2},"end":{"line":87,"column":0}}},"11":{"name":"(anonymous_11)","decl":{"start":{"line":89,"column":27},"end":{"line":89,"column":32}},"loc":{"start":{"line":89,"column":33},"end":{"line":87,"column":0}}},"12":{"name":"(anonymous_12)","decl":{"start":{"line":103,"column":40},"end":{"line":104,"column":1}},"loc":{"start":{"line":104,"column":2},"end":{"line":103,"column":0}}},"13":{"name":"(anonymous_13)","decl":{"start":{"line":108,"column":44},"end":{"line":108,"column":49}},"loc":{"start":{"line":108,"column":50},"end":{"line":108,"column":0}}},"14":{"name":"(anonymous_14)","decl":{"start":{"line":111,"column":32},"end":{"line":111,"column":37}},"loc":{"start":{"line":111,"column":38},"end":{"line":111,"column":0}}}},"branchMap":{},"s":{"0":0,"1":0,"2":0,"3":0,"4":0,"5":0,"6":0,"7":0,"8":0,"9":0,"10":0,"11":0,"12":0,"13":0,"14":0,"15":0,"16":0,"17":0,"18":0,"19":0,"20":0,"21":0,"22":0,"23":0,"24":0,"25":0,"26":0,"27":0,"28":0,"29":0,"30":0,"31":0,"32":0,"33":0,"34":0,"35":0,"36":0,"37":0,"38":0,"39":0,"40":0,"41":0,"42":0,"43":0,"44":0,"45":0,"46":0,"47":0,"48":0,"49":0,"50":0,"51":0,"52":0,"53":0,"54":0,"55":0,"56":0,"57":0,"58":0,"59":0,"60":0,"61":0,"62":0,"63":0,"64":0,"65":0,"66":0},"f":{"0":0,"1":0,"2":0,"3":0,"4":0,"5":0,"6":0,"7":0,"8":0,"9":0,"10":0,"11":0,"12":0,"13":0,"14":0},"b":{}}
}
