TN:
SF:/Users/camuglianatacha/Documents/LP DQL/ptut/cho7/cho7/client/src/App.js
FN:13,(anonymous_0)
FNF:1
FNH:1
FNDA:1,(anonymous_0)
DA:15,1
LF:1
LH:1
BRF:0
BRH:0
end_of_record
TN:
SF:/Users/camuglianatacha/Documents/LP DQL/ptut/cho7/cho7/client/src/index.js
FNF:0
FNH:0
DA:1,0
DA:2,0
DA:3,0
DA:4,0
DA:5,0
DA:7,0
DA:9,0
LF:7
LH:0
BRF:0
BRH:0
end_of_record
TN:
SF:/Users/camuglianatacha/Documents/LP DQL/ptut/cho7/cho7/client/src/serviceWorker.js
FN:23,register
FN:34,(anonymous_1)
FN:43,(anonymous_2)
FN:57,registerValidSW
FN:60,(anonymous_4)
FN:61,(anonymous_5)
FN:66,(anonymous_6)
FN:96,(anonymous_7)
FN:101,checkValidServiceWorker
FN:104,(anonymous_9)
FN:112,(anonymous_10)
FN:113,(anonymous_11)
FN:122,(anonymous_12)
FN:129,unregister
FN:131,(anonymous_14)
FNF:15
FNH:0
FNDA:0,register
FNDA:0,(anonymous_1)
FNDA:0,(anonymous_2)
FNDA:0,registerValidSW
FNDA:0,(anonymous_4)
FNDA:0,(anonymous_5)
FNDA:0,(anonymous_6)
FNDA:0,(anonymous_7)
FNDA:0,checkValidServiceWorker
FNDA:0,(anonymous_9)
FNDA:0,(anonymous_10)
FNDA:0,(anonymous_11)
FNDA:0,(anonymous_12)
FNDA:0,unregister
FNDA:0,(anonymous_14)
DA:13,0
DA:24,0
DA:26,0
DA:27,0
DA:31,0
DA:34,0
DA:35,0
DA:37,0
DA:39,0
DA:43,0
DA:44,0
DA:51,0
DA:58,0
DA:61,0
DA:62,0
DA:63,0
DA:64,0
DA:66,0
DA:67,0
DA:68,0
DA:72,0
DA:78,0
DA:79,0
DA:85,0
DA:88,0
DA:89,0
DA:97,0
DA:103,0
DA:106,0
DA:107,0
DA:112,0
DA:113,0
DA:114,0
DA:119,0
DA:123,0
DA:130,0
DA:131,0
DA:132,0
LF:38
LH:0
BRDA:14,0,0,0
BRDA:14,0,1,0
BRDA:14,0,2,0
BRDA:24,1,0,0
BRDA:24,1,1,0
BRDA:24,2,0,0
BRDA:24,2,1,0
BRDA:27,3,0,0
BRDA:27,3,1,0
BRDA:37,4,0,0
BRDA:37,4,1,0
BRDA:63,5,0,0
BRDA:63,5,1,0
BRDA:67,6,0,0
BRDA:67,6,1,0
BRDA:68,7,0,0
BRDA:68,7,1,0
BRDA:78,8,0,0
BRDA:78,8,1,0
BRDA:78,9,0,0
BRDA:78,9,1,0
BRDA:88,10,0,0
BRDA:88,10,1,0
BRDA:88,11,0,0
BRDA:88,11,1,0
BRDA:107,12,0,0
BRDA:107,12,1,0
BRDA:108,13,0,0
BRDA:108,13,1,0
BRDA:108,13,2,0
BRDA:130,14,0,0
BRDA:130,14,1,0
BRF:32
BRH:0
end_of_record
TN:
SF:/Users/camuglianatacha/Documents/LP DQL/ptut/cho7/cho7/client/src/setupTests.js
FNF:0
FNH:0
DA:7,2
LF:1
LH:1
BRF:0
BRH:0
end_of_record
TN:
SF:/Users/camuglianatacha/Documents/LP DQL/ptut/cho7/cho7/client/src/components/atoms/AddButton.js
FNF:0
FNH:0
DA:3,1
LF:1
LH:1
BRF:0
BRH:0
end_of_record
TN:
SF:/Users/camuglianatacha/Documents/LP DQL/ptut/cho7/cho7/client/src/components/atoms/Banniere.js
FNF:0
FNH:0
DA:3,1
LF:1
LH:1
BRF:0
BRH:0
end_of_record
TN:
SF:/Users/camuglianatacha/Documents/LP DQL/ptut/cho7/cho7/client/src/components/atoms/FieldConnection.js
FNF:0
FNH:0
DA:3,1
LF:1
LH:1
BRF:0
BRH:0
end_of_record
TN:
SF:/Users/camuglianatacha/Documents/LP DQL/ptut/cho7/cho7/client/src/components/atoms/FieldDescription.js
FNF:0
FNH:0
DA:1,0
DA:3,0
LF:2
LH:0
BRF:0
BRH:0
end_of_record
TN:
SF:/Users/camuglianatacha/Documents/LP DQL/ptut/cho7/cho7/client/src/components/atoms/InputBase.js
FNF:0
FNH:0
DA:3,1
LF:1
LH:1
BRF:0
BRH:0
end_of_record
TN:
SF:/Users/camuglianatacha/Documents/LP DQL/ptut/cho7/cho7/client/src/components/atoms/Label.js
FN:4,(anonymous_0)
FNF:1
FNH:0
FNDA:0,(anonymous_0)
DA:3,1
DA:4,0
LF:2
LH:1
BRDA:4,0,0,0
BRDA:4,0,1,0
BRF:2
BRH:0
end_of_record
TN:
SF:/Users/camuglianatacha/Documents/LP DQL/ptut/cho7/cho7/client/src/components/atoms/LabelConnection.js
FNF:0
FNH:0
DA:1,0
DA:3,0
LF:2
LH:0
BRF:0
BRH:0
end_of_record
TN:
SF:/Users/camuglianatacha/Documents/LP DQL/ptut/cho7/cho7/client/src/components/atoms/LabelDescription.js
FNF:0
FNH:0
DA:1,0
DA:3,0
LF:2
LH:0
BRF:0
BRH:0
end_of_record
TN:
SF:/Users/camuglianatacha/Documents/LP DQL/ptut/cho7/cho7/client/src/components/atoms/Logo.jsx
FNF:0
FNH:0
DA:3,1
LF:1
LH:1
BRF:0
BRH:0
end_of_record
TN:
SF:/Users/camuglianatacha/Documents/LP DQL/ptut/cho7/cho7/client/src/components/atoms/SiteTitle.js
FNF:0
FNH:0
DA:3,1
LF:1
LH:1
BRF:0
BRH:0
end_of_record
TN:
SF:/Users/camuglianatacha/Documents/LP DQL/ptut/cho7/cho7/client/src/components/atoms/TextareaBase.js
FNF:0
FNH:0
DA:3,1
LF:1
LH:1
BRF:0
BRH:0
end_of_record
TN:
SF:/Users/camuglianatacha/Documents/LP DQL/ptut/cho7/cho7/client/src/components/atoms/Button/Button.js
FN:4,(anonymous_0)
FN:5,(anonymous_1)
FN:10,(anonymous_2)
FNF:3
FNH:3
FNDA:5,(anonymous_0)
FNDA:5,(anonymous_1)
FNDA:5,(anonymous_2)
DA:3,2
DA:4,5
DA:5,5
DA:10,5
LF:4
LH:4
BRDA:5,0,0,5
BRDA:5,0,1,5
BRDA:10,1,0,5
BRDA:10,1,1,4
BRF:4
BRH:4
end_of_record
TN:
SF:/Users/camuglianatacha/Documents/LP DQL/ptut/cho7/cho7/client/src/components/molecules/Authentification.jsx
FN:26,(anonymous_0)
FN:32,(anonymous_1)
FN:40,(anonymous_2)
FNF:3
FNH:0
FNDA:0,(anonymous_0)
FNDA:0,(anonymous_1)
FNDA:0,(anonymous_2)
DA:6,1
DA:11,1
DA:16,1
DA:27,0
DA:32,0
DA:40,0
LF:6
LH:3
BRF:0
BRH:0
end_of_record
TN:
SF:/Users/camuglianatacha/Documents/LP DQL/ptut/cho7/cho7/client/src/components/molecules/Avatar.jsx
FN:5,(anonymous_0)
FN:6,(anonymous_1)
FNF:2
FNH:2
FNDA:1,(anonymous_0)
FNDA:1,(anonymous_1)
DA:3,1
DA:5,1
DA:6,1
LF:3
LH:3
BRDA:5,0,0,1
BRDA:5,0,1,1
BRDA:6,1,0,1
BRDA:6,1,1,1
BRF:4
BRH:4
end_of_record
TN:
SF:/Users/camuglianatacha/Documents/LP DQL/ptut/cho7/cho7/client/src/components/molecules/BarreMenu.js
FN:30,(anonymous_0)
FN:34,(anonymous_1)
FNF:2
FNH:2
FNDA:1,(anonymous_0)
FNDA:1,(anonymous_1)
DA:9,1
DA:18,1
DA:31,1
DA:39,1
DA:40,1
DA:43,0
DA:44,0
DA:48,1
DA:49,0
DA:52,1
LF:10
LH:7
BRDA:39,0,0,1
BRDA:39,0,1,0
BRDA:48,1,0,0
BRDA:48,1,1,1
BRF:4
BRH:2
end_of_record
TN:
SF:/Users/camuglianatacha/Documents/LP DQL/ptut/cho7/cho7/client/src/components/molecules/Creation.jsx
FN:24,(anonymous_0)
FN:28,(anonymous_1)
FNF:2
FNH:0
FNDA:0,(anonymous_0)
FNDA:0,(anonymous_1)
DA:5,1
DA:14,1
DA:25,0
DA:29,0
DA:31,0
DA:32,0
DA:49,0
LF:7
LH:2
BRDA:31,0,0,0
BRDA:31,0,1,0
BRF:2
BRH:0
end_of_record
TN:
SF:/Users/camuglianatacha/Documents/LP DQL/ptut/cho7/cho7/client/src/components/molecules/LabelInput.js
FN:14,(anonymous_0)
FNF:1
FNH:0
FNDA:0,(anonymous_0)
DA:6,1
DA:15,0
LF:2
LH:1
BRF:0
BRH:0
end_of_record
TN:
SF:/Users/camuglianatacha/Documents/LP DQL/ptut/cho7/cho7/client/src/components/molecules/LabelInputRange.js
FN:10,(anonymous_0)
FNF:1
FNH:0
FNDA:0,(anonymous_0)
DA:5,1
DA:11,0
LF:2
LH:1
BRF:0
BRH:0
end_of_record
TN:
SF:/Users/camuglianatacha/Documents/LP DQL/ptut/cho7/cho7/client/src/components/molecules/LabelTextarea.js
FN:14,(anonymous_0)
FNF:1
FNH:0
FNDA:0,(anonymous_0)
DA:6,1
DA:15,0
LF:2
LH:1
BRF:0
BRH:0
end_of_record
TN:
SF:/Users/camuglianatacha/Documents/LP DQL/ptut/cho7/cho7/client/src/components/molecules/MainContainer.js
FN:11,(anonymous_0)
FNF:1
FNH:1
FNDA:1,(anonymous_0)
DA:4,1
DA:12,1
LF:2
LH:2
BRF:0
BRH:0
end_of_record
TN:
SF:/Users/camuglianatacha/Documents/LP DQL/ptut/cho7/cho7/client/src/components/organisms/ConnectionForm.jsx
FN:29,(anonymous_0)
FN:30,(anonymous_1)
FN:32,(anonymous_2)
FN:41,(anonymous_3)
FNF:4
FNH:0
FNDA:0,(anonymous_0)
FNDA:0,(anonymous_1)
FNDA:0,(anonymous_2)
FNDA:0,(anonymous_3)
DA:9,1
DA:13,1
DA:17,1
DA:29,0
DA:30,0
DA:33,0
DA:34,0
DA:36,0
DA:37,0
DA:42,0
DA:43,0
DA:44,0
DA:46,0
LF:13
LH:3
BRDA:33,0,0,0
BRDA:33,0,1,0
BRDA:43,1,0,0
BRDA:43,1,1,0
BRF:4
BRH:0
end_of_record
TN:
SF:/Users/camuglianatacha/Documents/LP DQL/ptut/cho7/cho7/client/src/components/organisms/CreationsInProgress.jsx
FN:8,(anonymous_0)
FN:12,(anonymous_1)
FN:20,(anonymous_2)
FNF:3
FNH:0
FNDA:0,(anonymous_0)
FNDA:0,(anonymous_1)
FNDA:0,(anonymous_2)
DA:9,0
DA:13,0
DA:21,0
LF:3
LH:0
BRF:0
BRH:0
end_of_record
TN:
SF:/Users/camuglianatacha/Documents/LP DQL/ptut/cho7/cho7/client/src/components/organisms/FooterTemplate.jsx
FN:19,(anonymous_0)
FNF:1
FNH:1
FNDA:1,(anonymous_0)
DA:4,1
DA:20,1
LF:2
LH:2
BRF:0
BRH:0
end_of_record
TN:
SF:/Users/camuglianatacha/Documents/LP DQL/ptut/cho7/cho7/client/src/components/organisms/HeaderTemplate.jsx
FN:8,(anonymous_0)
FNF:1
FNH:1
FNDA:1,(anonymous_0)
DA:9,1
LF:1
LH:1
BRF:0
BRH:0
end_of_record
TN:
SF:/Users/camuglianatacha/Documents/LP DQL/ptut/cho7/cho7/client/src/components/organisms/InputAddButton.js
FN:7,(anonymous_0)
FN:15,(anonymous_1)
FN:22,(anonymous_2)
FN:29,(anonymous_3)
FN:35,(anonymous_4)
FN:38,(anonymous_5)
FNF:6
FNH:0
FNDA:0,(anonymous_0)
FNDA:0,(anonymous_1)
FNDA:0,(anonymous_2)
FNDA:0,(anonymous_3)
FNDA:0,(anonymous_4)
FNDA:0,(anonymous_5)
DA:8,0
DA:9,0
DA:12,0
DA:16,0
DA:17,0
DA:18,0
DA:19,0
DA:23,0
DA:24,0
DA:25,0
DA:26,0
DA:30,0
DA:36,0
DA:38,0
LF:14
LH:0
BRF:0
BRH:0
end_of_record
TN:
SF:/Users/camuglianatacha/Documents/LP DQL/ptut/cho7/cho7/client/src/components/organisms/NewsFeed.jsx
FN:24,(anonymous_0)
FN:28,(anonymous_1)
FN:33,(anonymous_2)
FNF:3
FNH:2
FNDA:1,(anonymous_0)
FNDA:1,(anonymous_1)
FNDA:0,(anonymous_2)
DA:7,1
DA:13,1
DA:25,1
DA:29,1
DA:34,0
LF:5
LH:4
BRF:0
BRH:0
end_of_record
TN:
SF:/Users/camuglianatacha/Documents/LP DQL/ptut/cho7/cho7/client/src/components/organisms/Profile.jsx
FN:33,(anonymous_0)
FN:38,(anonymous_1)
FNF:2
FNH:2
FNDA:1,(anonymous_0)
FNDA:1,(anonymous_1)
DA:7,1
DA:15,1
DA:34,1
DA:40,1
LF:4
LH:4
BRF:0
BRH:0
end_of_record
TN:
SF:/Users/camuglianatacha/Documents/LP DQL/ptut/cho7/cho7/client/src/components/organisms/Projet.jsx
FN:29,(anonymous_0)
FN:33,(anonymous_1)
FN:38,(anonymous_2)
FN:42,(anonymous_3)
FN:45,(anonymous_4)
FNF:5
FNH:2
FNDA:1,(anonymous_0)
FNDA:0,(anonymous_1)
FNDA:1,(anonymous_2)
FNDA:0,(anonymous_3)
FNDA:0,(anonymous_4)
DA:6,1
DA:12,1
DA:21,1
DA:30,1
DA:34,0
DA:35,0
DA:39,1
DA:43,0
DA:46,0
LF:9
LH:5
BRF:0
BRH:0
end_of_record
TN:
SF:/Users/camuglianatacha/Documents/LP DQL/ptut/cho7/cho7/client/src/components/organisms/UpdateCreationForm.jsx
FN:29,(anonymous_0)
FN:33,(anonymous_1)
FN:40,(anonymous_2)
FNF:3
FNH:0
FNDA:0,(anonymous_0)
FNDA:0,(anonymous_1)
FNDA:0,(anonymous_2)
DA:10,1
DA:18,1
DA:22,1
DA:30,0
DA:34,0
DA:41,0
LF:6
LH:3
BRF:0
BRH:0
end_of_record
TN:
SF:/Users/camuglianatacha/Documents/LP DQL/ptut/cho7/cho7/client/src/components/organisms/UploadForm.jsx
FN:23,(anonymous_0)
FNF:1
FNH:0
FNDA:0,(anonymous_0)
DA:9,1
DA:17,1
DA:24,0
LF:3
LH:2
BRF:0
BRH:0
end_of_record
TN:
SF:/Users/camuglianatacha/Documents/LP DQL/ptut/cho7/cho7/client/src/components/pages/AccueilPage.jsx
FN:15,(anonymous_0)
FNF:1
FNH:1
FNDA:1,(anonymous_0)
DA:8,1
DA:15,1
DA:16,1
LF:3
LH:3
BRF:0
BRH:0
end_of_record
TN:
SF:/Users/camuglianatacha/Documents/LP DQL/ptut/cho7/cho7/client/src/components/pages/ConnectionPage.jsx
FN:29,(anonymous_0)
FN:34,(anonymous_1)
FNF:2
FNH:0
FNDA:0,(anonymous_0)
FNDA:0,(anonymous_1)
DA:10,1
DA:19,1
DA:30,0
DA:31,0
DA:35,0
DA:36,0
DA:38,0
LF:7
LH:2
BRDA:35,0,0,0
BRDA:35,0,1,0
BRF:2
BRH:0
end_of_record
TN:
SF:/Users/camuglianatacha/Documents/LP DQL/ptut/cho7/cho7/client/src/components/pages/MesCreationsPage.jsx
FN:17,(anonymous_0)
FN:23,(anonymous_1)
FNF:2
FNH:0
FNDA:0,(anonymous_0)
FNDA:0,(anonymous_1)
DA:8,1
DA:18,0
DA:19,0
DA:20,0
DA:24,0
DA:25,0
DA:38,0
DA:39,0
DA:40,0
LF:9
LH:1
BRDA:24,0,0,0
BRDA:24,0,1,0
BRDA:38,1,0,0
BRDA:38,1,1,0
BRF:4
BRH:0
end_of_record
TN:
SF:/Users/camuglianatacha/Documents/LP DQL/ptut/cho7/cho7/client/src/components/pages/RenseignerProfilPage.jsx
FN:53,(anonymous_0)
FN:60,(anonymous_1)
FN:71,(anonymous_2)
FNF:3
FNH:0
FNDA:0,(anonymous_0)
FNDA:0,(anonymous_1)
FNDA:0,(anonymous_2)
DA:13,1
DA:21,1
DA:29,1
DA:37,1
DA:54,0
DA:55,0
DA:56,0
DA:57,0
DA:61,0
DA:62,0
DA:71,0
DA:86,0
DA:87,0
DA:88,0
LF:14
LH:4
BRDA:61,0,0,0
BRDA:61,0,1,0
BRDA:86,1,0,0
BRDA:86,1,1,0
BRF:4
BRH:0
end_of_record
TN:
SF:/Users/camuglianatacha/Documents/LP DQL/ptut/cho7/cho7/client/src/components/pages/Template.jsx
FN:20,(anonymous_0)
FNF:1
FNH:1
FNDA:1,(anonymous_0)
DA:6,1
DA:12,1
DA:21,1
LF:3
LH:3
BRF:0
BRH:0
end_of_record
TN:
SF:/Users/camuglianatacha/Documents/LP DQL/ptut/cho7/cho7/client/src/components/pages/UpdateCreationPage.jsx
FN:13,(anonymous_0)
FN:20,(anonymous_1)
FN:26,(anonymous_2)
FNF:3
FNH:0
FNDA:0,(anonymous_0)
FNDA:0,(anonymous_1)
FNDA:0,(anonymous_2)
DA:8,1
DA:14,0
DA:15,0
DA:16,0
DA:17,0
DA:21,0
DA:22,0
DA:27,0
DA:34,0
DA:35,0
DA:36,0
LF:11
LH:1
BRDA:21,0,0,0
BRDA:21,0,1,0
BRDA:34,1,0,0
BRDA:34,1,1,0
BRF:4
BRH:0
end_of_record
TN:
SF:/Users/camuglianatacha/Documents/LP DQL/ptut/cho7/cho7/client/src/components/pages/UploadPage.jsx
FN:15,(anonymous_0)
FN:21,(anonymous_1)
FNF:2
FNH:0
FNDA:0,(anonymous_0)
FNDA:0,(anonymous_1)
DA:8,1
DA:16,0
DA:17,0
DA:18,0
DA:22,0
DA:23,0
DA:33,0
DA:34,0
DA:35,0
LF:9
LH:1
BRDA:22,0,0,0
BRDA:22,0,1,0
BRDA:33,1,0,0
BRDA:33,1,1,0
BRF:4
BRH:0
end_of_record
TN:
SF:/Users/camuglianatacha/Documents/LP DQL/ptut/cho7/cho7/client/src/modules/auth.js
FN:5,(anonymous_0)
FN:8,(anonymous_1)
FN:15,(anonymous_2)
FN:20,(anonymous_3)
FN:21,(anonymous_4)
FN:24,(anonymous_5)
FN:29,(anonymous_6)
FN:30,(anonymous_7)
FN:33,(anonymous_8)
FN:38,(anonymous_9)
FN:39,(anonymous_10)
FN:42,(anonymous_11)
FN:47,(anonymous_12)
FN:48,(anonymous_13)
FN:51,(anonymous_14)
FN:56,(anonymous_15)
FN:57,(anonymous_16)
FN:60,(anonymous_17)
FN:65,(anonymous_18)
FN:66,(anonymous_19)
FN:69,(anonymous_20)
FN:74,(anonymous_21)
FN:75,(anonymous_22)
FN:78,(anonymous_23)
FN:83,(anonymous_24)
FN:84,(anonymous_25)
FN:87,(anonymous_26)
FN:92,(anonymous_27)
FN:93,(anonymous_28)
FN:96,(anonymous_29)
FN:105,(anonymous_30)
FN:110,(anonymous_31)
FN:111,(anonymous_32)
FN:114,(anonymous_33)
FNF:34
FNH:4
FNDA:0,(anonymous_0)
FNDA:0,(anonymous_1)
FNDA:0,(anonymous_2)
FNDA:0,(anonymous_3)
FNDA:0,(anonymous_4)
FNDA:0,(anonymous_5)
FNDA:1,(anonymous_6)
FNDA:0,(anonymous_7)
FNDA:0,(anonymous_8)
FNDA:0,(anonymous_9)
FNDA:0,(anonymous_10)
FNDA:0,(anonymous_11)
FNDA:1,(anonymous_12)
FNDA:0,(anonymous_13)
FNDA:0,(anonymous_14)
FNDA:0,(anonymous_15)
FNDA:0,(anonymous_16)
FNDA:0,(anonymous_17)
FNDA:0,(anonymous_18)
FNDA:0,(anonymous_19)
FNDA:0,(anonymous_20)
FNDA:1,(anonymous_21)
FNDA:0,(anonymous_22)
FNDA:0,(anonymous_23)
FNDA:0,(anonymous_24)
FNDA:0,(anonymous_25)
FNDA:0,(anonymous_26)
FNDA:1,(anonymous_27)
FNDA:0,(anonymous_28)
FNDA:0,(anonymous_29)
FNDA:0,(anonymous_30)
FNDA:0,(anonymous_31)
FNDA:0,(anonymous_32)
FNDA:0,(anonymous_33)
DA:5,1
DA:9,0
DA:10,0
DA:11,0
DA:12,0
DA:14,0
DA:16,0
DA:17,0
DA:20,1
DA:22,0
DA:23,0
DA:25,0
DA:26,0
DA:29,1
DA:31,0
DA:32,0
DA:34,0
DA:35,0
DA:38,1
DA:40,0
DA:41,0
DA:43,0
DA:44,0
DA:47,1
DA:49,0
DA:50,0
DA:52,0
DA:53,0
DA:56,1
DA:58,0
DA:59,0
DA:61,0
DA:62,0
DA:65,1
DA:67,0
DA:68,0
DA:70,0
DA:71,0
DA:74,1
DA:76,0
DA:77,0
DA:79,0
DA:80,0
DA:83,1
DA:85,0
DA:86,0
DA:88,0
DA:89,0
DA:92,1
DA:94,0
DA:96,0
DA:97,0
DA:98,0
DA:99,0
DA:100,0
DA:101,0
DA:103,0
DA:104,0
DA:106,0
DA:107,0
DA:110,1
DA:112,0
DA:113,0
DA:115,0
DA:116,0
LF:65
LH:11
BRDA:10,0,0,0
BRDA:10,0,1,0
BRDA:10,1,0,0
BRDA:10,1,1,0
BRF:4
BRH:0
end_of_record
TN:
SF:/Users/camuglianatacha/Documents/LP DQL/ptut/cho7/cho7/client/src/stories/index.js
FN:21,(anonymous_0)
FN:27,(anonymous_1)
FN:38,(anonymous_2)
FN:46,(anonymous_3)
FN:52,(anonymous_4)
FN:55,(anonymous_5)
FN:59,(anonymous_6)
FN:65,(anonymous_7)
FN:71,(anonymous_8)
FN:77,(anonymous_9)
FN:87,(anonymous_10)
FN:89,(anonymous_11)
FN:103,(anonymous_12)
FN:108,(anonymous_13)
FN:111,(anonymous_14)
FNF:15
FNH:0
FNDA:0,(anonymous_0)
FNDA:0,(anonymous_1)
FNDA:0,(anonymous_2)
FNDA:0,(anonymous_3)
FNDA:0,(anonymous_4)
FNDA:0,(anonymous_5)
FNDA:0,(anonymous_6)
FNDA:0,(anonymous_7)
FNDA:0,(anonymous_8)
FNDA:0,(anonymous_9)
FNDA:0,(anonymous_10)
FNDA:0,(anonymous_11)
FNDA:0,(anonymous_12)
FNDA:0,(anonymous_13)
FNDA:0,(anonymous_14)
DA:1,0
DA:2,0
DA:3,0
DA:4,0
DA:5,0
DA:6,0
DA:7,0
DA:8,0
DA:9,0
DA:10,0
DA:11,0
DA:12,0
DA:13,0
DA:14,0
DA:15,0
DA:16,0
DA:17,0
DA:18,0
DA:19,0
DA:21,0
DA:22,0
DA:25,0
DA:26,0
DA:27,0
DA:28,0
DA:36,0
DA:37,0
DA:38,0
DA:39,0
DA:44,0
DA:47,0
DA:52,0
DA:54,0
DA:55,0
DA:57,0
DA:58,0
DA:59,0
DA:60,0
DA:63,0
DA:64,0
DA:65,0
DA:66,0
DA:69,0
DA:70,0
DA:71,0
DA:72,0
DA:75,0
DA:76,0
DA:77,0
DA:78,0
DA:85,0
DA:86,0
DA:87,0
DA:88,0
DA:89,0
DA:91,0
DA:92,0
DA:102,0
DA:103,0
DA:104,0
DA:107,0
DA:108,0
DA:110,0
DA:111,0
LF:64
LH:0
BRF:0
BRH:0
end_of_record
